cuda:1
N is 400
number of data pairs y = 4000
number of data pairs y1 = 400
number of data pairs ytest = 4000
Epoch [1/450001], Loss: 2904.5205078125
total time is  0
Epoch [10001/450001], Loss: 656.182861328125
total time is  51.41377067565918
Epoch [20001/450001], Loss: 361.55914306640625
total time is  102.34638738632202
Epoch [30001/450001], Loss: 207.7905731201172
total time is  153.08160519599915
Epoch [40001/450001], Loss: 134.5113983154297
total time is  204.07591199874878
Epoch [50001/450001], Loss: 103.43009948730469
total time is  254.76289892196655
Epoch [60001/450001], Loss: 82.36864471435547
total time is  305.3554449081421
Epoch [70001/450001], Loss: 66.2833251953125
total time is  356.1684715747833
Epoch [80001/450001], Loss: 53.21562194824219
total time is  406.8759751319885
Epoch [90001/450001], Loss: 42.42448425292969
total time is  457.7100405693054
Epoch [100001/450001], Loss: 33.530818939208984
total time is  508.394033908844
Epoch [110001/450001], Loss: 26.446474075317383
total time is  559.2868971824646
Epoch [120001/450001], Loss: 21.219127655029297
total time is  610.0924828052521
Epoch [130001/450001], Loss: 17.42854118347168
total time is  660.9018800258636
Epoch [140001/450001], Loss: 14.521058082580566
total time is  711.7104897499084
Epoch [150001/450001], Loss: 12.082649230957031
total time is  762.2571682929993
Epoch [160001/450001], Loss: 9.98259449005127
total time is  813.1432726383209
Epoch [170001/450001], Loss: 8.197726249694824
total time is  863.8255622386932
Epoch [180001/450001], Loss: 6.72397518157959
total time is  914.6230189800262
Epoch [190001/450001], Loss: 5.531810283660889
total time is  965.0963642597198
Epoch [200001/450001], Loss: 4.664092540740967
total time is  1015.8397624492645
Epoch [210001/450001], Loss: 4.068654537200928
total time is  1066.5161471366882
Epoch [220001/450001], Loss: 3.711460828781128
total time is  1117.5450019836426
Epoch [230001/450001], Loss: 3.4510626792907715
total time is  1168.398910522461
Epoch [240001/450001], Loss: 3.2683887481689453
total time is  1219.2065949440002
Epoch [250001/450001], Loss: 3.1255950927734375
total time is  1269.8842992782593
Epoch [260001/450001], Loss: 2.984070301055908
total time is  1320.935771226883
Epoch [270001/450001], Loss: 2.8537161350250244
total time is  1371.7171475887299
Epoch [280001/450001], Loss: 2.7547154426574707
total time is  1422.4532301425934
Epoch [290001/450001], Loss: 2.6660208702087402
total time is  1473.4209773540497
Epoch [300001/450001], Loss: 2.5849602222442627
total time is  1524.4402356147766
Epoch [310001/450001], Loss: 2.5117645263671875
total time is  1575.3806459903717
Epoch [320001/450001], Loss: 2.4490268230438232
total time is  1626.2715826034546
Epoch [330001/450001], Loss: 2.3910281658172607
total time is  1677.093966960907
Epoch [340001/450001], Loss: 2.335385799407959
total time is  1728.2058446407318
Epoch [350001/450001], Loss: 2.281593084335327
total time is  1779.1933329105377
Epoch [360001/450001], Loss: 2.228733777999878
total time is  1830.1020572185516
Epoch [370001/450001], Loss: 2.1773362159729004
total time is  1881.2548933029175
Epoch [380001/450001], Loss: 2.126936912536621
total time is  1932.4781827926636
Epoch [390001/450001], Loss: 2.077702760696411
total time is  1983.660888671875
Epoch [400001/450001], Loss: 2.0285563468933105
total time is  2034.9512434005737
Epoch [410001/450001], Loss: 1.9800968170166016
total time is  2085.7325842380524
Epoch [420001/450001], Loss: 1.932167887687683
total time is  2137.137849330902
Epoch [430001/450001], Loss: 1.8849644660949707
total time is  2188.4458141326904
Epoch [440001/450001], Loss: 1.8383746147155762
total time is  2239.4047887325287
Epoch [450001/450001], Loss: 1.7928497791290283
total time is  2290.6242718696594
Epoch [1/950001], Loss: 1.7928030490875244
total time is  2291.3814265727997
Epoch [10001/950001], Loss: 1.7868626117706299
total time is  2342.390914916992
Epoch [20001/950001], Loss: 1.780690312385559
total time is  2393.7820303440094
Epoch [30001/950001], Loss: 1.7746952772140503
total time is  2445.0901601314545
Epoch [40001/950001], Loss: 1.7688578367233276
total time is  2496.5386543273926
Epoch [50001/950001], Loss: 1.7629177570343018
total time is  2547.9665009975433
Epoch [60001/950001], Loss: 1.757234811782837
total time is  2599.4166395664215
Epoch [70001/950001], Loss: 1.7510970830917358
total time is  2650.8777780532837
Epoch [80001/950001], Loss: 1.7455146312713623
total time is  2702.2694029808044
Epoch [90001/950001], Loss: 1.7397879362106323
total time is  2753.391949415207
Epoch [100001/950001], Loss: 1.7339059114456177
total time is  2804.8701515197754
Epoch [110001/950001], Loss: 1.7284107208251953
total time is  2856.482674598694
Epoch [120001/950001], Loss: 1.7227587699890137
total time is  2907.9517011642456
Epoch [130001/950001], Loss: 1.7171396017074585
total time is  2959.296891450882
Epoch [140001/950001], Loss: 1.7116631269454956
total time is  3011.040812730789
Epoch [150001/950001], Loss: 1.7060993909835815
total time is  3062.231777906418
Epoch [160001/950001], Loss: 1.7006213665008545
total time is  3113.720879793167
Epoch [170001/950001], Loss: 1.6950520277023315
total time is  3165.32967877388
Epoch [180001/950001], Loss: 1.6895642280578613
total time is  3216.4500257968903
Epoch [190001/950001], Loss: 1.6841847896575928
total time is  3268.1008315086365
Epoch [200001/950001], Loss: 1.6788209676742554
total time is  3319.6613585948944
Epoch [210001/950001], Loss: 1.6732831001281738
total time is  3371.178303718567
Epoch [220001/950001], Loss: 1.6680306196212769
total time is  3422.458359479904
Epoch [230001/950001], Loss: 1.6627217531204224
total time is  3474.1629111766815
Epoch [240001/950001], Loss: 1.6573468446731567
total time is  3525.763654232025
Epoch [250001/950001], Loss: 1.6521224975585938
total time is  3577.1116013526917
Epoch [260001/950001], Loss: 1.6466981172561646
total time is  3628.6162145137787
Epoch [270001/950001], Loss: 1.6412363052368164
total time is  3680.4887504577637
Epoch [280001/950001], Loss: 1.6360762119293213
total time is  3732.2184882164
Epoch [290001/950001], Loss: 1.630619764328003
total time is  3783.599769592285
Epoch [300001/950001], Loss: 1.6253591775894165
total time is  3835.714424610138
Epoch [310001/950001], Loss: 1.6200518608093262
total time is  3887.7057814598083
Epoch [320001/950001], Loss: 1.6146588325500488
total time is  3939.624310731888
Epoch [330001/950001], Loss: 1.6093266010284424
total time is  3991.6099326610565
Epoch [340001/950001], Loss: 1.6041322946548462
total time is  4043.78843998909
Epoch [350001/950001], Loss: 1.598878026008606
total time is  4095.477614402771
Epoch [360001/950001], Loss: 1.5937286615371704
total time is  4147.37410569191
Epoch [370001/950001], Loss: 1.5887030363082886
total time is  4198.996784448624
Epoch [380001/950001], Loss: 1.5834054946899414
total time is  4250.8984479904175
Epoch [390001/950001], Loss: 1.5782488584518433
total time is  4303.027212142944
Epoch [400001/950001], Loss: 1.5732240676879883
total time is  4354.661862373352
Epoch [410001/950001], Loss: 1.5682075023651123
total time is  4406.756441354752
Epoch [420001/950001], Loss: 1.5631906986236572
total time is  4458.826054096222
Epoch [430001/950001], Loss: 1.558180809020996
total time is  4510.798501729965
Epoch [440001/950001], Loss: 1.5533881187438965
total time is  4562.903227329254
Epoch [450001/950001], Loss: 1.5482906103134155
total time is  4614.7139728069305
Epoch [460001/950001], Loss: 1.5432664155960083
total time is  4666.798943042755
Epoch [470001/950001], Loss: 1.538594365119934
total time is  4719.08917427063
Epoch [480001/950001], Loss: 1.5337072610855103
total time is  4771.4652218818665
Epoch [490001/950001], Loss: 1.5290457010269165
total time is  4823.862902402878
Epoch [500001/950001], Loss: 1.5243279933929443
total time is  4876.468634128571
Epoch [510001/950001], Loss: 1.5195059776306152
total time is  4928.768813610077
Epoch [520001/950001], Loss: 1.5148890018463135
total time is  4981.051250457764
Epoch [530001/950001], Loss: 1.5102415084838867
total time is  5033.5235760211945
Epoch [540001/950001], Loss: 1.505627989768982
total time is  5085.929605484009
Epoch [550001/950001], Loss: 1.5011273622512817
total time is  5138.173440217972
Epoch [560001/950001], Loss: 1.496573805809021
total time is  5190.569875001907
Epoch [570001/950001], Loss: 1.4918805360794067
total time is  5242.732342481613
Epoch [580001/950001], Loss: 1.487591028213501
total time is  5294.972411870956
Epoch [590001/950001], Loss: 1.4828603267669678
total time is  5347.782226800919
Epoch [600001/950001], Loss: 1.4787131547927856
total time is  5400.181914806366
Epoch [610001/950001], Loss: 1.4739843606948853
total time is  5452.507036209106
Epoch [620001/950001], Loss: 1.4700031280517578
total time is  5505.070314407349
Epoch [630001/950001], Loss: 1.4655579328536987
total time is  5557.573903083801
Epoch [640001/950001], Loss: 1.461188554763794
total time is  5609.773285150528
Epoch [650001/950001], Loss: 1.456874132156372
total time is  5661.7426698207855
Epoch [660001/950001], Loss: 1.4528331756591797
total time is  5714.141756772995
Epoch [670001/950001], Loss: 1.4485868215560913
total time is  5767.083513021469
Epoch [680001/950001], Loss: 1.4445326328277588
total time is  5819.545390129089
Epoch [690001/950001], Loss: 1.440260648727417
total time is  5872.655582666397
Epoch [700001/950001], Loss: 1.4362852573394775
total time is  5925.176722764969
Epoch [710001/950001], Loss: 1.4323347806930542
total time is  5978.177698373795
Epoch [720001/950001], Loss: 1.4282952547073364
total time is  6031.142404317856
Epoch [730001/950001], Loss: 1.4242886304855347
total time is  6084.226186990738
Epoch [740001/950001], Loss: 1.4207468032836914
total time is  6136.829111099243
Epoch [750001/950001], Loss: 1.4166477918624878
total time is  6189.428857564926
Epoch [760001/950001], Loss: 1.4127933979034424
total time is  6242.198182582855
Epoch [770001/950001], Loss: 1.4089711904525757
total time is  6295.337922096252
Epoch [780001/950001], Loss: 1.4053363800048828
total time is  6346.39892911911
Epoch [790001/950001], Loss: 1.4015045166015625
total time is  6399.396024942398
Epoch [800001/950001], Loss: 1.3977794647216797
total time is  6452.197929382324
Epoch [810001/950001], Loss: 1.394086480140686
total time is  6505.304368495941
Epoch [820001/950001], Loss: 1.3906371593475342
total time is  6558.496147632599
Epoch [830001/950001], Loss: 1.3870562314987183
total time is  6611.463621854782
Epoch [840001/950001], Loss: 1.3836942911148071
total time is  6664.916831254959
Epoch [850001/950001], Loss: 1.3801864385604858
total time is  6718.307901382446
Epoch [860001/950001], Loss: 1.3766952753067017
total time is  6771.241160869598
Epoch [870001/950001], Loss: 1.373332142829895
total time is  6824.6234765052795
Epoch [880001/950001], Loss: 1.3699193000793457
total time is  6876.985612869263
Epoch [890001/950001], Loss: 1.3666473627090454
total time is  6930.23187994957
Epoch [900001/950001], Loss: 1.363240122795105
total time is  6983.284131765366
Epoch [910001/950001], Loss: 1.3600157499313354
total time is  7036.705156803131
Epoch [920001/950001], Loss: 1.356933832168579
total time is  7089.833832740784
Epoch [930001/950001], Loss: 1.353627324104309
total time is  7143.352093458176
Epoch [940001/950001], Loss: 1.3501662015914917
total time is  7196.908674478531
Epoch [950001/950001], Loss: 1.3471611738204956
total time is  7250.410131692886
Epoch [1/300000001], Loss: 1.346973180770874
total time is  7253.290399074554
Epoch [10001/300000001], Loss: 1.3467903137207031
total time is  7306.426306247711
Epoch [20001/300000001], Loss: 1.346621036529541
total time is  7359.996797323227
Epoch [30001/300000001], Loss: 1.3463964462280273
total time is  7413.492939710617
Epoch [40001/300000001], Loss: 1.3462262153625488
total time is  7467.155480384827
Epoch [50001/300000001], Loss: 1.3459362983703613
total time is  7520.011868238449
Epoch [60001/300000001], Loss: 1.3457368612289429
total time is  7573.566926002502
Epoch [70001/300000001], Loss: 1.3456937074661255
total time is  7627.541794538498
Epoch [80001/300000001], Loss: 1.3452913761138916
total time is  7681.169830799103
Epoch [90001/300000001], Loss: 1.3452198505401611
total time is  7734.842666625977
Epoch [100001/300000001], Loss: 1.3449058532714844
total time is  7788.727696180344
Epoch [110001/300000001], Loss: 1.3446534872055054
total time is  7842.287588119507
Epoch [120001/300000001], Loss: 1.3445371389389038
total time is  7895.4738676548
Epoch [130001/300000001], Loss: 1.3442903757095337
total time is  7949.217725038528
Epoch [140001/300000001], Loss: 1.3442703485488892
total time is  8002.844641447067
Epoch [150001/300000001], Loss: 1.3439972400665283
total time is  8056.597681283951
Epoch [160001/300000001], Loss: 1.3437269926071167
total time is  8110.607422590256
Epoch [170001/300000001], Loss: 1.3434902429580688
total time is  8164.335664510727
Epoch [180001/300000001], Loss: 1.3434510231018066
total time is  8218.381968021393
Epoch [190001/300000001], Loss: 1.3430842161178589
total time is  8272.1859395504
Epoch [200001/300000001], Loss: 1.3429523706436157
total time is  8326.246049642563
Epoch [210001/300000001], Loss: 1.3427495956420898
total time is  8380.160947561264
Epoch [220001/300000001], Loss: 1.3426319360733032
total time is  8433.80948972702
Epoch [230001/300000001], Loss: 1.34238600730896
total time is  8488.0540163517
Epoch [240001/300000001], Loss: 1.3423023223876953
total time is  8542.173106908798
Epoch [250001/300000001], Loss: 1.3420178890228271
total time is  8596.37891793251
Epoch [260001/300000001], Loss: 1.341835856437683
total time is  8650.120839595795
Epoch [270001/300000001], Loss: 1.3414926528930664
total time is  8703.888936281204
Epoch [280001/300000001], Loss: 1.3413965702056885
total time is  8757.74670791626
Epoch [290001/300000001], Loss: 1.34125816822052
total time is  8812.348677396774
Epoch [300001/300000001], Loss: 1.3410179615020752
total time is  8866.359650373459
Epoch [310001/300000001], Loss: 1.3407530784606934
total time is  8921.076950073242
Epoch [320001/300000001], Loss: 1.3405836820602417
total time is  8974.15132522583
Epoch [330001/300000001], Loss: 1.3403961658477783
total time is  9028.319912195206
Epoch [340001/300000001], Loss: 1.3402931690216064
total time is  9082.638296604156
Epoch [350001/300000001], Loss: 1.3399431705474854
total time is  9137.394960165024
Epoch [360001/300000001], Loss: 1.339722990989685
total time is  9191.751593351364
Epoch [370001/300000001], Loss: 1.3395969867706299
total time is  9246.188216209412
Epoch [380001/300000001], Loss: 1.3393882513046265
total time is  9300.29745554924
Epoch [390001/300000001], Loss: 1.3392013311386108
total time is  9354.74740433693
Epoch [400001/300000001], Loss: 1.3390082120895386
total time is  9408.089381694794
Epoch [410001/300000001], Loss: 1.338762640953064
total time is  9462.206850528717
Epoch [420001/300000001], Loss: 1.338588833808899
total time is  9510.464729070663
Epoch [430001/300000001], Loss: 1.3383196592330933
total time is  9565.598812103271
Epoch [440001/300000001], Loss: 1.3382254838943481
total time is  9620.329710245132
Epoch [450001/300000001], Loss: 1.338089108467102
total time is  9674.851182222366
Epoch [460001/300000001], Loss: 1.3377989530563354
total time is  9729.948500871658
Epoch [470001/300000001], Loss: 1.337628960609436
total time is  9784.652318000793
Epoch [480001/300000001], Loss: 1.3375575542449951
total time is  9839.037719011307
Epoch [490001/300000001], Loss: 1.3372490406036377
total time is  9894.296067476273
Epoch [500001/300000001], Loss: 1.3371434211730957
total time is  9949.212805986404
Epoch [510001/300000001], Loss: 1.3368992805480957
total time is  10004.451255321503
Epoch [520001/300000001], Loss: 1.336676001548767
total time is  10059.512328863144
Epoch [530001/300000001], Loss: 1.3364776372909546
total time is  10114.284427642822
Epoch [540001/300000001], Loss: 1.3363924026489258
total time is  10169.127277374268
Epoch [550001/300000001], Loss: 1.3361753225326538
total time is  10224.415833950043
Epoch [560001/300000001], Loss: 1.3359299898147583
total time is  10279.49186873436
Epoch [570001/300000001], Loss: 1.3356637954711914
total time is  10334.667744636536
Epoch [580001/300000001], Loss: 1.3355697393417358
total time is  10389.741876602173
Epoch [590001/300000001], Loss: 1.3353129625320435
total time is  10444.984017133713
Epoch [600001/300000001], Loss: 1.3351528644561768
total time is  10500.260839223862
Epoch [610001/300000001], Loss: 1.3349757194519043
total time is  10555.3912255764
Epoch [620001/300000001], Loss: 1.3347834348678589
total time is  10610.738363027573
Epoch [630001/300000001], Loss: 1.3348451852798462
total time is  10666.303446054459
Epoch [640001/300000001], Loss: 1.3343350887298584
total time is  10721.488819122314
Epoch [650001/300000001], Loss: 1.334246277809143
total time is  10777.184939861298
Epoch [660001/300000001], Loss: 1.3341642618179321
total time is  10832.765345335007
Epoch [670001/300000001], Loss: 1.33393394947052
total time is  10888.531506299973
Epoch [680001/300000001], Loss: 1.3335726261138916
total time is  10944.048388719559
Epoch [690001/300000001], Loss: 1.3333548307418823
total time is  10999.402598619461
Epoch [700001/300000001], Loss: 1.3334258794784546
total time is  11055.002899885178
Epoch [710001/300000001], Loss: 1.333116888999939
total time is  11110.885478258133
Epoch [720001/300000001], Loss: 1.332931399345398
total time is  11166.489078998566
Epoch [730001/300000001], Loss: 1.332753300666809
total time is  11221.946832418442
Epoch [740001/300000001], Loss: 1.3325891494750977
total time is  11277.737924337387
Epoch [750001/300000001], Loss: 1.3323523998260498
total time is  11333.621794939041
Epoch [760001/300000001], Loss: 1.3322336673736572
total time is  11389.363843679428
Epoch [770001/300000001], Loss: 1.331936240196228
total time is  11445.668531179428
Epoch [780001/300000001], Loss: 1.331824541091919
total time is  11501.800221204758
Epoch [790001/300000001], Loss: 1.3315855264663696
total time is  11557.63236451149
Epoch [800001/300000001], Loss: 1.3312573432922363
total time is  11614.131088733673
Epoch [810001/300000001], Loss: 1.3312547206878662
total time is  11674.340489149094
Epoch [820001/300000001], Loss: 1.3310644626617432
total time is  11743.001369476318
Epoch [830001/300000001], Loss: 1.3310091495513916
total time is  11798.819774866104
Epoch [840001/300000001], Loss: 1.3307223320007324
total time is  11854.817790746689
Epoch [850001/300000001], Loss: 1.330499291419983
total time is  11910.964483499527
Epoch [860001/300000001], Loss: 1.3305140733718872
total time is  11966.907933473587
Epoch [870001/300000001], Loss: 1.3301998376846313
total time is  12022.897527694702
Epoch [880001/300000001], Loss: 1.329986810684204
total time is  12079.192648887634
Epoch [890001/300000001], Loss: 1.3297221660614014
total time is  12134.96318268776
Epoch [900001/300000001], Loss: 1.3297638893127441
total time is  12191.023672580719
Epoch [910001/300000001], Loss: 1.3294498920440674
total time is  12247.125528812408
Epoch [920001/300000001], Loss: 1.3291419744491577
total time is  12303.554609537125
Epoch [930001/300000001], Loss: 1.32912015914917
total time is  12359.19936966896
Epoch [940001/300000001], Loss: 1.3288474082946777
total time is  12415.356563568115
Epoch [950001/300000001], Loss: 1.3286285400390625
total time is  12471.362029075623
Epoch [960001/300000001], Loss: 1.3285105228424072
total time is  12527.760872364044
Epoch [970001/300000001], Loss: 1.3283522129058838
total time is  12584.33876490593
Epoch [980001/300000001], Loss: 1.328175663948059
total time is  12640.536448955536
Epoch [990001/300000001], Loss: 1.3278759717941284
total time is  12696.621440172195
Epoch [1000001/300000001], Loss: 1.3278261423110962
total time is  12752.71201300621
Epoch [1010001/300000001], Loss: 1.3275784254074097
total time is  12809.060172080994
Epoch [1020001/300000001], Loss: 1.3273671865463257
total time is  12865.40018415451
Epoch [1030001/300000001], Loss: 1.3272031545639038
total time is  12921.365137577057
Epoch [1040001/300000001], Loss: 1.3270256519317627
total time is  12977.656255960464
Epoch [1050001/300000001], Loss: 1.3268343210220337
total time is  13033.74069929123
Epoch [1060001/300000001], Loss: 1.3266050815582275
total time is  13089.832206964493
Epoch [1070001/300000001], Loss: 1.3264305591583252
total time is  13146.276087760925
Epoch [1080001/300000001], Loss: 1.3262877464294434
total time is  13202.497631072998
Epoch [1090001/300000001], Loss: 1.3261475563049316
total time is  13258.799343824387
Epoch [1100001/300000001], Loss: 1.3259670734405518
total time is  13315.568943977356
Epoch [1110001/300000001], Loss: 1.32566499710083
total time is  13372.175888299942
Epoch [1120001/300000001], Loss: 1.3255794048309326
total time is  13429.143212080002
Epoch [1130001/300000001], Loss: 1.3254207372665405
total time is  13485.456660985947
Epoch [1140001/300000001], Loss: 1.3252928256988525
total time is  13541.914917707443
Epoch [1150001/300000001], Loss: 1.3250174522399902
total time is  13598.946608543396
Epoch [1160001/300000001], Loss: 1.3247647285461426
total time is  13655.164353132248
Epoch [1170001/300000001], Loss: 1.3246252536773682
total time is  13712.158093452454
Epoch [1180001/300000001], Loss: 1.3245450258255005
total time is  13768.680034637451
Epoch [1190001/300000001], Loss: 1.3243157863616943
total time is  13825.858270168304
Epoch [1200001/300000001], Loss: 1.3241000175476074
total time is  13882.447121143341
Epoch [1210001/300000001], Loss: 1.3239378929138184
total time is  13939.31746673584
Epoch [1220001/300000001], Loss: 1.3237948417663574
total time is  13995.754310846329
Epoch [1230001/300000001], Loss: 1.3235576152801514
total time is  14053.113241434097
Epoch [1240001/300000001], Loss: 1.3233768939971924
total time is  14109.688766241074
Epoch [1250001/300000001], Loss: 1.3232145309448242
total time is  14166.5194439888
Epoch [1260001/300000001], Loss: 1.3229610919952393
total time is  14223.221555233002
Epoch [1270001/300000001], Loss: 1.322790503501892
total time is  14280.727536916733
Epoch [1280001/300000001], Loss: 1.322583794593811
total time is  14337.328936815262
Epoch [1290001/300000001], Loss: 1.3224397897720337
total time is  14394.480398893356
Epoch [1300001/300000001], Loss: 1.3222434520721436
total time is  14451.378932476044
Epoch [1310001/300000001], Loss: 1.3221417665481567
total time is  14508.687202453613
Epoch [1320001/300000001], Loss: 1.3219330310821533
total time is  14565.390629529953
Epoch [1330001/300000001], Loss: 1.321826696395874
total time is  14622.948899030685
Epoch [1340001/300000001], Loss: 1.3216426372528076
total time is  14680.096476316452
Epoch [1350001/300000001], Loss: 1.321499228477478
total time is  14736.827856063843
Epoch [1360001/300000001], Loss: 1.3212743997573853
total time is  14794.336933135986
Epoch [1370001/300000001], Loss: 1.321040153503418
total time is  14851.083474636078
Epoch [1380001/300000001], Loss: 1.320817470550537
total time is  14911.210317611694
Epoch [1390001/300000001], Loss: 1.3207558393478394
total time is  14969.349550485611
Epoch [1400001/300000001], Loss: 1.3204034566879272
total time is  15026.75608253479
Epoch [1410001/300000001], Loss: 1.3202762603759766
total time is  15084.936915159225
Epoch [1420001/300000001], Loss: 1.3201154470443726
total time is  15142.560854434967
Epoch [1430001/300000001], Loss: 1.3199430704116821
total time is  15200.893230199814
Epoch [1440001/300000001], Loss: 1.3197615146636963
total time is  15258.494593858719
Epoch [1450001/300000001], Loss: 1.3195582628250122
total time is  15316.983584165573
Epoch [1460001/300000001], Loss: 1.3194127082824707
total time is  15375.086807489395
Epoch [1470001/300000001], Loss: 1.3193111419677734
total time is  15433.371614456177
Epoch [1480001/300000001], Loss: 1.3190498352050781
total time is  15491.110690116882
Epoch [1490001/300000001], Loss: 1.318954586982727
total time is  15549.592351675034
Epoch [1500001/300000001], Loss: 1.318709135055542
total time is  15607.72929239273
Epoch [1510001/300000001], Loss: 1.3185396194458008
total time is  15665.701861143112
Epoch [1520001/300000001], Loss: 1.3184748888015747
total time is  15723.78115940094
Epoch [1530001/300000001], Loss: 1.3182249069213867
total time is  15782.283046245575
Epoch [1540001/300000001], Loss: 1.3180007934570312
total time is  15840.039521694183
Epoch [1550001/300000001], Loss: 1.31796133518219
total time is  15898.260064840317
Epoch [1560001/300000001], Loss: 1.3177403211593628
total time is  15955.885195970535
Epoch [1570001/300000001], Loss: 1.3174989223480225
total time is  16014.251278877258
Epoch [1580001/300000001], Loss: 1.317419171333313
total time is  16071.683611392975
Epoch [1590001/300000001], Loss: 1.3172531127929688
total time is  16130.354135274887
Epoch [1600001/300000001], Loss: 1.3169748783111572
total time is  16188.743242502213
Epoch [1610001/300000001], Loss: 1.3169530630111694
total time is  16247.102675914764
Epoch [1620001/300000001], Loss: 1.3166362047195435
total time is  16305.875186920166
Epoch [1630001/300000001], Loss: 1.316536784172058
total time is  16364.824298381805
Epoch [1640001/300000001], Loss: 1.3163208961486816
total time is  16423.56434392929
Epoch [1650001/300000001], Loss: 1.3160518407821655
total time is  16482.48038172722
Epoch [1660001/300000001], Loss: 1.3159161806106567
total time is  16540.949624300003
Epoch [1670001/300000001], Loss: 1.3158365488052368
total time is  16599.959893465042
Epoch [1680001/300000001], Loss: 1.315612554550171
total time is  16658.733206748962
Epoch [1690001/300000001], Loss: 1.3153499364852905
total time is  16717.18939805031
Epoch [1700001/300000001], Loss: 1.3152402639389038
total time is  16775.70066022873
Epoch [1710001/300000001], Loss: 1.3151402473449707
total time is  16834.72782278061
Epoch [1720001/300000001], Loss: 1.3148993253707886
total time is  16893.188376665115
Epoch [1730001/300000001], Loss: 1.3146462440490723
total time is  16951.794674158096
Epoch [1740001/300000001], Loss: 1.3147236108779907
total time is  17010.66203546524
Epoch [1750001/300000001], Loss: 1.3143926858901978
total time is  17069.930326461792
Epoch [1760001/300000001], Loss: 1.3141404390335083
total time is  17127.639970064163
Epoch [1770001/300000001], Loss: 1.3140816688537598
total time is  17186.005346298218
Epoch [1780001/300000001], Loss: 1.3139277696609497
total time is  17245.009053468704
Epoch [1790001/300000001], Loss: 1.3138047456741333
total time is  17303.552151203156
Epoch [1800001/300000001], Loss: 1.3136314153671265
total time is  17362.87515926361
Epoch [1810001/300000001], Loss: 1.313422679901123
total time is  17421.99712920189
Epoch [1820001/300000001], Loss: 1.3131701946258545
total time is  17480.57391357422
Epoch [1830001/300000001], Loss: 1.3129698038101196
total time is  17539.289186000824
Epoch [1840001/300000001], Loss: 1.3128046989440918
total time is  17598.6160633564
Epoch [1850001/300000001], Loss: 1.3127086162567139
total time is  17658.006096839905
Epoch [1860001/300000001], Loss: 1.3125498294830322
total time is  17717.554157733917
Epoch [1870001/300000001], Loss: 1.3123873472213745
total time is  17776.894543886185
Epoch [1880001/300000001], Loss: 1.3121349811553955
total time is  17835.526870250702
Epoch [1890001/300000001], Loss: 1.3120206594467163
total time is  17894.968485355377
Epoch [1900001/300000001], Loss: 1.3117984533309937
total time is  17954.698332071304
Epoch [1910001/300000001], Loss: 1.311542272567749
total time is  18013.732602357864
Epoch [1920001/300000001], Loss: 1.3115949630737305
total time is  18073.243423461914
Epoch [1930001/300000001], Loss: 1.311302900314331
total time is  18132.539303541183
Epoch [1940001/300000001], Loss: 1.3111807107925415
total time is  18192.022346735
Epoch [1950001/300000001], Loss: 1.31100594997406
total time is  18251.083468198776
Epoch [1960001/300000001], Loss: 1.3108625411987305
total time is  18310.59512758255
Epoch [1970001/300000001], Loss: 1.3106646537780762
total time is  18369.88561296463
Epoch [1980001/300000001], Loss: 1.3104840517044067
total time is  18429.557572364807
Epoch [1990001/300000001], Loss: 1.3102506399154663
total time is  18488.90701365471
Epoch [2000001/300000001], Loss: 1.3101249933242798
total time is  18548.169860124588
Epoch [2010001/300000001], Loss: 1.3099639415740967
total time is  18607.665664434433
Epoch [2020001/300000001], Loss: 1.3097282648086548
total time is  18667.36048078537
Epoch [2030001/300000001], Loss: 1.3096853494644165
total time is  18727.113704919815
Epoch [2040001/300000001], Loss: 1.3094367980957031
total time is  18786.69978904724
Epoch [2050001/300000001], Loss: 1.3092122077941895
total time is  18846.45631837845
Epoch [2060001/300000001], Loss: 1.3090969324111938
total time is  18905.53265762329
Epoch [2070001/300000001], Loss: 1.309004306793213
total time is  18964.942625045776
Epoch [2080001/300000001], Loss: 1.308788537979126
total time is  19024.15948867798
Epoch [2090001/300000001], Loss: 1.3086237907409668
total time is  19084.21024131775
Epoch [2100001/300000001], Loss: 1.3084633350372314
total time is  19143.373908996582
Epoch [2110001/300000001], Loss: 1.3083661794662476
total time is  19203.246824264526
Epoch [2120001/300000001], Loss: 1.3081023693084717
total time is  19262.948412179947
Epoch [2130001/300000001], Loss: 1.3079496622085571
total time is  19322.825999975204
Epoch [2140001/300000001], Loss: 1.3077168464660645
total time is  19381.96917629242
Epoch [2150001/300000001], Loss: 1.3075765371322632
total time is  19442.556435346603
Epoch [2160001/300000001], Loss: 1.3074032068252563
total time is  19501.87083506584
Epoch [2170001/300000001], Loss: 1.307440996170044
total time is  19561.857244968414
Epoch [2180001/300000001], Loss: 1.3070921897888184
total time is  19621.530075073242
Epoch [2190001/300000001], Loss: 1.307114839553833
total time is  19681.666796684265
Epoch [2200001/300000001], Loss: 1.306807041168213
total time is  19741.600026845932
Epoch [2210001/300000001], Loss: 1.306710124015808
total time is  19801.83047771454
Epoch [2220001/300000001], Loss: 1.3064686059951782
total time is  19861.80183649063
Epoch [2230001/300000001], Loss: 1.3063839673995972
total time is  19922.217447519302
Epoch [2240001/300000001], Loss: 1.3061610460281372
total time is  19981.913379907608
Epoch [2250001/300000001], Loss: 1.3059581518173218
total time is  20041.82597064972
Epoch [2260001/300000001], Loss: 1.3057746887207031
total time is  20109.247951984406
Epoch [2270001/300000001], Loss: 1.3056390285491943
total time is  20171.053822040558
Epoch [2280001/300000001], Loss: 1.3056025505065918
total time is  20231.45295882225
Epoch [2290001/300000001], Loss: 1.3052144050598145
total time is  20292.09818840027
Epoch [2300001/300000001], Loss: 1.3052557706832886
total time is  20354.592840194702
Epoch [2310001/300000001], Loss: 1.3051176071166992
total time is  20416.53599858284
Epoch [2320001/300000001], Loss: 1.3048264980316162
total time is  20476.390498638153
Epoch [2330001/300000001], Loss: 1.3046650886535645
total time is  20538.65504693985
Epoch [2340001/300000001], Loss: 1.3045190572738647
total time is  20605.839431762695
Epoch [2350001/300000001], Loss: 1.3043156862258911
total time is  20667.880454063416
Epoch [2360001/300000001], Loss: 1.3043174743652344
total time is  20728.421133041382
Epoch [2370001/300000001], Loss: 1.3040357828140259
total time is  20789.86585998535
Epoch [2380001/300000001], Loss: 1.3039807081222534
total time is  20850.980355978012
Epoch [2390001/300000001], Loss: 1.3037761449813843
total time is  20912.287434101105
Epoch [2400001/300000001], Loss: 1.303572416305542
total time is  20972.792974948883
Epoch [2410001/300000001], Loss: 1.3033839464187622
total time is  21034.02139353752
Epoch [2420001/300000001], Loss: 1.3031997680664062
total time is  21095.422565460205
Epoch [2430001/300000001], Loss: 1.303101658821106
total time is  21156.311317443848
Epoch [2440001/300000001], Loss: 1.3029628992080688
total time is  21218.39763879776
Epoch [2450001/300000001], Loss: 1.3026747703552246
total time is  21279.002269506454
Epoch [2460001/300000001], Loss: 1.3025604486465454
total time is  21340.459090709686
Epoch [2470001/300000001], Loss: 1.3025468587875366
total time is  21402.15838742256
Epoch [2480001/300000001], Loss: 1.3022211790084839
total time is  21462.839861631393
Epoch [2490001/300000001], Loss: 1.3021342754364014
total time is  21524.823037147522
Epoch [2500001/300000001], Loss: 1.3019440174102783
total time is  21586.29429125786
Epoch [2510001/300000001], Loss: 1.301769495010376
total time is  21647.805757761
Epoch [2520001/300000001], Loss: 1.3016297817230225
total time is  21709.34140396118
Epoch [2530001/300000001], Loss: 1.3015110492706299
total time is  21769.889506340027
Epoch [2540001/300000001], Loss: 1.3013296127319336
total time is  21831.99260020256
Epoch [2550001/300000001], Loss: 1.301169514656067
total time is  21893.48927783966
Epoch [2560001/300000001], Loss: 1.3010451793670654
total time is  21954.842803001404
Epoch [2570001/300000001], Loss: 1.3007005453109741
total time is  22016.73207116127
Epoch [2580001/300000001], Loss: 1.300703525543213
total time is  22078.238541841507
Epoch [2590001/300000001], Loss: 1.3005108833312988
total time is  22139.955169916153
Epoch [2600001/300000001], Loss: 1.3004817962646484
total time is  22201.75740146637
Epoch [2610001/300000001], Loss: 1.300215244293213
total time is  22263.488868951797
Epoch [2620001/300000001], Loss: 1.300062656402588
total time is  22324.18762779236
Epoch [2630001/300000001], Loss: 1.2998334169387817
total time is  22386.7646112442
Epoch [2640001/300000001], Loss: 1.2996989488601685
total time is  22448.466121673584
Epoch [2650001/300000001], Loss: 1.299485683441162
total time is  22510.06309080124
Epoch [2660001/300000001], Loss: 1.2992632389068604
total time is  22571.675317049026
Epoch [2670001/300000001], Loss: 1.2992445230484009
total time is  22633.390865564346
Epoch [2680001/300000001], Loss: 1.2991352081298828
total time is  22695.195188999176
Epoch [2690001/300000001], Loss: 1.2989143133163452
total time is  22757.054562091827
Epoch [2700001/300000001], Loss: 1.298719048500061
total time is  22818.930311203003
Epoch [2710001/300000001], Loss: 1.2985475063323975
total time is  22881.012801408768
Epoch [2720001/300000001], Loss: 1.2984819412231445
total time is  22943.374758958817
Epoch [2730001/300000001], Loss: 1.298208236694336
total time is  23005.18558549881
Epoch [2740001/300000001], Loss: 1.2980742454528809
total time is  23067.318844795227
Epoch [2750001/300000001], Loss: 1.2980412244796753
total time is  23129.110342741013
Epoch [2760001/300000001], Loss: 1.2978426218032837
total time is  23191.563502311707
Epoch [2770001/300000001], Loss: 1.2976258993148804
total time is  23253.767520189285
Epoch [2780001/300000001], Loss: 1.2974728345870972
total time is  23315.88373374939
Epoch [2790001/300000001], Loss: 1.2973333597183228
total time is  23378.127855539322
Epoch [2800001/300000001], Loss: 1.2971103191375732
total time is  23439.902366399765
Epoch [2810001/300000001], Loss: 1.2969542741775513
total time is  23502.27343893051
Epoch [2820001/300000001], Loss: 1.29683256149292
total time is  23564.145927667618
Epoch [2830001/300000001], Loss: 1.2966498136520386
total time is  23626.391850471497
Epoch [2840001/300000001], Loss: 1.2965052127838135
total time is  23688.51281929016
Epoch [2850001/300000001], Loss: 1.296347737312317
total time is  23750.420942544937
Epoch [2860001/300000001], Loss: 1.2961848974227905
total time is  23812.653109550476
Epoch [2870001/300000001], Loss: 1.2960389852523804
total time is  23875.750444173813
Epoch [2880001/300000001], Loss: 1.29587721824646
total time is  23938.028133153915
Epoch [2890001/300000001], Loss: 1.2958645820617676
total time is  24000.06291937828
Epoch [2900001/300000001], Loss: 1.295566201210022
total time is  24062.337432861328
Epoch [2910001/300000001], Loss: 1.2954118251800537
total time is  24124.61174106598
Epoch [2920001/300000001], Loss: 1.2952747344970703
total time is  24186.94163131714
Epoch [2930001/300000001], Loss: 1.2950377464294434
total time is  24249.338285684586
Epoch [2940001/300000001], Loss: 1.2949966192245483
total time is  24311.8724296093
Epoch [2950001/300000001], Loss: 1.2946922779083252
total time is  24375.50405883789
Epoch [2960001/300000001], Loss: 1.2946516275405884
total time is  24453.179151535034
Epoch [2970001/300000001], Loss: 1.294451355934143
total time is  24521.929978370667
Epoch [2980001/300000001], Loss: 1.2944194078445435
total time is  24585.45693540573
Epoch [2990001/300000001], Loss: 1.2942031621932983
total time is  24648.932081222534
Epoch [3000001/300000001], Loss: 1.2940051555633545
total time is  24711.35626578331
Epoch [3010001/300000001], Loss: 1.293872356414795
total time is  24773.9135389328
Epoch [3020001/300000001], Loss: 1.2936004400253296
total time is  24836.68657875061
Epoch [3030001/300000001], Loss: 1.2935453653335571
total time is  24898.952751636505
Epoch [3040001/300000001], Loss: 1.293351173400879
total time is  24961.319241046906
Epoch [3050001/300000001], Loss: 1.293209195137024
total time is  25023.81352210045
Epoch [3060001/300000001], Loss: 1.29297935962677
total time is  25086.506890058517
Epoch [3070001/300000001], Loss: 1.2928156852722168
total time is  25149.129620552063
Epoch [3080001/300000001], Loss: 1.2927725315093994
total time is  25211.90059709549
Epoch [3090001/300000001], Loss: 1.2925883531570435
total time is  25274.519364595413
Epoch [3100001/300000001], Loss: 1.2923921346664429
total time is  25337.663392543793
Epoch [3110001/300000001], Loss: 1.2922446727752686
total time is  25400.52664732933
Epoch [3120001/300000001], Loss: 1.2921817302703857
total time is  25463.447526454926
Epoch [3130001/300000001], Loss: 1.2920055389404297
total time is  25526.52956366539
Epoch [3140001/300000001], Loss: 1.2917020320892334
total time is  25589.398340940475
Epoch [3150001/300000001], Loss: 1.2916620969772339
total time is  25651.934475898743
Epoch [3160001/300000001], Loss: 1.2916277647018433
total time is  25715.875491142273
Epoch [3170001/300000001], Loss: 1.2913806438446045
total time is  25779.076585769653
Epoch [3180001/300000001], Loss: 1.2911529541015625
total time is  25842.147014141083
Epoch [3190001/300000001], Loss: 1.291009783744812
total time is  25906.27076649666
Epoch [3200001/300000001], Loss: 1.2908991575241089
total time is  25968.553559064865
Epoch [3210001/300000001], Loss: 1.2906765937805176
total time is  26032.35270547867
Epoch [3220001/300000001], Loss: 1.2904959917068481
total time is  26095.17685031891
Epoch [3230001/300000001], Loss: 1.2903577089309692
total time is  26158.10204935074
Epoch [3240001/300000001], Loss: 1.2902228832244873
total time is  26222.11464715004
Epoch [3250001/300000001], Loss: 1.2899761199951172
total time is  26285.198976755142
Epoch [3260001/300000001], Loss: 1.2900011539459229
total time is  26348.923638105392
Epoch [3270001/300000001], Loss: 1.2898811101913452
total time is  26410.876974344254
Epoch [3280001/300000001], Loss: 1.2896537780761719
total time is  26475.3474547863
Epoch [3290001/300000001], Loss: 1.2894729375839233
total time is  26538.75538444519
Epoch [3300001/300000001], Loss: 1.2893694639205933
total time is  26602.249449253082
Epoch [3310001/300000001], Loss: 1.289034128189087
total time is  26666.62028312683
Epoch [3320001/300000001], Loss: 1.288995623588562
total time is  26730.109498739243
Epoch [3330001/300000001], Loss: 1.2888548374176025
total time is  26793.606010198593
Epoch [3340001/300000001], Loss: 1.2886682748794556
total time is  26856.606387615204
Epoch [3350001/300000001], Loss: 1.2886368036270142
total time is  26920.351692676544
Epoch [3360001/300000001], Loss: 1.2883185148239136
total time is  26983.72710609436
Epoch [3370001/300000001], Loss: 1.2883061170578003
total time is  27047.337224960327
Epoch [3380001/300000001], Loss: 1.2881003618240356
total time is  27110.95719909668
Epoch [3390001/300000001], Loss: 1.2880277633666992
total time is  27174.39424276352
Epoch [3400001/300000001], Loss: 1.2878276109695435
total time is  27237.580827236176
Epoch [3410001/300000001], Loss: 1.2877262830734253
total time is  27301.85198521614
Epoch [3420001/300000001], Loss: 1.2875114679336548
total time is  27365.282404899597
Epoch [3430001/300000001], Loss: 1.2872933149337769
total time is  27429.667869091034
Epoch [3440001/300000001], Loss: 1.2872600555419922
total time is  27493.491133213043
Epoch [3450001/300000001], Loss: 1.287024736404419
total time is  27557.15423488617
Epoch [3460001/300000001], Loss: 1.2869104146957397
total time is  27621.149327754974
Epoch [3470001/300000001], Loss: 1.2867904901504517
total time is  27684.76303076744
Epoch [3480001/300000001], Loss: 1.2865428924560547
total time is  27748.801025629044
Epoch [3490001/300000001], Loss: 1.2865197658538818
total time is  27812.25714325905
Epoch [3500001/300000001], Loss: 1.2862420082092285
total time is  27875.82527089119
Epoch [3510001/300000001], Loss: 1.2860878705978394
total time is  27940.600041151047
Epoch [3520001/300000001], Loss: 1.2859561443328857
total time is  28004.53675031662
Epoch [3530001/300000001], Loss: 1.2858210802078247
total time is  28068.33089876175
Epoch [3540001/300000001], Loss: 1.2857677936553955
total time is  28133.030818223953
Epoch [3550001/300000001], Loss: 1.2856559753417969
total time is  28196.052919626236
Epoch [3560001/300000001], Loss: 1.285341501235962
total time is  28260.530844449997
Epoch [3570001/300000001], Loss: 1.2853114604949951
total time is  28324.248051404953
Epoch [3580001/300000001], Loss: 1.285061240196228
total time is  28388.10790514946
Epoch [3590001/300000001], Loss: 1.2850630283355713
total time is  28452.93628501892
Epoch [3600001/300000001], Loss: 1.2847495079040527
total time is  28516.538319587708
Epoch [3610001/300000001], Loss: 1.2845877408981323
total time is  28581.635640859604
Epoch [3620001/300000001], Loss: 1.2844929695129395
total time is  28645.433954000473
Epoch [3630001/300000001], Loss: 1.2841942310333252
total time is  28710.441355228424
Epoch [3640001/300000001], Loss: 1.2841812372207642
total time is  28774.458711385727
Epoch [3650001/300000001], Loss: 1.2840622663497925
total time is  28839.02494740486
Epoch [3660001/300000001], Loss: 1.283822774887085
total time is  28903.403255462646
Epoch [3670001/300000001], Loss: 1.2837072610855103
total time is  28967.666652202606
Epoch [3680001/300000001], Loss: 1.283629298210144
total time is  29031.796488523483
Epoch [3690001/300000001], Loss: 1.2834489345550537
total time is  29096.287345647812
Epoch [3700001/300000001], Loss: 1.2833977937698364
total time is  29160.082402706146
Epoch [3710001/300000001], Loss: 1.2832015752792358
total time is  29225.000601291656
Epoch [3720001/300000001], Loss: 1.283020257949829
total time is  29290.40717148781
Epoch [3730001/300000001], Loss: 1.282876968383789
total time is  29354.857144594193
Epoch [3740001/300000001], Loss: 1.282697319984436
total time is  29419.51896071434
Epoch [3750001/300000001], Loss: 1.2825599908828735
total time is  29484.034517288208
Epoch [3760001/300000001], Loss: 1.282378077507019
total time is  29548.833967924118
Epoch [3770001/300000001], Loss: 1.2822632789611816
total time is  29613.123330116272
Epoch [3780001/300000001], Loss: 1.28211510181427
total time is  29677.63782143593
Epoch [3790001/300000001], Loss: 1.2818602323532104
total time is  29742.133288145065
Epoch [3800001/300000001], Loss: 1.281836986541748
total time is  29806.578425884247
Epoch [3810001/300000001], Loss: 1.2816877365112305
total time is  29871.91369652748
Epoch [3820001/300000001], Loss: 1.281643033027649
total time is  29936.484931468964
Epoch [3830001/300000001], Loss: 1.2813317775726318
total time is  30001.12593460083
Epoch [3840001/300000001], Loss: 1.2812347412109375
total time is  30065.73739361763
Epoch [3850001/300000001], Loss: 1.2809871435165405
total time is  30130.167744874954
Epoch [3860001/300000001], Loss: 1.2808221578598022
total time is  30195.649284362793
Epoch [3870001/300000001], Loss: 1.28075110912323
total time is  30260.067118406296
Epoch [3880001/300000001], Loss: 1.2806473970413208
total time is  30325.517208576202
Epoch [3890001/300000001], Loss: 1.2804368734359741
total time is  30390.92592549324
Epoch [3900001/300000001], Loss: 1.280308723449707
total time is  30455.869420289993
Epoch [3910001/300000001], Loss: 1.280144453048706
total time is  30520.8990380764
Epoch [3920001/300000001], Loss: 1.2799042463302612
total time is  30585.596575975418
Epoch [3930001/300000001], Loss: 1.2799121141433716
total time is  30651.233309030533
Epoch [3940001/300000001], Loss: 1.2797387838363647
total time is  30715.519641399384
Epoch [3950001/300000001], Loss: 1.2795404195785522
total time is  30780.91096687317
Epoch [3960001/300000001], Loss: 1.279543399810791
total time is  30845.910026550293
Epoch [3970001/300000001], Loss: 1.279313087463379
total time is  30910.92599105835
Epoch [3980001/300000001], Loss: 1.27925443649292
total time is  30976.43073606491
