cuda:0
N is 400
number of data pairs y1 = 1200
number of data pairs ytest = 1200
Epoch [1/100001], Loss: 1.0958919525146484
total time is  0
Epoch [10001/100001], Loss: 0.023995984345674515
total time is  204.02170062065125
Epoch [20001/100001], Loss: 0.007290809880942106
total time is  482.9923846721649
Epoch [30001/100001], Loss: 0.004989665001630783
total time is  690.1409869194031
Epoch [40001/100001], Loss: 0.004044388886541128
total time is  904.6843059062958
Epoch [50001/100001], Loss: 0.0034632449969649315
total time is  1125.4237434864044
Epoch [60001/100001], Loss: 0.002982678357511759
total time is  1233.1913509368896
Epoch [70001/100001], Loss: 0.0026020824443548918
total time is  1436.8680868148804
Epoch [80001/100001], Loss: 0.002360030310228467
total time is  1542.0026564598083
Epoch [90001/100001], Loss: 0.002204034011811018
total time is  1732.2214939594269
Epoch [100001/100001], Loss: 0.002069167559966445
total time is  1847.1596295833588
Epoch [1/700001], Loss: 0.002069152658805251
total time is  1847.3115067481995
Epoch [10001/700001], Loss: 0.0020287379156798124
total time is  2020.3517696857452
Epoch [20001/700001], Loss: 0.001989490119740367
total time is  2156.834819316864
Epoch [30001/700001], Loss: 0.001950977835804224
total time is  2341.2287950515747
Epoch [40001/700001], Loss: 0.0019118365598842502
total time is  2591.5968341827393
Epoch [50001/700001], Loss: 0.0018747719004750252
total time is  2880.0386917591095
Epoch [60001/700001], Loss: 0.001840141136199236
total time is  3131.3701152801514
Epoch [70001/700001], Loss: 0.001807625056244433
total time is  3385.0517287254333
Epoch [80001/700001], Loss: 0.0017772366991266608
total time is  3671.2757890224457
Epoch [90001/700001], Loss: 0.0017486111028119922
total time is  3891.1028814315796
Epoch [100001/700001], Loss: 0.00172105070669204
total time is  4186.796746253967
Epoch [110001/700001], Loss: 0.0016943238442763686
total time is  4430.9729969501495
Epoch [120001/700001], Loss: 0.0016679901164025068
total time is  4681.521720647812
Epoch [130001/700001], Loss: 0.0016413548728451133
total time is  4970.07844042778
Epoch [140001/700001], Loss: 0.0016146911075338721
total time is  5221.758014917374
Epoch [150001/700001], Loss: 0.0015880754217505455
total time is  5475.713826179504
Epoch [160001/700001], Loss: 0.0015615257434546947
total time is  5761.257294654846
Epoch [170001/700001], Loss: 0.0015350169269368052
total time is  5974.607581138611
Epoch [180001/700001], Loss: 0.0015084801707416773
total time is  6269.691572666168
Epoch [190001/700001], Loss: 0.0014820363139733672
total time is  6513.553870201111
Epoch [200001/700001], Loss: 0.0014559286646544933
total time is  6764.724832773209
Epoch [210001/700001], Loss: 0.0014299423201009631
total time is  7053.3118488788605
Epoch [220001/700001], Loss: 0.0014042635448276997
total time is  7305.173762798309
Epoch [230001/700001], Loss: 0.0013787028146907687
total time is  7565.29573059082
Epoch [240001/700001], Loss: 0.0013534803874790668
total time is  7845.679112195969
Epoch [250001/700001], Loss: 0.001328550511971116
total time is  8025.322140216827
Epoch [260001/700001], Loss: 0.001303797122091055
total time is  8164.660664796829
Epoch [270001/700001], Loss: 0.0012791414046660066
total time is  8284.350492238998
Epoch [280001/700001], Loss: 0.0012546643847599626
total time is  8423.268958806992
Epoch [290001/700001], Loss: 0.0012301058741286397
total time is  8561.945602416992
Epoch [300001/700001], Loss: 0.00120540801435709
total time is  8682.397102355957
Epoch [310001/700001], Loss: 0.0011809032876044512
total time is  8821.194290161133
Epoch [320001/700001], Loss: 0.001156567013822496
total time is  8942.181762695312
Epoch [330001/700001], Loss: 0.0011324313236400485
total time is  9080.905475139618
Epoch [340001/700001], Loss: 0.0011084574507549405
total time is  9201.652339220047
Epoch [350001/700001], Loss: 0.0010848452802747488
total time is  9340.382046699524
Epoch [360001/700001], Loss: 0.001060765003785491
total time is  9462.256464242935
Epoch [370001/700001], Loss: 0.0010360117303207517
total time is  9601.712945222855
Epoch [380001/700001], Loss: 0.0010099351638928056
total time is  9723.837580442429
Epoch [390001/700001], Loss: 0.0009824528824537992
total time is  9862.197571992874
Epoch [400001/700001], Loss: 0.0009556255536153913
total time is  9995.821911334991
Epoch [410001/700001], Loss: 0.0009304194245487452
total time is  10124.131977796555
Epoch [420001/700001], Loss: 0.0009062286699190736
total time is  10263.298266410828
Epoch [430001/700001], Loss: 0.0008827105048112571
total time is  10384.556828737259
Epoch [440001/700001], Loss: 0.0008596818661317229
total time is  10523.445995092392
Epoch [450001/700001], Loss: 0.0008370282594114542
total time is  10645.614209413528
Epoch [460001/700001], Loss: 0.0008147803018800914
total time is  10784.042477846146
Epoch [470001/700001], Loss: 0.0007930109859444201
total time is  10902.42667222023
Epoch [480001/700001], Loss: 0.0007717252010479569
total time is  11041.760812997818
Epoch [490001/700001], Loss: 0.0007509568240493536
total time is  11164.770275831223
Epoch [500001/700001], Loss: 0.0007307352498173714
total time is  11303.342745304108
Epoch [510001/700001], Loss: 0.0007110010483302176
total time is  11426.73203921318
Epoch [520001/700001], Loss: 0.0006918635335750878
total time is  11565.761145114899
Epoch [530001/700001], Loss: 0.0006732707843184471
total time is  11704.59704875946
Epoch [540001/700001], Loss: 0.0006552247214131057
total time is  11830.30196237564
Epoch [550001/700001], Loss: 0.0006377288955263793
total time is  11969.20470046997
Epoch [560001/700001], Loss: 0.0006205667741596699
total time is  12093.02765417099
Epoch [570001/700001], Loss: 0.0006038554129190743
total time is  12232.157216787338
Epoch [580001/700001], Loss: 0.0005878007505089045
total time is  12357.143800735474
Epoch [590001/700001], Loss: 0.0005725697847083211
total time is  12496.128288269043
Epoch [600001/700001], Loss: 0.0005580932484008372
total time is  12619.781549453735
Epoch [610001/700001], Loss: 0.0005441531538963318
total time is  12786.879692792892
Epoch [620001/700001], Loss: 0.0005307552637532353
total time is  12997.675587415695
Epoch [630001/700001], Loss: 0.0005182407330721617
total time is  13235.357694387436
Epoch [640001/700001], Loss: 0.0005065465229563415
total time is  13466.473938941956
Epoch [650001/700001], Loss: 0.0004954790929332376
total time is  13718.08886218071
Epoch [660001/700001], Loss: 0.0004850887635257095
total time is  13952.03623867035
Epoch [670001/700001], Loss: 0.0004752257955260575
total time is  14165.7441675663
Epoch [680001/700001], Loss: 0.00046588218538090587
total time is  14371.447265148163
Epoch [690001/700001], Loss: 0.00045690612751059234
total time is  14565.56230020523
Epoch [700001/700001], Loss: 0.00044811618863604963
total time is  14704.07759475708
Epoch [1/10000001], Loss: 0.0004481155483517796
total time is  14705.38459777832
Epoch [10001/10000001], Loss: 0.00044598421663977206
total time is  14860.506274223328
Epoch [20001/10000001], Loss: 0.0004438629257492721
total time is  15010.132061958313
Epoch [30001/10000001], Loss: 0.0004418035678099841
total time is  15172.663557052612
Epoch [40001/10000001], Loss: 0.0004397102165967226
total time is  15317.691194534302
Epoch [50001/10000001], Loss: 0.000437676819274202
total time is  15458.913889884949
Epoch [60001/10000001], Loss: 0.0004356694989837706
total time is  15609.579153776169
Epoch [70001/10000001], Loss: 0.0004336924175731838
total time is  15748.655802726746
Epoch [80001/10000001], Loss: 0.00043170127901248634
total time is  15908.6313726902
Epoch [90001/10000001], Loss: 0.00042972576920874417
total time is  16068.22704911232
Epoch [100001/10000001], Loss: 0.0004277622210793197
total time is  16231.814465284348
Epoch [110001/10000001], Loss: 0.0004258316766936332
total time is  16383.221649646759
Epoch [120001/10000001], Loss: 0.00042390511953271925
total time is  16548.814408779144
Epoch [130001/10000001], Loss: 0.0004219779511913657
total time is  16705.266847848892
Epoch [140001/10000001], Loss: 0.00042009042226709425
total time is  16875.322835683823
Epoch [150001/10000001], Loss: 0.0004182312695775181
total time is  17036.059940338135
Epoch [160001/10000001], Loss: 0.00041638273978605866
total time is  17212.068068265915
Epoch [170001/10000001], Loss: 0.0004145698621869087
total time is  17376.335239887238
Epoch [180001/10000001], Loss: 0.00041277753189206123
total time is  17529.214563846588
Epoch [190001/10000001], Loss: 0.0004110167792532593
total time is  17667.141461849213
Epoch [200001/10000001], Loss: 0.0004093006136827171
total time is  17821.044001579285
Epoch [210001/10000001], Loss: 0.0004075834876857698
total time is  17947.83437204361
Epoch [220001/10000001], Loss: 0.00040591019205749035
total time is  18098.53305530548
Epoch [230001/10000001], Loss: 0.0004042895161546767
total time is  18241.519057750702
Epoch [240001/10000001], Loss: 0.00040266747237183154
total time is  18398.022007226944
Epoch [250001/10000001], Loss: 0.00040111280395649374
total time is  18551.91365790367
Epoch [260001/10000001], Loss: 0.00039955286774784327
total time is  18715.36164212227
Epoch [270001/10000001], Loss: 0.0003980086767114699
total time is  18875.65075135231
Epoch [280001/10000001], Loss: 0.00039652283885516226
total time is  19037.32638835907
Epoch [290001/10000001], Loss: 0.0003950424143113196
total time is  19206.095089435577
Epoch [300001/10000001], Loss: 0.00039357636705972254
total time is  19365.619249343872
Epoch [310001/10000001], Loss: 0.0003921507450286299
total time is  19538.217395544052
Epoch [320001/10000001], Loss: 0.0003907528007403016
total time is  19703.30131673813
Epoch [330001/10000001], Loss: 0.0003893668472301215
total time is  19882.272107601166
Epoch [340001/10000001], Loss: 0.00038799841422587633
total time is  20027.606011629105
Epoch [350001/10000001], Loss: 0.0003866641200147569
total time is  20183.58392047882
Epoch [360001/10000001], Loss: 0.00038532575126737356
total time is  20324.616218566895
Epoch [370001/10000001], Loss: 0.0003840136050712317
total time is  20481.08222436905
Epoch [380001/10000001], Loss: 0.0003827245382126421
total time is  20621.699525117874
Epoch [390001/10000001], Loss: 0.00038143672281876206
total time is  20775.56553721428
Epoch [400001/10000001], Loss: 0.0003801528364419937
total time is  20915.257624149323
Epoch [410001/10000001], Loss: 0.00037889150553382933
total time is  21069.96284532547
Epoch [420001/10000001], Loss: 0.00037763401633128524
total time is  21210.726712703705
Epoch [430001/10000001], Loss: 0.0003763935237657279
total time is  21369.885282993317
Epoch [440001/10000001], Loss: 0.0003751676995307207
total time is  21515.99696803093
Epoch [450001/10000001], Loss: 0.0003739483654499054
total time is  21674.299674272537
Epoch [460001/10000001], Loss: 0.0003727377043105662
total time is  21781.76705145836
Epoch [470001/10000001], Loss: 0.000371551257558167
total time is  21906.358854055405
Epoch [480001/10000001], Loss: 0.0003703605034388602
total time is  22022.10014986992
Epoch [490001/10000001], Loss: 0.00036918907426297665
total time is  22136.087191343307
Epoch [500001/10000001], Loss: 0.0003680478548631072
total time is  22256.98380088806
Epoch [510001/10000001], Loss: 0.0003669207217171788
total time is  22345.119470834732
Epoch [520001/10000001], Loss: 0.0003657858178485185
total time is  22463.386206388474
Epoch [530001/10000001], Loss: 0.00036467297468334436
total time is  22555.669624090195
Epoch [540001/10000001], Loss: 0.0003635650500655174
total time is  22676.799085855484
Epoch [550001/10000001], Loss: 0.00036248296964913607
total time is  22771.5999917984
Epoch [560001/10000001], Loss: 0.0003614165761973709
total time is  22897.83558988571
Epoch [570001/10000001], Loss: 0.00036036098026670516
total time is  23004.24793100357
Epoch [580001/10000001], Loss: 0.00035930852754972875
total time is  23132.155468702316
Epoch [590001/10000001], Loss: 0.00035827080137096345
total time is  23246.988265275955
Epoch [600001/10000001], Loss: 0.0003572487912606448
total time is  23369.344893693924
Epoch [610001/10000001], Loss: 0.00035623760777525604
total time is  23490.59849500656
Epoch [620001/10000001], Loss: 0.00035523241967894137
total time is  23608.226077079773
Epoch [630001/10000001], Loss: 0.000354233430698514
total time is  23732.455887556076
Epoch [640001/10000001], Loss: 0.00035324128111824393
total time is  23840.493745565414
Epoch [650001/10000001], Loss: 0.0003522519546095282
total time is  23959.482926368713
Epoch [660001/10000001], Loss: 0.00035128320450894535
total time is  24057.043642520905
Epoch [670001/10000001], Loss: 0.00035031529841944575
total time is  24183.255286455154
Epoch [680001/10000001], Loss: 0.0003493581898510456
total time is  24279.611252069473
Epoch [690001/10000001], Loss: 0.000348401052178815
total time is  24405.95236635208
Epoch [700001/10000001], Loss: 0.00034744772710837424
total time is  24501.318507909775
Epoch [710001/10000001], Loss: 0.00034650243469513953
total time is  24625.773359537125
Epoch [720001/10000001], Loss: 0.00034556217724457383
total time is  24723.94305205345
Epoch [730001/10000001], Loss: 0.00034463024348951876
total time is  24844.008004426956
Epoch [740001/10000001], Loss: 0.0003437048872001469
total time is  24956.089637994766
Epoch [750001/10000001], Loss: 0.00034278619568794966
total time is  25072.757945775986
Epoch [760001/10000001], Loss: 0.00034185973345302045
total time is  25193.132430315018
Epoch [770001/10000001], Loss: 0.00034093682188540697
total time is  25292.560825824738
Epoch [780001/10000001], Loss: 0.0003400406567379832
total time is  25420.44583249092
Epoch [790001/10000001], Loss: 0.00033914941013790667
total time is  25524.517723083496
Epoch [800001/10000001], Loss: 0.00033826439175754786
total time is  25659.18962287903
Epoch [810001/10000001], Loss: 0.0003373815561644733
total time is  25760.191004753113
Epoch [820001/10000001], Loss: 0.00033650596742518246
total time is  25884.95438694954
Epoch [830001/10000001], Loss: 0.0003356237430125475
total time is  25982.30135989189
Epoch [840001/10000001], Loss: 0.00033475845702923834
total time is  26103.71649456024
Epoch [850001/10000001], Loss: 0.00033390134922228754
total time is  26201.452310800552
Epoch [860001/10000001], Loss: 0.0003330526815261692
total time is  26325.70677256584
Epoch [870001/10000001], Loss: 0.0003321932163089514
total time is  26422.62090587616
Epoch [880001/10000001], Loss: 0.00033134783734567463
total time is  26539.188035964966
Epoch [890001/10000001], Loss: 0.00033051916398108006
total time is  26654.99405694008
Epoch [900001/10000001], Loss: 0.00032967879087664187
total time is  26746.167045354843
Epoch [910001/10000001], Loss: 0.00032884927350096405
total time is  26862.069135904312
Epoch [920001/10000001], Loss: 0.00032801934867165983
total time is  26954.807373523712
Epoch [930001/10000001], Loss: 0.00032720298622734845
total time is  27070.060971736908
Epoch [940001/10000001], Loss: 0.00032639363780617714
total time is  27156.58939266205
Epoch [950001/10000001], Loss: 0.0003255874034948647
total time is  27274.8541932106
Epoch [960001/10000001], Loss: 0.000324786378769204
total time is  27394.26553082466
Epoch [970001/10000001], Loss: 0.00032398145413026214
total time is  27506.17862868309
Epoch [980001/10000001], Loss: 0.0003231887531001121
total time is  27627.57101392746
Epoch [990001/10000001], Loss: 0.00032237707637250423
total time is  27718.912719726562
Epoch [1000001/10000001], Loss: 0.0003215916221961379
total time is  27839.690355300903
Epoch [1010001/10000001], Loss: 0.00032081318204291165
total time is  27931.125898361206
Epoch [1020001/10000001], Loss: 0.0003200385835953057
total time is  28046.711723089218
Epoch [1030001/10000001], Loss: 0.0003192576114088297
total time is  28137.07118988037
Epoch [1040001/10000001], Loss: 0.00031848045182414353
total time is  28258.467124700546
Epoch [1050001/10000001], Loss: 0.0003177112084813416
total time is  28368.3562605381
Epoch [1060001/10000001], Loss: 0.00031694871722720563
total time is  28478.8308737278
Epoch [1070001/10000001], Loss: 0.0003161805507261306
total time is  28595.604809999466
Epoch [1080001/10000001], Loss: 0.000315415469231084
total time is  28684.82626056671
Epoch [1090001/10000001], Loss: 0.0003146652306895703
total time is  28801.56968855858
Epoch [1100001/10000001], Loss: 0.0003139142645522952
total time is  28893.32589840889
Epoch [1110001/10000001], Loss: 0.00031316993408836424
total time is  29016.52689409256
Epoch [1120001/10000001], Loss: 0.00031241009128279984
total time is  29112.389770269394
Epoch [1130001/10000001], Loss: 0.00031165656400844455
total time is  29236.553022146225
Epoch [1140001/10000001], Loss: 0.0003109168610535562
total time is  29343.277131319046
Epoch [1150001/10000001], Loss: 0.00031017509172670543
total time is  29461.196592092514
Epoch [1160001/10000001], Loss: 0.0003094289859291166
total time is  29579.12123775482
Epoch [1170001/10000001], Loss: 0.0003086789802182466
total time is  29671.089661836624
Epoch [1180001/10000001], Loss: 0.00030794466147199273
total time is  29794.69930744171
Epoch [1190001/10000001], Loss: 0.00030721339862793684
total time is  29882.908559799194
Epoch [1200001/10000001], Loss: 0.0003064685733988881
total time is  29999.231637239456
Epoch [1210001/10000001], Loss: 0.00030572866671718657
total time is  30093.460332393646
Epoch [1220001/10000001], Loss: 0.0003050012746825814
total time is  30215.334295988083
Epoch [1230001/10000001], Loss: 0.0003042696916963905
total time is  30317.689247608185
Epoch [1240001/10000001], Loss: 0.00030352777685038745
total time is  30442.260807037354
Epoch [1250001/10000001], Loss: 0.00030280547798611224
total time is  30557.590059280396
Epoch [1260001/10000001], Loss: 0.00030207494273781776
total time is  30677.114065647125
Epoch [1270001/10000001], Loss: 0.0003013507230207324
total time is  30799.05518937111
Epoch [1280001/10000001], Loss: 0.00030061625875532627
total time is  30917.178878307343
Epoch [1290001/10000001], Loss: 0.00029989579343236983
total time is  31043.57939004898
Epoch [1300001/10000001], Loss: 0.00029917992651462555
total time is  31160.98994755745
Epoch [1310001/10000001], Loss: 0.0002984653692692518
total time is  31288.29772090912
Epoch [1320001/10000001], Loss: 0.0002977463009301573
total time is  31403.402928352356
Epoch [1330001/10000001], Loss: 0.00029702382744289935
total time is  31530.99836754799
Epoch [1340001/10000001], Loss: 0.00029630298377014697
total time is  31632.75416636467
Epoch [1350001/10000001], Loss: 0.0002955866220872849
total time is  31756.41079235077
Epoch [1360001/10000001], Loss: 0.0002948695910163224
total time is  31848.41295194626
Epoch [1370001/10000001], Loss: 0.00029414647724479437
total time is  31974.097147226334
Epoch [1380001/10000001], Loss: 0.0002934303192887455
total time is  32065.396239757538
Epoch [1390001/10000001], Loss: 0.00029269439983181655
total time is  32192.92071890831
Epoch [1400001/10000001], Loss: 0.0002919773105531931
total time is  32288.647258281708
Epoch [1410001/10000001], Loss: 0.0002912583586294204
total time is  32416.419283628464
Epoch [1420001/10000001], Loss: 0.00029053507023490965
total time is  32513.725056648254
Epoch [1430001/10000001], Loss: 0.0002898011589422822
total time is  32640.99401450157
Epoch [1440001/10000001], Loss: 0.00028907228261232376
total time is  32754.22064971924
Epoch [1450001/10000001], Loss: 0.00028834716067649424
total time is  32882.30055785179
Epoch [1460001/10000001], Loss: 0.0002876102225854993
total time is  32997.15762448311
Epoch [1470001/10000001], Loss: 0.00028687622398138046
total time is  33060.97250914574
Epoch [1480001/10000001], Loss: 0.0002861370739992708
total time is  33119.65608525276
Epoch [1490001/10000001], Loss: 0.0002853898622561246
total time is  33173.893579244614
Epoch [1500001/10000001], Loss: 0.00028464358183555305
total time is  33237.088861227036
Epoch [1510001/10000001], Loss: 0.0002838882792275399
total time is  33292.949568748474
Epoch [1520001/10000001], Loss: 0.0002831127494573593
total time is  33348.654664993286
Epoch [1530001/10000001], Loss: 0.0002823519753292203
total time is  33398.04409480095
Epoch [1540001/10000001], Loss: 0.00028158770874142647
total time is  33449.35890841484
Epoch [1550001/10000001], Loss: 0.0002808056597132236
total time is  33499.95422029495
Epoch [1560001/10000001], Loss: 0.00028001857572235167
total time is  33554.08271431923
Epoch [1570001/10000001], Loss: 0.0002792240120470524
total time is  33605.713388204575
Epoch [1580001/10000001], Loss: 0.0002784130338113755
total time is  33665.02183818817
Epoch [1590001/10000001], Loss: 0.0002776019973680377
total time is  33717.28554368019
Epoch [1600001/10000001], Loss: 0.00027676214813254774
total time is  33777.8426425457
Epoch [1610001/10000001], Loss: 0.0002758927003014833
total time is  33829.56126523018
Epoch [1620001/10000001], Loss: 0.0002750285202637315
total time is  33888.81356215477
Epoch [1630001/10000001], Loss: 0.0002741086937021464
total time is  33940.69931435585
Epoch [1640001/10000001], Loss: 0.0002731852582655847
total time is  33993.06197190285
Epoch [1650001/10000001], Loss: 0.00027221516938880086
total time is  34044.612668037415
Epoch [1660001/10000001], Loss: 0.00027119150036014616
total time is  34097.013781785965
Epoch [1670001/10000001], Loss: 0.0002701105840969831
total time is  34149.675476551056
Epoch [1680001/10000001], Loss: 0.0002689568209461868
total time is  34208.9087831974
Epoch [1690001/10000001], Loss: 0.00026762677589431405
total time is  34260.23967957497
Epoch [1700001/10000001], Loss: 0.0002660684986039996
total time is  34318.50479078293
Epoch [1710001/10000001], Loss: 0.00026405666721984744
total time is  34369.88657832146
Epoch [1720001/10000001], Loss: 0.0002622867177706212
total time is  34422.90501046181
Epoch [1730001/10000001], Loss: 0.000260938802966848
total time is  34479.181069135666
Epoch [1740001/10000001], Loss: 0.0002597394632175565
total time is  34532.234256505966
Epoch [1750001/10000001], Loss: 0.0002585937618277967
total time is  34589.73687148094
Epoch [1760001/10000001], Loss: 0.0002575325488578528
total time is  34640.96740460396
Epoch [1770001/10000001], Loss: 0.0002565165050327778
total time is  34700.943992853165
Epoch [1780001/10000001], Loss: 0.0002555674291215837
total time is  34752.45083594322
Epoch [1790001/10000001], Loss: 0.0002546220785006881
total time is  34815.84443640709
Epoch [1800001/10000001], Loss: 0.00025372536038048565
total time is  34872.94588971138
Epoch [1810001/10000001], Loss: 0.00025284450384788215
total time is  34927.69594216347
Epoch [1820001/10000001], Loss: 0.0002519733679946512
total time is  34980.234065294266
Epoch [1830001/10000001], Loss: 0.0002511354396119714
total time is  35041.06756615639
Epoch [1840001/10000001], Loss: 0.00025029826792888343
total time is  35092.64327454567
Epoch [1850001/10000001], Loss: 0.0002494843793101609
total time is  35147.867851257324
Epoch [1860001/10000001], Loss: 0.00024869065964594483
total time is  35198.48937535286
Epoch [1870001/10000001], Loss: 0.000247904856223613
total time is  35254.09099006653
Epoch [1880001/10000001], Loss: 0.0002471277548465878
total time is  35308.9940867424
Epoch [1890001/10000001], Loss: 0.00024635769659653306
total time is  35362.313425540924
Epoch [1900001/10000001], Loss: 0.00024560841848142445
total time is  35425.17061305046
Epoch [1910001/10000001], Loss: 0.0002448530576657504
total time is  35478.832778930664
Epoch [1920001/10000001], Loss: 0.00024411526101175696
total time is  35538.449228048325
Epoch [1930001/10000001], Loss: 0.00024338629737030715
total time is  35598.52619385719
Epoch [1940001/10000001], Loss: 0.00024266541004180908
total time is  35653.90828537941
Epoch [1950001/10000001], Loss: 0.00024194798606913537
total time is  35711.096250772476
Epoch [1960001/10000001], Loss: 0.0002412402827758342
total time is  35763.95243215561
Epoch [1970001/10000001], Loss: 0.00024053704692050815
total time is  35818.05183553696
Epoch [1980001/10000001], Loss: 0.00023983680875971913
total time is  35874.788754463196
Epoch [1990001/10000001], Loss: 0.00023914295888971537
total time is  35942.73868393898
Epoch [2000001/10000001], Loss: 0.00023845158284530044
total time is  35996.76293134689
Epoch [2010001/10000001], Loss: 0.00023776531452313066
total time is  36051.96096968651
Epoch [2020001/10000001], Loss: 0.0002370874717598781
total time is  36103.32078409195
Epoch [2030001/10000001], Loss: 0.00023641210282221437
total time is  36156.76705098152
Epoch [2040001/10000001], Loss: 0.00023574155056849122
total time is  36217.841051101685
Epoch [2050001/10000001], Loss: 0.0002350698778172955
total time is  36272.22898387909
Epoch [2060001/10000001], Loss: 0.00023441931989509612
total time is  36324.134949207306
Epoch [2070001/10000001], Loss: 0.00023376077297143638
total time is  36375.462859869
Epoch [2080001/10000001], Loss: 0.00023311498807743192
total time is  36434.02757644653
Epoch [2090001/10000001], Loss: 0.0002324720990145579
total time is  36501.46605038643
Epoch [2100001/10000001], Loss: 0.0002318342449143529
total time is  36570.051229953766
Epoch [2110001/10000001], Loss: 0.00023119519755709916
total time is  36634.62460851669
Epoch [2120001/10000001], Loss: 0.00023056042846292257
total time is  36689.76590466499
Epoch [2130001/10000001], Loss: 0.00022993171296548098
total time is  36752.090227365494
Epoch [2140001/10000001], Loss: 0.0002293026918778196
total time is  36819.03028178215
Epoch [2150001/10000001], Loss: 0.00022869302483741194
total time is  36878.65723609924
Epoch [2160001/10000001], Loss: 0.0002280840853927657
total time is  36936.06142568588
Epoch [2170001/10000001], Loss: 0.00022747341427020729
total time is  37001.1384665966
Epoch [2180001/10000001], Loss: 0.0002268587559228763
total time is  37069.077451467514
Epoch [2190001/10000001], Loss: 0.00022625587007496506
total time is  37136.63115859032
Epoch [2200001/10000001], Loss: 0.0002256573789054528
total time is  37203.38874006271
Epoch [2210001/10000001], Loss: 0.00022506002278532833
total time is  37263.03273010254
Epoch [2220001/10000001], Loss: 0.00022446279763244092
total time is  37318.87018322945
Epoch [2230001/10000001], Loss: 0.00022387719945982099
total time is  37385.55696725845
Epoch [2240001/10000001], Loss: 0.00022328920022118837
total time is  37455.2999522686
Epoch [2250001/10000001], Loss: 0.0002227074292022735
total time is  37518.25533914566
Epoch [2260001/10000001], Loss: 0.00022212817566469312
total time is  37575.43683743477
Epoch [2270001/10000001], Loss: 0.00022155426268000156
total time is  37635.6428129673
Epoch [2280001/10000001], Loss: 0.0002209799422416836
total time is  37691.04589056969
Epoch [2290001/10000001], Loss: 0.00022039655596017838
total time is  37750.505949020386
Epoch [2300001/10000001], Loss: 0.00021982639736961573
total time is  37810.40667438507
Epoch [2310001/10000001], Loss: 0.000219259993173182
total time is  37872.604200839996
Epoch [2320001/10000001], Loss: 0.00021869853662792593
total time is  37930.22486114502
Epoch [2330001/10000001], Loss: 0.00021814103820361197
total time is  37987.94929909706
Epoch [2340001/10000001], Loss: 0.00021758062939625233
total time is  38043.10638713837
Epoch [2350001/10000001], Loss: 0.0002170252555515617
total time is  38100.26692342758
Epoch [2360001/10000001], Loss: 0.00021648162510246038
total time is  38163.823800325394
Epoch [2370001/10000001], Loss: 0.00021593300334643573
total time is  38219.78245449066
Epoch [2380001/10000001], Loss: 0.0002153960958821699
total time is  38284.79727745056
Epoch [2390001/10000001], Loss: 0.00021485399338416755
total time is  38346.22923088074
Epoch [2400001/10000001], Loss: 0.00021432798530440778
total time is  38417.390808582306
Epoch [2410001/10000001], Loss: 0.0002137918781954795
total time is  38477.53515338898
Epoch [2420001/10000001], Loss: 0.0002132725203409791
total time is  38539.9402859211
Epoch [2430001/10000001], Loss: 0.0002127525513060391
total time is  38595.74685573578
Epoch [2440001/10000001], Loss: 0.00021222744544502348
total time is  38656.02938699722
Epoch [2450001/10000001], Loss: 0.00021169913816265762
total time is  38718.76301121712
Epoch [2460001/10000001], Loss: 0.00021119457960594445
total time is  38965.009244441986
Epoch [2470001/10000001], Loss: 0.00021068152273073792
total time is  39010.97265934944
Epoch [2480001/10000001], Loss: 0.00021016479877289385
total time is  39075.285538196564
Epoch [2490001/10000001], Loss: 0.00020966838928870857
total time is  39138.46858906746
Epoch [2500001/10000001], Loss: 0.00020915575441904366
total time is  39202.37114453316
Epoch [2510001/10000001], Loss: 0.00020864407997578382
total time is  39271.29993772507
Epoch [2520001/10000001], Loss: 0.00020815878815483302
total time is  39334.542070388794
Epoch [2530001/10000001], Loss: 0.00020765597582794726
total time is  39400.7313542366
Epoch [2540001/10000001], Loss: 0.00020717887673527002
total time is  39462.360697984695
Epoch [2550001/10000001], Loss: 0.0002066753077087924
total time is  39522.258514642715
Epoch [2560001/10000001], Loss: 0.00020617939298972487
total time is  39584.73966264725
Epoch [2570001/10000001], Loss: 0.00020570713968481869
total time is  39647.440792798996
Epoch [2580001/10000001], Loss: 0.00020522193517535925
total time is  39709.53132247925
Epoch [2590001/10000001], Loss: 0.00020474972552619874
total time is  39770.89797306061
Epoch [2600001/10000001], Loss: 0.0002042741543846205
total time is  39833.13028883934
Epoch [2610001/10000001], Loss: 0.00020379859779495746
total time is  39900.559057474136
Epoch [2620001/10000001], Loss: 0.00020332740677986294
total time is  39960.2603802681
Epoch [2630001/10000001], Loss: 0.0002028579474426806
total time is  40022.611781835556
Epoch [2640001/10000001], Loss: 0.00020238776050973684
total time is  40085.192942380905
Epoch [2650001/10000001], Loss: 0.00020192084775771946
total time is  40160.34606838226
Epoch [2660001/10000001], Loss: 0.00020144294830970466
total time is  40223.886847257614
Epoch [2670001/10000001], Loss: 0.00020099182438571006
total time is  40287.916444301605
Epoch [2680001/10000001], Loss: 0.0002005297428695485
total time is  40347.412053346634
Epoch [2690001/10000001], Loss: 0.0002000704116653651
total time is  40417.01455068588
Epoch [2700001/10000001], Loss: 0.00019962307123932987
total time is  40482.66913366318
Epoch [2710001/10000001], Loss: 0.00019916704331990331
total time is  40548.04693222046
Epoch [2720001/10000001], Loss: 0.00019871359108947217
total time is  40613.87540316582
Epoch [2730001/10000001], Loss: 0.0001982508401852101
total time is  40678.71806716919
Epoch [2740001/10000001], Loss: 0.0001978072541533038
total time is  40741.74613714218
Epoch [2750001/10000001], Loss: 0.00019735959358513355
total time is  40807.53282046318
Epoch [2760001/10000001], Loss: 0.00019690878980327398
total time is  40872.237862586975
Epoch [2770001/10000001], Loss: 0.00019647325098048896
total time is  40931.62019729614
Epoch [2780001/10000001], Loss: 0.0001960216904990375
total time is  40995.331621170044
Epoch [2790001/10000001], Loss: 0.0001955889747478068
total time is  41061.418805122375
Epoch [2800001/10000001], Loss: 0.0001951580634340644
total time is  41132.682772397995
Epoch [2810001/10000001], Loss: 0.0001947280252352357
total time is  41218.18715620041
Epoch [2820001/10000001], Loss: 0.00019429366511758417
total time is  41290.94347572327
Epoch [2830001/10000001], Loss: 0.00019385818450246006
total time is  41367.83611226082
Epoch [2840001/10000001], Loss: 0.00019343773601576686
total time is  41443.606926202774
Epoch [2850001/10000001], Loss: 0.00019301239808555692
total time is  41512.90737438202
Epoch [2860001/10000001], Loss: 0.00019258407701272517
total time is  41581.77974104881
Epoch [2870001/10000001], Loss: 0.0001921624061651528
total time is  41648.19921088219
Epoch [2880001/10000001], Loss: 0.0001917396002681926
total time is  41715.16315531731
Epoch [2890001/10000001], Loss: 0.00019132677698507905
total time is  41778.758860349655
Epoch [2900001/10000001], Loss: 0.00019091441936325282
total time is  41846.502844810486
Epoch [2910001/10000001], Loss: 0.0001905000681290403
total time is  41920.98813986778
Epoch [2920001/10000001], Loss: 0.00019007928494829684
total time is  41997.10510921478
Epoch [2930001/10000001], Loss: 0.00018966582138091326
total time is  42065.803834438324
Epoch [2940001/10000001], Loss: 0.0001892571453936398
total time is  42132.10884428024
Epoch [2950001/10000001], Loss: 0.000188856603926979
total time is  42202.72017979622
Epoch [2960001/10000001], Loss: 0.00018844900478143245
total time is  42271.223605155945
Epoch [2970001/10000001], Loss: 0.0001880381314549595
total time is  42341.40753865242
Epoch [2980001/10000001], Loss: 0.00018763217667583376
total time is  42410.965369939804
Epoch [2990001/10000001], Loss: 0.0001872373541118577
total time is  42488.00180840492
Epoch [3000001/10000001], Loss: 0.00018684258975554258
total time is  42559.6417324543
Epoch [3010001/10000001], Loss: 0.0001864432415459305
total time is  42628.757051706314
Epoch [3020001/10000001], Loss: 0.00018603827629704028
total time is  42697.90924286842
Epoch [3030001/10000001], Loss: 0.0001856506714830175
total time is  42772.03999686241
Epoch [3040001/10000001], Loss: 0.00018526030180510134
total time is  42848.97218966484
Epoch [3050001/10000001], Loss: 0.00018486958288121969
total time is  42920.80955719948
Epoch [3060001/10000001], Loss: 0.00018448203627485782
total time is  42990.37776994705
Epoch [3070001/10000001], Loss: 0.00018409453332424164
total time is  43062.757150650024
Epoch [3080001/10000001], Loss: 0.00018371458281762898
total time is  43131.93349170685
Epoch [3090001/10000001], Loss: 0.00018333562184125185
total time is  43201.83068346977
Epoch [3100001/10000001], Loss: 0.00018295980407856405
total time is  43272.9740896225
Epoch [3110001/10000001], Loss: 0.0001825832441681996
total time is  43343.781774520874
Epoch [3120001/10000001], Loss: 0.00018220458878204226
total time is  43409.49651646614
Epoch [3130001/10000001], Loss: 0.0001818345917854458
total time is  43508.41237068176
Epoch [3140001/10000001], Loss: 0.00018145499052479863
total time is  43643.998540878296
Epoch [3150001/10000001], Loss: 0.00018108852964360267
total time is  43777.582870960236
Epoch [3160001/10000001], Loss: 0.0001807204243959859
total time is  43844.85395669937
Epoch [3170001/10000001], Loss: 0.00018035723769571632
total time is  43911.268642663956
Epoch [3180001/10000001], Loss: 0.000179995215148665
total time is  43979.3111846447
Epoch [3190001/10000001], Loss: 0.0001796399592421949
total time is  44047.473536252975
Epoch [3200001/10000001], Loss: 0.00017928048328030854
total time is  44108.90592312813
Epoch [3210001/10000001], Loss: 0.0001789244415704161
total time is  44171.03143239021
Epoch [3220001/10000001], Loss: 0.00017856934573501348
total time is  44232.961023807526
Epoch [3230001/10000001], Loss: 0.00017822047811932862
total time is  44297.26108074188
Epoch [3240001/10000001], Loss: 0.00017786974785849452
total time is  44358.56190133095
Epoch [3250001/10000001], Loss: 0.00017752769053913653
total time is  44420.59081053734
Epoch [3260001/10000001], Loss: 0.0001771774113876745
total time is  44480.82375216484
Epoch [3270001/10000001], Loss: 0.00017683813348412514
total time is  44540.44688487053
Epoch [3280001/10000001], Loss: 0.0001764980988809839
total time is  44601.274156332016
Epoch [3290001/10000001], Loss: 0.00017616126569919288
total time is  44660.536085128784
Epoch [3300001/10000001], Loss: 0.00017582390864845365
total time is  44721.499824762344
Epoch [3310001/10000001], Loss: 0.00017549029143992811
total time is  44783.944896698
Epoch [3320001/10000001], Loss: 0.0001751585368765518
total time is  44844.83487534523
Epoch [3330001/10000001], Loss: 0.00017482828116044402
total time is  44905.77711248398
Epoch [3340001/10000001], Loss: 0.0001744986802805215
total time is  44964.98909378052
Epoch [3350001/10000001], Loss: 0.0001741713349474594
total time is  45026.457793712616
Epoch [3360001/10000001], Loss: 0.00017384829698130488
total time is  45086.14570260048
Epoch [3370001/10000001], Loss: 0.00017352442955598235
total time is  45146.0219244957
Epoch [3380001/10000001], Loss: 0.0001732022501528263
total time is  45207.28008341789
Epoch [3390001/10000001], Loss: 0.0001728789648041129
total time is  45270.61857867241
Epoch [3400001/10000001], Loss: 0.00017256908176932484
total time is  45334.27621126175
Epoch [3410001/10000001], Loss: 0.00017225540068466216
total time is  45395.87071084976
Epoch [3420001/10000001], Loss: 0.00017194380052387714
total time is  45458.85728383064
Epoch [3430001/10000001], Loss: 0.00017163620213977993
total time is  45520.18975234032
Epoch [3440001/10000001], Loss: 0.00017132540233433247
total time is  45582.88669681549
Epoch [3450001/10000001], Loss: 0.00017101358389481902
total time is  45643.98984527588
Epoch [3460001/10000001], Loss: 0.00017071356705855578
total time is  45707.10437107086
Epoch [3470001/10000001], Loss: 0.00017040666716638952
total time is  45768.88204550743
Epoch [3480001/10000001], Loss: 0.0001701066066743806
total time is  45830.36836886406
Epoch [3490001/10000001], Loss: 0.00016980791406240314
total time is  45890.87376856804
Epoch [3500001/10000001], Loss: 0.00016951093857642263
total time is  45952.513971567154
Epoch [3510001/10000001], Loss: 0.00016921479254961014
total time is  46011.820469379425
Epoch [3520001/10000001], Loss: 0.0001689169876044616
total time is  46075.196135520935
Epoch [3530001/10000001], Loss: 0.00016862087068147957
total time is  46138.3296649456
Epoch [3540001/10000001], Loss: 0.00016832603432703763
total time is  46201.81549739838
Epoch [3550001/10000001], Loss: 0.0001680349960224703
total time is  46264.28685927391
Epoch [3560001/10000001], Loss: 0.00016775580297689885
total time is  46325.1871407032
Epoch [3570001/10000001], Loss: 0.00016747294284868985
total time is  46390.97329878807
Epoch [3580001/10000001], Loss: 0.0001671896898187697
total time is  46453.53466773033
Epoch [3590001/10000001], Loss: 0.00016690757183823735
total time is  46515.562759160995
Epoch [3600001/10000001], Loss: 0.00016662913549225777
total time is  46576.8906481266
Epoch [3610001/10000001], Loss: 0.0001663510629441589
total time is  46639.13437318802
Epoch [3620001/10000001], Loss: 0.00016607412544544786
total time is  46701.38158988953
Epoch [3630001/10000001], Loss: 0.0001657974353292957
total time is  46764.22193479538
Epoch [3640001/10000001], Loss: 0.00016551969747524709
total time is  46826.07483792305
Epoch [3650001/10000001], Loss: 0.00016524280363228172
total time is  46888.199224472046
Epoch [3660001/10000001], Loss: 0.00016497190517839044
total time is  46948.86383605003
Epoch [3670001/10000001], Loss: 0.00016470160335302353
total time is  47012.52223610878
Epoch [3680001/10000001], Loss: 0.00016443397908005863
total time is  47073.97035932541
Epoch [3690001/10000001], Loss: 0.00016416743164882064
total time is  47137.304649591446
Epoch [3700001/10000001], Loss: 0.00016390161181334406
total time is  47200.145689725876
Epoch [3710001/10000001], Loss: 0.00016364447947125882
total time is  47261.925429821014
Epoch [3720001/10000001], Loss: 0.0001633836072869599
total time is  47323.94767665863
Epoch [3730001/10000001], Loss: 0.00016311569197569042
total time is  47386.93164277077
Epoch [3740001/10000001], Loss: 0.00016286494792439044
total time is  47454.06226468086
Epoch [3750001/10000001], Loss: 0.0001626116136321798
total time is  47512.25663137436
Epoch [3760001/10000001], Loss: 0.0001623575808480382
total time is  47574.99557495117
Epoch [3770001/10000001], Loss: 0.00016210404282901436
total time is  47634.32434177399
Epoch [3780001/10000001], Loss: 0.00016185150889214128
total time is  47695.41847252846
Epoch [3790001/10000001], Loss: 0.00016159677761606872
total time is  47757.84000349045
Epoch [3800001/10000001], Loss: 0.00016134671750478446
total time is  47821.09082245827
Epoch [3810001/10000001], Loss: 0.00016109341231640428
total time is  47884.30602002144
Epoch [3820001/10000001], Loss: 0.00016085240349639207
total time is  47948.8002178669
Epoch [3830001/10000001], Loss: 0.00016061014321167022
total time is  48010.931616306305
Epoch [3840001/10000001], Loss: 0.0001603661512490362
total time is  48073.67291069031
Epoch [3850001/10000001], Loss: 0.00016012035484891385
total time is  48135.263285160065
Epoch [3860001/10000001], Loss: 0.0001598767121322453
total time is  48197.917607307434
Epoch [3870001/10000001], Loss: 0.0001596440706634894
total time is  48259.41403889656
Epoch [3880001/10000001], Loss: 0.00015940926095936447
total time is  48322.488422870636
Epoch [3890001/10000001], Loss: 0.00015917363634798676
total time is  48383.61905026436
Epoch [3900001/10000001], Loss: 0.0001589373277965933
total time is  48444.56161952019
Epoch [3910001/10000001], Loss: 0.00015870046627242118
total time is  48504.6536924839
Epoch [3920001/10000001], Loss: 0.0001584741985425353
total time is  48566.62847042084
Epoch [3930001/10000001], Loss: 0.00015824931324459612
total time is  48628.4813272953
Epoch [3940001/10000001], Loss: 0.00015802100824657828
total time is  48692.01937580109
Epoch [3950001/10000001], Loss: 0.0001577893563080579
total time is  48757.71680569649
Epoch [3960001/10000001], Loss: 0.00015755946515128016
total time is  48820.10384964943
Epoch [3970001/10000001], Loss: 0.0001573429035488516
total time is  48883.552495241165
Epoch [3980001/10000001], Loss: 0.00015712309686932713
total time is  48945.823366642
Epoch [3990001/10000001], Loss: 0.00015690318832639605
total time is  49010.21170568466
Epoch [4000001/10000001], Loss: 0.00015668157720938325
total time is  49071.34414577484
Epoch [4010001/10000001], Loss: 0.0001564638951094821
total time is  49133.887833595276
Epoch [4020001/10000001], Loss: 0.00015625159721821547
total time is  49198.110387802124
Epoch [4030001/10000001], Loss: 0.0001560389791848138
total time is  49261.22129821777
Epoch [4040001/10000001], Loss: 0.0001558239891892299
total time is  49323.43958520889
Epoch [4050001/10000001], Loss: 0.0001556098577566445
total time is  49386.04445028305
Epoch [4060001/10000001], Loss: 0.00015540361346211284
total time is  49446.59512472153
Epoch [4070001/10000001], Loss: 0.00015519811131525785
total time is  49507.33402514458
Epoch [4080001/10000001], Loss: 0.00015499249275308102
total time is  49569.53496456146
Epoch [4090001/10000001], Loss: 0.000154783483594656
total time is  49631.40198469162
Epoch [4100001/10000001], Loss: 0.0001545799314044416
total time is  49694.72612595558
Epoch [4110001/10000001], Loss: 0.00015438252012245357
total time is  49759.98267030716
Epoch [4120001/10000001], Loss: 0.00015418094699271023
total time is  49822.82419657707
Epoch [4130001/10000001], Loss: 0.00015398007235489786
total time is  49886.83996009827
Epoch [4140001/10000001], Loss: 0.0001537802891107276
total time is  49946.04319834709
Epoch [4150001/10000001], Loss: 0.0001535844203317538
total time is  50009.09284591675
Epoch [4160001/10000001], Loss: 0.00015338760567829013
total time is  50109.9431040287
Epoch [4170001/10000001], Loss: 0.00015319387603085488
total time is  50215.77485847473
Epoch [4180001/10000001], Loss: 0.00015299637743737549
total time is  50321.692729234695
Epoch [4190001/10000001], Loss: 0.00015280469960998744
total time is  50427.31579422951
Epoch [4200001/10000001], Loss: 0.00015261763473972678
total time is  50536.50550675392
Epoch [4210001/10000001], Loss: 0.0001524288672953844
total time is  50631.33222913742
Epoch [4220001/10000001], Loss: 0.00015226895629893988
total time is  50680.2578163147
Epoch [4230001/10000001], Loss: 0.00015205470845103264
total time is  50765.489537239075
Epoch [4240001/10000001], Loss: 0.00015187085955403745
total time is  50869.39762377739
Epoch [4250001/10000001], Loss: 0.0001516815391369164
total time is  50977.14151310921
Epoch [4260001/10000001], Loss: 0.0001514935283921659
total time is  51083.64521598816
Epoch [4270001/10000001], Loss: 0.0001513138849986717
total time is  51192.24349522591
Epoch [4280001/10000001], Loss: 0.0001511355076218024
total time is  51297.07432126999
Epoch [4290001/10000001], Loss: 0.00015095291018951684
total time is  51380.181713581085
Epoch [4300001/10000001], Loss: 0.0001507695997133851
total time is  51428.91675281525
Epoch [4310001/10000001], Loss: 0.00015059621364343911
total time is  51525.746195077896
Epoch [4320001/10000001], Loss: 0.00015041926235426217
total time is  51631.69626784325
Epoch [4330001/10000001], Loss: 0.00015024271851871163
total time is  51739.32721877098
Epoch [4340001/10000001], Loss: 0.00015006412286311388
total time is  51848.44149494171
Epoch [4350001/10000001], Loss: 0.0001498969504609704
total time is  51952.78750395775
Epoch [4360001/10000001], Loss: 0.00014972638746257871
total time is  52064.947523355484
Epoch [4370001/10000001], Loss: 0.00014955065853428096
total time is  52172.79633021355
Epoch [4380001/10000001], Loss: 0.00014938095409888774
total time is  52282.217235803604
Epoch [4390001/10000001], Loss: 0.00014921629917807877
total time is  52389.46779823303
Epoch [4400001/10000001], Loss: 0.00014904714771546423
total time is  52497.060690402985
Epoch [4410001/10000001], Loss: 0.0001488764100940898
total time is  52604.30753326416
Epoch [4420001/10000001], Loss: 0.00014872109750285745
total time is  52713.628184080124
Epoch [4430001/10000001], Loss: 0.00014855506015010178
total time is  52818.422120809555
Epoch [4440001/10000001], Loss: 0.00014839190407656133
total time is  52922.702169418335
Epoch [4450001/10000001], Loss: 0.0001482329680584371
total time is  53032.337269067764
Epoch [4460001/10000001], Loss: 0.00014806944818701595
total time is  53126.47968173027
Epoch [4470001/10000001], Loss: 0.0001479039783589542
total time is  53169.583314180374
Epoch [4480001/10000001], Loss: 0.0001477500918554142
total time is  53258.81727218628
Epoch [4490001/10000001], Loss: 0.00014759371697437018
total time is  53363.81460928917
Epoch [4500001/10000001], Loss: 0.00014743188512511551
total time is  53473.21813416481
Epoch [4510001/10000001], Loss: 0.0001472793082939461
total time is  53580.38223719597
Epoch [4520001/10000001], Loss: 0.00014712594565935433
total time is  53688.38872408867
Epoch [4530001/10000001], Loss: 0.0001469683338655159
total time is  53796.216651916504
Epoch [4540001/10000001], Loss: 0.0001468156697228551
total time is  53903.87452840805
Epoch [4550001/10000001], Loss: 0.00014667079085484147
total time is  54012.41090631485
Epoch [4560001/10000001], Loss: 0.00014651412493549287
total time is  54118.89504170418
Epoch [4570001/10000001], Loss: 0.0001463775261072442
total time is  54227.75772380829
Epoch [4580001/10000001], Loss: 0.00014623008610215038
total time is  54337.80293059349
Epoch [4590001/10000001], Loss: 0.00014608580386266112
total time is  54440.10284280777
Epoch [4600001/10000001], Loss: 0.0001459363120375201
total time is  54541.40855336189
Epoch [4610001/10000001], Loss: 0.0001457956386730075
total time is  54608.57235956192
Epoch [4620001/10000001], Loss: 0.0001456489262636751
total time is  54671.38039636612
Epoch [4630001/10000001], Loss: 0.0001454999583074823
total time is  54769.13071894646
Epoch [4640001/10000001], Loss: 0.00014536030357703567
total time is  54876.17331504822
Epoch [4650001/10000001], Loss: 0.00014521768025588244
total time is  54985.524060964584
Epoch [4660001/10000001], Loss: 0.00014507112791761756
total time is  55092.744287252426
Epoch [4670001/10000001], Loss: 0.00014492990158032626
total time is  55202.53717494011
Epoch [4680001/10000001], Loss: 0.0001447904942324385
total time is  55309.94324922562
Epoch [4690001/10000001], Loss: 0.0001446488022338599
total time is  55410.15171289444
Epoch [4700001/10000001], Loss: 0.00014451211609411985
total time is  55498.38062405586
Epoch [4710001/10000001], Loss: 0.00014437723439186811
total time is  55550.43861532211
Epoch [4720001/10000001], Loss: 0.00014423670654650778
total time is  55639.06290483475
Epoch [4730001/10000001], Loss: 0.00014410384756047279
total time is  55741.8821413517
Epoch [4740001/10000001], Loss: 0.00014396973710972816
total time is  55848.82751107216
Epoch [4750001/10000001], Loss: 0.00014383105735760182
total time is  55959.573160648346
Epoch [4760001/10000001], Loss: 0.00014370145800057799
total time is  56069.8132212162
Epoch [4770001/10000001], Loss: 0.0001435697777196765
total time is  56177.39908075333
Epoch [4780001/10000001], Loss: 0.0001434341393178329
total time is  56281.405148506165
Epoch [4790001/10000001], Loss: 0.00014330807607620955
total time is  56388.94489192963
Epoch [4800001/10000001], Loss: 0.00014317659952212125
total time is  56477.38358211517
Epoch [4810001/10000001], Loss: 0.00014305455260910094
total time is  56519.47292089462
Epoch [4820001/10000001], Loss: 0.00014292380365077406
total time is  56611.60488510132
Epoch [4830001/10000001], Loss: 0.00014279877359513193
total time is  56719.282257795334
Epoch [4840001/10000001], Loss: 0.00014267285587266088
total time is  56825.3497903347
Epoch [4850001/10000001], Loss: 0.0001425461668986827
total time is  56906.78353857994
Epoch [4860001/10000001], Loss: 0.00014242962060961872
total time is  56953.72792553902
Epoch [4870001/10000001], Loss: 0.00014230326632969081
total time is  57052.44115924835
Epoch [4880001/10000001], Loss: 0.0001421874767402187
total time is  57161.3370513916
Epoch [4890001/10000001], Loss: 0.0001420676417183131
total time is  57264.14421868324
Epoch [4900001/10000001], Loss: 0.0001419566833646968
total time is  57327.2248749733
Epoch [4910001/10000001], Loss: 0.00014183846360538155
total time is  57393.93635439873
Epoch [4920001/10000001], Loss: 0.00014172185910865664
total time is  57497.93343305588
Epoch [4930001/10000001], Loss: 0.00014160816499497741
total time is  57602.95670413971
Epoch [4940001/10000001], Loss: 0.00014148994523566216
total time is  57711.02143192291
Epoch [4950001/10000001], Loss: 0.0001413761783624068
total time is  57807.04867219925
Epoch [4960001/10000001], Loss: 0.00014126126188784838
total time is  57851.52244210243
Epoch [4970001/10000001], Loss: 0.0001411427219863981
total time is  57934.85121035576
Epoch [4980001/10000001], Loss: 0.00014103457215242088
total time is  58036.28845119476
Epoch [4990001/10000001], Loss: 0.00014091994671616703
total time is  58143.66239595413
Epoch [5000001/10000001], Loss: 0.00014080785331316292
total time is  58249.45084619522
Epoch [5010001/10000001], Loss: 0.00014069337339606136
total time is  58358.21600699425
Epoch [5020001/10000001], Loss: 0.00014058835222385824
total time is  58465.540853738785
Epoch [5030001/10000001], Loss: 0.00014047991135157645
total time is  58554.035454273224
Epoch [5040001/10000001], Loss: 0.00014036633365321904
total time is  58596.141837358475
Epoch [5050001/10000001], Loss: 0.00014026380085851997
total time is  58689.43628883362
Epoch [5060001/10000001], Loss: 0.00014015770284458995
total time is  58795.8857793808
Epoch [5070001/10000001], Loss: 0.00014004475087858737
total time is  58902.383633852005
Epoch [5080001/10000001], Loss: 0.00013994223263580352
total time is  59000.33681488037
Epoch [5090001/10000001], Loss: 0.00013983610551804304
total time is  59050.644869327545
Epoch [5100001/10000001], Loss: 0.0001397291198372841
total time is  59129.32613873482
Epoch [5110001/10000001], Loss: 0.0001396252919221297
total time is  59229.614839315414
Epoch [5120001/10000001], Loss: 0.00013951670553069562
total time is  59337.72457408905
Epoch [5130001/10000001], Loss: 0.00013941593351773918
total time is  59444.99178195
Epoch [5140001/10000001], Loss: 0.00013931469584349543
total time is  59549.58902645111
Epoch [5150001/10000001], Loss: 0.0001392062404192984
total time is  59625.77108120918
Epoch [5160001/10000001], Loss: 0.00013910744746681303
total time is  59676.65735960007
Epoch [5170001/10000001], Loss: 0.000138998992042616
total time is  59772.79088425636
Epoch [5180001/10000001], Loss: 0.0001388995733577758
total time is  59882.26830458641
Epoch [5190001/10000001], Loss: 0.0001387983065797016
total time is  59990.11737394333
Epoch [5200001/10000001], Loss: 0.00013869449321646243
total time is  60103.22452926636
Epoch [5210001/10000001], Loss: 0.00013859693717677146
total time is  60212.412982940674
Epoch [5220001/10000001], Loss: 0.00013849064998794347
total time is  60319.21198177338
Epoch [5230001/10000001], Loss: 0.00013839692110195756
total time is  60406.68066239357
Epoch [5240001/10000001], Loss: 0.00013830253737978637
total time is  60458.76996731758
Epoch [5250001/10000001], Loss: 0.00013820388994645327
total time is  60545.03026175499
Epoch [5260001/10000001], Loss: 0.00013810157543048263
total time is  60649.92416930199
Epoch [5270001/10000001], Loss: 0.00013800771557725966
total time is  60760.02514505386
Epoch [5280001/10000001], Loss: 0.000137906929012388
total time is  60871.48253393173
Epoch [5290001/10000001], Loss: 0.00013781119196210057
total time is  60969.49276971817
Epoch [5300001/10000001], Loss: 0.00013771669182460755
total time is  61073.27481865883
Epoch [5310001/10000001], Loss: 0.00013761670561507344
total time is  61170.47530937195
Epoch [5320001/10000001], Loss: 0.00013752705126535147
total time is  61268.98040866852
Epoch [5330001/10000001], Loss: 0.00013743284216616303
total time is  61365.32458496094
Epoch [5340001/10000001], Loss: 0.00013733425294049084
total time is  61465.5488011837
Epoch [5350001/10000001], Loss: 0.00013724577729590237
total time is  61562.65473985672
Epoch [5360001/10000001], Loss: 0.00013715338718611747
total time is  61661.0866355896
Epoch [5370001/10000001], Loss: 0.00013705539458896965
total time is  61762.96275663376
Epoch [5380001/10000001], Loss: 0.00013696670066565275
total time is  61863.02989530563
Epoch [5390001/10000001], Loss: 0.00013687221508007497
total time is  61962.44361424446
Epoch [5400001/10000001], Loss: 0.00013678068353328854
total time is  62058.34043073654
Epoch [5410001/10000001], Loss: 0.0001366911019431427
total time is  62158.96168470383
Epoch [5420001/10000001], Loss: 0.0001365956268273294
total time is  62254.90263795853
Epoch [5430001/10000001], Loss: 0.00013650859182234854
total time is  62354.42296290398
Epoch [5440001/10000001], Loss: 0.00013641676923725754
total time is  62448.36516237259
Epoch [5450001/10000001], Loss: 0.00013632597983814776
total time is  62544.600726127625
Epoch [5460001/10000001], Loss: 0.00013624021084979177
total time is  62644.36974096298
Epoch [5470001/10000001], Loss: 0.0001361518370686099
total time is  62741.03755283356
Epoch [5480001/10000001], Loss: 0.0001360608293907717
total time is  62833.97405266762
Epoch [5490001/10000001], Loss: 0.00013597749057225883
total time is  62933.05805516243
Epoch [5500001/10000001], Loss: 0.00013589065929409117
total time is  63032.87766814232
Epoch [5510001/10000001], Loss: 0.00013580148515757173
total time is  63127.12883257866
Epoch [5520001/10000001], Loss: 0.00013571794261224568
total time is  63168.16491484642
Epoch [5530001/10000001], Loss: 0.00013563569518737495
total time is  63203.84415268898
Epoch [5540001/10000001], Loss: 0.000135550566483289
total time is  63237.98741221428
Epoch [5550001/10000001], Loss: 0.00013546389527618885
total time is  63278.0972468853
Epoch [5560001/10000001], Loss: 0.00013538094935938716
total time is  63312.71477842331
Epoch [5570001/10000001], Loss: 0.00013530082651413977
total time is  63344.22341942787
Epoch [5580001/10000001], Loss: 0.0001352190156467259
total time is  63375.65998983383
Epoch [5590001/10000001], Loss: 0.0001351342798443511
total time is  63408.56499671936
Epoch [5600001/10000001], Loss: 0.0001350474776700139
total time is  63442.41656947136
Epoch [5610001/10000001], Loss: 0.00013496814062818885
total time is  63479.50010180473
Epoch [5620001/10000001], Loss: 0.00013488836702890694
total time is  63516.15559029579
Epoch [5630001/10000001], Loss: 0.00013480901543516666
total time is  63550.69244170189
Epoch [5640001/10000001], Loss: 0.0001347256184089929
total time is  63584.97337985039
Epoch [5650001/10000001], Loss: 0.00013464305084198713
total time is  63620.17930841446
Epoch [5660001/10000001], Loss: 0.0001345648488495499
total time is  63654.82061123848
Epoch [5670001/10000001], Loss: 0.000134487243485637
total time is  63690.41932630539
Epoch [5680001/10000001], Loss: 0.00013440806651487947
total time is  63725.90141105652
Epoch [5690001/10000001], Loss: 0.00013432372361421585
total time is  63764.526087999344
Epoch [5700001/10000001], Loss: 0.00013424539065454155
total time is  63801.8197722435
Epoch [5710001/10000001], Loss: 0.00013416900765150785
total time is  63834.726298093796
Epoch [5720001/10000001], Loss: 0.0001340903399977833
total time is  63866.7692296505
Epoch [5730001/10000001], Loss: 0.0001340087183052674
total time is  63898.94343113899
Epoch [5740001/10000001], Loss: 0.00013393134577199817
total time is  63931.13758397102
Epoch [5750001/10000001], Loss: 0.00013385654892772436
total time is  63961.88399887085
Epoch [5760001/10000001], Loss: 0.00013378082076087594
total time is  63992.90846657753
Epoch [5770001/10000001], Loss: 0.0001337027788395062
total time is  64025.15739393234
Epoch [5780001/10000001], Loss: 0.00013362437312025577
total time is  64057.03938674927
Epoch [5790001/10000001], Loss: 0.00013354551629163325
total time is  64090.45789670944
Epoch [5800001/10000001], Loss: 0.00013347204367164522
total time is  64122.39684891701
Epoch [5810001/10000001], Loss: 0.00013339766883291304
total time is  64154.26367712021
Epoch [5820001/10000001], Loss: 0.0001333195250481367
total time is  64187.36328291893
Epoch [5830001/10000001], Loss: 0.00013324234168976545
total time is  64219.32107639313
Epoch [5840001/10000001], Loss: 0.00013316569675225765
total time is  64252.22681260109
Epoch [5850001/10000001], Loss: 0.00013309350470080972
total time is  64284.82776260376
Epoch [5860001/10000001], Loss: 0.00013302048319019377
total time is  64318.53187966347
Epoch [5870001/10000001], Loss: 0.00013294430391397327
total time is  64355.77239155769
Epoch [5880001/10000001], Loss: 0.00013286918692756444
total time is  64392.296684503555
Epoch [5890001/10000001], Loss: 0.0001327964710071683
total time is  64428.79612183571
Epoch [5900001/10000001], Loss: 0.0001327249192399904
total time is  64464.78693127632
Epoch [5910001/10000001], Loss: 0.00013265025336295366
total time is  64500.16211414337
Epoch [5920001/10000001], Loss: 0.00013257464161142707
total time is  64535.22157907486
Epoch [5930001/10000001], Loss: 0.00013250387564767152
total time is  64571.179196596146
Epoch [5940001/10000001], Loss: 0.00013243398279882967
total time is  64606.20501899719
Epoch [5950001/10000001], Loss: 0.000132357919937931
total time is  64643.537449359894
Epoch [5960001/10000001], Loss: 0.00013228939496912062
total time is  64679.29494714737
Epoch [5970001/10000001], Loss: 0.00013221231347415596
total time is  64715.75107383728
Epoch [5980001/10000001], Loss: 0.0001321409217780456
total time is  64750.00209546089
Epoch [5990001/10000001], Loss: 0.00013207252777647227
total time is  64784.215291023254
Epoch [6000001/10000001], Loss: 0.0001320028823101893
total time is  64819.44184589386
Epoch [6010001/10000001], Loss: 0.00013193258200772107
total time is  64854.834190130234
Epoch [6020001/10000001], Loss: 0.00013186094292905182
total time is  64889.547540187836
Epoch [6030001/10000001], Loss: 0.00013178876542951912
total time is  64925.50642323494
Epoch [6040001/10000001], Loss: 0.00013172269973438233
total time is  64963.74932098389
Epoch [6050001/10000001], Loss: 0.00013165408745408058
total time is  65005.27454638481
Epoch [6060001/10000001], Loss: 0.0001315867411904037
total time is  65048.52756476402
Epoch [6070001/10000001], Loss: 0.00013151664461474866
total time is  65091.71582388878
Epoch [6080001/10000001], Loss: 0.00013144784315954894
total time is  65133.26079702377
Epoch [6090001/10000001], Loss: 0.00013137562200427055
total time is  65168.42043733597
Epoch [6100001/10000001], Loss: 0.00013130959996487945
total time is  65205.25564575195
Epoch [6110001/10000001], Loss: 0.00013124146789778024
total time is  65241.249598026276
Epoch [6120001/10000001], Loss: 0.00013117237540427595
total time is  65277.57449555397
Epoch [6130001/10000001], Loss: 0.0001310997613472864
total time is  65314.811341524124
Epoch [6140001/10000001], Loss: 0.0001310346560785547
total time is  65349.973507642746
Epoch [6150001/10000001], Loss: 0.00013096821203362197
total time is  65384.68820428848
Epoch [6160001/10000001], Loss: 0.0001309011277044192
total time is  65420.87698626518
Epoch [6170001/10000001], Loss: 0.00013083565863780677
total time is  65456.62989926338
Epoch [6180001/10000001], Loss: 0.00013076690083835274
total time is  65492.23082089424
Epoch [6190001/10000001], Loss: 0.00013069508713670075
total time is  65527.621958732605
Epoch [6200001/10000001], Loss: 0.00013063180085737258
total time is  65567.21121311188
Epoch [6210001/10000001], Loss: 0.0001305664045503363
total time is  65611.00636386871
Epoch [6220001/10000001], Loss: 0.00013050144480075687
total time is  65653.78343153
Epoch [6230001/10000001], Loss: 0.0001304339966736734
total time is  65697.35974860191
Epoch [6240001/10000001], Loss: 0.00013036448217462748
total time is  65739.76405286789
Epoch [6250001/10000001], Loss: 0.0001303021563217044
total time is  65780.09690141678
Epoch [6260001/10000001], Loss: 0.00013023611973039806
total time is  65817.70975518227
Epoch [6270001/10000001], Loss: 0.0001301705342484638
total time is  65854.48703765869
Epoch [6280001/10000001], Loss: 0.00013010458496864885
total time is  65889.34524393082
Epoch [6290001/10000001], Loss: 0.00013004450011067092
total time is  65924.73961806297
Epoch [6300001/10000001], Loss: 0.0001299829746130854
total time is  65960.59405517578
Epoch [6310001/10000001], Loss: 0.00012991781113669276
total time is  65995.99432659149
Epoch [6320001/10000001], Loss: 0.0001298527786275372
total time is  66032.89573025703
Epoch [6330001/10000001], Loss: 0.0001297900889767334
total time is  66069.23170304298
Epoch [6340001/10000001], Loss: 0.00012972408148925751
total time is  66107.9675116539
Epoch [6350001/10000001], Loss: 0.00012966137728653848
total time is  66149.89928841591
Epoch [6360001/10000001], Loss: 0.00012959743617102504
total time is  66195.64130568504
Epoch [6370001/10000001], Loss: 0.00012953202531207353
total time is  66238.62303161621
Epoch [6380001/10000001], Loss: 0.00012946882634423673
total time is  66283.2376961708
Epoch [6390001/10000001], Loss: 0.00012940527813043445
total time is  66322.83772993088
Epoch [6400001/10000001], Loss: 0.0001293431269004941
total time is  66356.16553139687
Epoch [6410001/10000001], Loss: 0.00012927938951179385
total time is  66389.85103988647
Epoch [6420001/10000001], Loss: 0.00012921247980557382
total time is  66423.90692067146
Epoch [6430001/10000001], Loss: 0.00012915258412249386
total time is  66456.87390995026
Epoch [6440001/10000001], Loss: 0.0001290900690946728
total time is  66491.40547633171
Epoch [6450001/10000001], Loss: 0.00012902628805022687
total time is  66524.8377532959
Epoch [6460001/10000001], Loss: 0.00012896345288027078
total time is  66557.73040008545
Epoch [6470001/10000001], Loss: 0.00012889945355709642
total time is  66592.21853780746
Epoch [6480001/10000001], Loss: 0.00012883951421827078
total time is  66626.22583246231
Epoch [6490001/10000001], Loss: 0.00012877798872068524
total time is  66659.29159545898
Epoch [6500001/10000001], Loss: 0.00012871525541413575
total time is  66693.85492658615
Epoch [6510001/10000001], Loss: 0.00012865258031524718
total time is  66727.07760000229
Epoch [6520001/10000001], Loss: 0.00012858917762059718
total time is  66761.18332147598
Epoch [6530001/10000001], Loss: 0.00012852561485487968
total time is  66793.67260241508
Epoch [6540001/10000001], Loss: 0.00012846705794800073
total time is  66827.16611099243
Epoch [6550001/10000001], Loss: 0.00012840643466915935
total time is  66860.92207121849
Epoch [6560001/10000001], Loss: 0.00012834297376684844
total time is  66895.25155091286
Epoch [6570001/10000001], Loss: 0.00012828029866795987
total time is  66928.67700004578
Epoch [6580001/10000001], Loss: 0.0001282200391869992
total time is  66961.95882797241
Epoch [6590001/10000001], Loss: 0.0001281623844988644
total time is  66996.48677158356
Epoch [6600001/10000001], Loss: 0.00012810163025278598
total time is  67029.53777360916
Epoch [6610001/10000001], Loss: 0.000128041414427571
total time is  67064.35120224953
Epoch [6620001/10000001], Loss: 0.0001279830903513357
total time is  67098.18955230713
Epoch [6630001/10000001], Loss: 0.00012792329653166234
total time is  67132.70671606064
Epoch [6640001/10000001], Loss: 0.00012786344450432807
total time is  67166.90785694122
Epoch [6650001/10000001], Loss: 0.00012780437828041613
total time is  67200.72117853165
Epoch [6660001/10000001], Loss: 0.00012774446804542094
total time is  67234.24447631836
Epoch [6670001/10000001], Loss: 0.00012768302985932678
total time is  67269.55633234978
Epoch [6680001/10000001], Loss: 0.00012762950791511685
total time is  67304.29589128494
Epoch [6690001/10000001], Loss: 0.00012757275544572622
total time is  67337.61416053772
Epoch [6700001/10000001], Loss: 0.0001275136019103229
total time is  67371.1747162342
Epoch [6710001/10000001], Loss: 0.0001274577371077612
total time is  67404.80516719818
Epoch [6720001/10000001], Loss: 0.00012739928206428885
total time is  67438.498898983
Epoch [6730001/10000001], Loss: 0.00012734004121739417
total time is  67472.38221168518
Epoch [6740001/10000001], Loss: 0.00012728669389616698
total time is  67507.41254162788
Epoch [6750001/10000001], Loss: 0.000127231192891486
total time is  67540.65214967728
Epoch [6760001/10000001], Loss: 0.000127172825159505
total time is  67575.59738779068
Epoch [6770001/10000001], Loss: 0.00012711637828033417
total time is  67610.15746307373
Epoch [6780001/10000001], Loss: 0.00012706263805739582
total time is  67643.47018265724
Epoch [6790001/10000001], Loss: 0.0001270092325285077
total time is  67678.48539495468
Epoch [6800001/10000001], Loss: 0.00012695410987362266
total time is  67712.30862569809
Epoch [6810001/10000001], Loss: 0.00012690061703324318
total time is  67745.67043232918
Epoch [6820001/10000001], Loss: 0.0001268480409635231
total time is  67780.85780596733
Epoch [6830001/10000001], Loss: 0.0001267907937290147
total time is  67814.7228398323
Epoch [6840001/10000001], Loss: 0.00012674074969254434
total time is  67849.54443216324
Epoch [6850001/10000001], Loss: 0.00012668466661125422
total time is  67884.95621061325
Epoch [6860001/10000001], Loss: 0.0001266290055355057
total time is  67918.72610092163
Epoch [6870001/10000001], Loss: 0.00012657615297939628
total time is  67952.79288816452
Epoch [6880001/10000001], Loss: 0.00012652279110625386
total time is  67987.40327763557
Epoch [6890001/10000001], Loss: 0.00012646979303099215
total time is  68022.25296640396
Epoch [6900001/10000001], Loss: 0.00012641404464375228
total time is  68056.60683584213
Epoch [6910001/10000001], Loss: 0.00012636171595659107
total time is  68091.52039408684
Epoch [6920001/10000001], Loss: 0.00012630785931833088
total time is  68125.49982881546
Epoch [6930001/10000001], Loss: 0.00012625526869669557
total time is  68160.17208695412
Epoch [6940001/10000001], Loss: 0.00012620081542991102
total time is  68195.13526368141
Epoch [6950001/10000001], Loss: 0.0001261437573703006
total time is  68229.74760818481
Epoch [6960001/10000001], Loss: 0.00012609324767254293
total time is  68264.27280521393
Epoch [6970001/10000001], Loss: 0.0001260413700947538
total time is  68299.92762422562
Epoch [6980001/10000001], Loss: 0.00012598685862030834
total time is  68333.51633810997
Epoch [6990001/10000001], Loss: 0.0001259321579709649
total time is  68368.90371012688
Epoch [7000001/10000001], Loss: 0.00012587574019562453
total time is  68403.03518557549
Epoch [7010001/10000001], Loss: 0.0001258238044101745
total time is  68437.86980867386
Epoch [7020001/10000001], Loss: 0.00012577127199620008
total time is  68473.38862776756
Epoch [7030001/10000001], Loss: 0.0001257180847460404
total time is  68507.56152772903
Epoch [7040001/10000001], Loss: 0.00012566444638650864
total time is  68542.1343383789
Epoch [7050001/10000001], Loss: 0.0001256091200048104
total time is  68577.74771237373
Epoch [7060001/10000001], Loss: 0.00012555302237160504
total time is  68611.8443095684
Epoch [7070001/10000001], Loss: 0.00012550245446618646
total time is  68647.45575094223
Epoch [7080001/10000001], Loss: 0.00012544801575131714
total time is  68681.97941327095
Epoch [7090001/10000001], Loss: 0.00012539599265437573
total time is  68717.11403942108
Epoch [7100001/10000001], Loss: 0.000125344522530213
total time is  68751.47445774078
Epoch [7110001/10000001], Loss: 0.00012529052037280053
total time is  68787.16851496696
Epoch [7120001/10000001], Loss: 0.00012523641635198146
total time is  68822.48327159882
Epoch [7130001/10000001], Loss: 0.00012518152652774006
total time is  68857.40699696541
Epoch [7140001/10000001], Loss: 0.00012512980902101845
total time is  68893.11310362816
Epoch [7150001/10000001], Loss: 0.00012507772771641612
total time is  68929.67174220085
Epoch [7160001/10000001], Loss: 0.0001250220084330067
total time is  68964.77917051315
Epoch [7170001/10000001], Loss: 0.0001249663473572582
total time is  68999.9242143631
Epoch [7180001/10000001], Loss: 0.00012491564848460257
total time is  69035.79578757286
Epoch [7190001/10000001], Loss: 0.00012486403284128755
total time is  69070.90315628052
Epoch [7200001/10000001], Loss: 0.00012481180601753294
total time is  69105.46619939804
Epoch [7210001/10000001], Loss: 0.00012475592666305602
total time is  69141.61590266228
Epoch [7220001/10000001], Loss: 0.00012470224464777857
total time is  69177.5972726345
Epoch [7230001/10000001], Loss: 0.00012465169129427522
total time is  69212.3221924305
Epoch [7240001/10000001], Loss: 0.00012459968274924904
total time is  69248.74080348015
Epoch [7250001/10000001], Loss: 0.0001245488820131868
total time is  69283.64158177376
Epoch [7260001/10000001], Loss: 0.0001244966988451779
total time is  69319.85440707207
Epoch [7270001/10000001], Loss: 0.00012444319145288318
total time is  69354.91140031815
Epoch [7280001/10000001], Loss: 0.00012438808334991336
total time is  69391.01111412048
Epoch [7290001/10000001], Loss: 0.00012433702067937702
total time is  69426.49399805069
Epoch [7300001/10000001], Loss: 0.00012428501213435084
total time is  69461.6436522007
Epoch [7310001/10000001], Loss: 0.00012423042790032923
total time is  69497.29152989388
Epoch [7320001/10000001], Loss: 0.0001241808058694005
total time is  69533.64691329002
Epoch [7330001/10000001], Loss: 0.00012413210060913116
total time is  69568.7881436348
Epoch [7340001/10000001], Loss: 0.00012407997564878315
total time is  69605.175740242
Epoch [7350001/10000001], Loss: 0.0001240255223819986
total time is  69641.90230417252
Epoch [7360001/10000001], Loss: 0.00012397486716508865
total time is  69676.89159727097
Epoch [7370001/10000001], Loss: 0.00012392477947287261
total time is  69713.71577644348
Epoch [7380001/10000001], Loss: 0.00012387297465465963
total time is  69749.47695207596
Epoch [7390001/10000001], Loss: 0.00012381748820189387
total time is  69785.16087532043
Epoch [7400001/10000001], Loss: 0.00012376639642752707
total time is  69821.04799246788
Epoch [7410001/10000001], Loss: 0.00012371779303066432
total time is  69857.14559864998
Epoch [7420001/10000001], Loss: 0.00012366549344733357
total time is  69892.39367341995
Epoch [7430001/10000001], Loss: 0.00012361201515886933
total time is  69929.14100694656
Epoch [7440001/10000001], Loss: 0.00012355882790870965
total time is  69964.34578633308
Epoch [7450001/10000001], Loss: 0.00012350967153906822
total time is  70000.12920570374
Epoch [7460001/10000001], Loss: 0.00012345792492851615
total time is  70036.83087158203
Epoch [7470001/10000001], Loss: 0.0001234030060004443
total time is  70072.61157011986
Epoch [7480001/10000001], Loss: 0.0001233536604559049
total time is  70108.55045676231
Epoch [7490001/10000001], Loss: 0.0001233034417964518
total time is  70145.30786633492
Epoch [7500001/10000001], Loss: 0.0001232498761964962
total time is  70180.19740343094
Epoch [7510001/10000001], Loss: 0.00012319716915953904
total time is  70217.34836053848
Epoch [7520001/10000001], Loss: 0.00012314725609030575
total time is  70252.70813298225
Epoch [7530001/10000001], Loss: 0.00012309809972066432
total time is  70289.45924115181
Epoch [7540001/10000001], Loss: 0.00012304664414841682
total time is  70326.14215779305
Epoch [7550001/10000001], Loss: 0.00012299453373998404
total time is  70361.40448379517
Epoch [7560001/10000001], Loss: 0.0001229471090482548
total time is  70398.5597896576
Epoch [7570001/10000001], Loss: 0.00012288879952393472
total time is  70434.18525195122
Epoch [7580001/10000001], Loss: 0.00012283962860237807
total time is  70470.4449005127
Epoch [7590001/10000001], Loss: 0.00012278914800845087
total time is  70507.44962906837
Epoch [7600001/10000001], Loss: 0.00012273815809749067
total time is  70544.16643643379
Epoch [7610001/10000001], Loss: 0.00012268428690731525
total time is  70579.82187056541
Epoch [7620001/10000001], Loss: 0.000122630808618851
total time is  70617.2474284172
Epoch [7630001/10000001], Loss: 0.00012258072092663497
total time is  70653.26990771294
Epoch [7640001/10000001], Loss: 0.0001225324667757377
total time is  70689.599421978
Epoch [7650001/10000001], Loss: 0.00012248232087586075
total time is  70726.91287755966
Epoch [7660001/10000001], Loss: 0.00012242641241755337
total time is  70762.99452805519
Epoch [7670001/10000001], Loss: 0.00012237798364367336
total time is  70799.27013587952
Epoch [7680001/10000001], Loss: 0.00012232641165610403
total time is  70836.38645195961
Epoch [7690001/10000001], Loss: 0.0001222749415319413
total time is  70871.74288916588
Epoch [7700001/10000001], Loss: 0.00012222099758218974
total time is  70909.19651293755
Epoch [7710001/10000001], Loss: 0.00012216856703162193
total time is  70945.35563874245
Epoch [7720001/10000001], Loss: 0.000122120589367114
total time is  70982.28086209297
Epoch [7730001/10000001], Loss: 0.00012206927931401879
total time is  71018.14116406441
Epoch [7740001/10000001], Loss: 0.00012201668869238347
total time is  71054.69515991211
Epoch [7750001/10000001], Loss: 0.00012196451280033216
total time is  71092.25500631332
Epoch [7760001/10000001], Loss: 0.00012191075802547857
total time is  71129.5027050972
Epoch [7770001/10000001], Loss: 0.00012185995001345873
total time is  71166.57002234459
Epoch [7780001/10000001], Loss: 0.00012180962949059904
total time is  71203.03545498848
Epoch [7790001/10000001], Loss: 0.00012175920710433275
total time is  71240.14045858383
Epoch [7800001/10000001], Loss: 0.00012170770060038194
total time is  71277.0077881813
Epoch [7810001/10000001], Loss: 0.00012165404768893495
total time is  71313.3780093193
Epoch [7820001/10000001], Loss: 0.00012160249025328085
total time is  71350.82151865959
Epoch [7830001/10000001], Loss: 0.00012154825526522473
total time is  71387.15737462044
Epoch [7840001/10000001], Loss: 0.00012149549729656428
total time is  71424.54858088493
Epoch [7850001/10000001], Loss: 0.00012144498759880662
total time is  71460.60507035255
Epoch [7860001/10000001], Loss: 0.0001213943978655152
total time is  71498.31231451035
Epoch [7870001/10000001], Loss: 0.00012134348799008876
total time is  71534.72735524178
Epoch [7880001/10000001], Loss: 0.00012129270180594176
total time is  71570.55103850365
Epoch [7890001/10000001], Loss: 0.00012124098429922014
total time is  71608.48159337044
Epoch [7900001/10000001], Loss: 0.00012118887389078736
total time is  71646.0671904087
Epoch [7910001/10000001], Loss: 0.00012113731645513326
total time is  71681.89320373535
Epoch [7920001/10000001], Loss: 0.00012108564260415733
total time is  71719.26380228996
Epoch [7930001/10000001], Loss: 0.00012103270273655653
total time is  71755.54682898521
Epoch [7940001/10000001], Loss: 0.00012098004663130268
total time is  71792.79178571701
Epoch [7950001/10000001], Loss: 0.00012092651013517752
total time is  71830.46393036842
Epoch [7960001/10000001], Loss: 0.00012087413779227063
total time is  71868.16781234741
Epoch [7970001/10000001], Loss: 0.00012082141620339826
total time is  71904.70717406273
Epoch [7980001/10000001], Loss: 0.00012076959683327004
total time is  71942.44020295143
Epoch [7990001/10000001], Loss: 0.00012071854143869132
total time is  71979.55103945732
Epoch [8000001/10000001], Loss: 0.00012066724593751132
total time is  72016.47938847542
Epoch [8010001/10000001], Loss: 0.00012061509914929047
total time is  72054.03943300247
Epoch [8020001/10000001], Loss: 0.00012056346167810261
total time is  72091.55653214455
Epoch [8030001/10000001], Loss: 0.00012051127851009369
total time is  72129.5072426796
Epoch [8040001/10000001], Loss: 0.00012045897892676294
total time is  72166.00510048866
Epoch [8050001/10000001], Loss: 0.00012040537694701925
total time is  72204.66466546059
Epoch [8060001/10000001], Loss: 0.00012035165127599612
total time is  72242.71472811699
Epoch [8070001/10000001], Loss: 0.00012029472418362275
total time is  72278.56597948074
Epoch [8080001/10000001], Loss: 0.00012024308671243489
total time is  72316.92487311363
Epoch [8090001/10000001], Loss: 0.00012019206769764423
total time is  72354.49352788925
Epoch [8100001/10000001], Loss: 0.00012014080857625231
total time is  72392.30176997185
Epoch [8110001/10000001], Loss: 0.00012008916382910684
total time is  72429.57575273514
Epoch [8120001/10000001], Loss: 0.00012003787560388446
total time is  72467.10078597069
Epoch [8130001/10000001], Loss: 0.00011998561240034178
total time is  72512.55424904823
Epoch [8140001/10000001], Loss: 0.00011993384396191686
total time is  72558.57075238228
Epoch [8150001/10000001], Loss: 0.00011988176993327215
total time is  72600.86889195442
Epoch [8160001/10000001], Loss: 0.00011983005970250815
total time is  72644.0910897255
Epoch [8170001/10000001], Loss: 0.0001197771416627802
total time is  72684.43583655357
Epoch [8180001/10000001], Loss: 0.00011972484935540706
total time is  72727.56980085373
Epoch [8190001/10000001], Loss: 0.00011967329191975296
total time is  72771.68839931488
Epoch [8200001/10000001], Loss: 0.00011961912241531536
total time is  72819.9981367588
Epoch [8210001/10000001], Loss: 0.0001195666627609171
total time is  72858.57419109344
Epoch [8220001/10000001], Loss: 0.00011951164196943864
total time is  72894.47633075714
Epoch [8230001/10000001], Loss: 0.00011945777077926323
total time is  72932.49403762817
Epoch [8240001/10000001], Loss: 0.00011940528202103451
total time is  72969.76122689247
Epoch [8250001/10000001], Loss: 0.0001193539792438969
total time is  73007.22459793091
Epoch [8260001/10000001], Loss: 0.00011930248001590371
total time is  73045.16451883316
Epoch [8270001/10000001], Loss: 0.0001192506097140722
total time is  73082.65093421936
Epoch [8280001/10000001], Loss: 0.00011919745156774297
total time is  73121.88656878471
Epoch [8290001/10000001], Loss: 0.00011914378410438076
total time is  73160.63473153114
Epoch [8300001/10000001], Loss: 0.00011909038585145026
total time is  73198.71629476547
Epoch [8310001/10000001], Loss: 0.00011903780250577256
total time is  73236.89190292358
Epoch [8320001/10000001], Loss: 0.00011898391676368192
total time is  73275.04100823402
Epoch [8330001/10000001], Loss: 0.00011893131159013137
total time is  73312.83396458626
Epoch [8340001/10000001], Loss: 0.00011887832079082727
total time is  73350.29854989052
Epoch [8350001/10000001], Loss: 0.00011882504622917622
total time is  73393.34848213196
Epoch [8360001/10000001], Loss: 0.00011877042561536655
total time is  73439.5404009819
Epoch [8370001/10000001], Loss: 0.00011871830793097615
total time is  73483.29255485535
Epoch [8380001/10000001], Loss: 0.00011866459681186825
total time is  73529.74111747742
Epoch [8390001/10000001], Loss: 0.00011861156235681847
total time is  73573.03898501396
Epoch [8400001/10000001], Loss: 0.00011855888442369178
total time is  73618.0264532566
Epoch [8410001/10000001], Loss: 0.00011850820010295138
total time is  73662.72035098076
Epoch [8420001/10000001], Loss: 0.00011845699918922037
total time is  73707.66284060478
Epoch [8430001/10000001], Loss: 0.00011840630031656474
total time is  73754.18343114853
Epoch [8440001/10000001], Loss: 0.00011835510667879134
total time is  73797.79447412491
Epoch [8450001/10000001], Loss: 0.00011830429139081389
total time is  73841.45062971115
Epoch [8460001/10000001], Loss: 0.00011825363617390394
total time is  73882.63669347763
Epoch [8470001/10000001], Loss: 0.00011820231156889349
total time is  73925.82092261314
Epoch [8480001/10000001], Loss: 0.00011815031029982492
total time is  73973.13915371895
Epoch [8490001/10000001], Loss: 0.00011809986608568579
total time is  74024.41353917122
Epoch [8500001/10000001], Loss: 0.00011804784298874438
total time is  74063.70084762573
Epoch [8510001/10000001], Loss: 0.00011799544154200703
total time is  74104.53967261314
Epoch [8520001/10000001], Loss: 0.00011794364399975166
total time is  74145.44935441017
Epoch [8530001/10000001], Loss: 0.00011789290147135034
total time is  74185.8112680912
Epoch [8540001/10000001], Loss: 0.00011784232628997415
total time is  74227.804926157
Epoch [8550001/10000001], Loss: 0.00011779204214690253
total time is  74268.95032167435
Epoch [8560001/10000001], Loss: 0.00011774319864343852
total time is  74310.63765215874
Epoch [8570001/10000001], Loss: 0.00011769086995627731
total time is  74354.27213263512
Epoch [8580001/10000001], Loss: 0.00011764148075599223
total time is  74395.66596055031
Epoch [8590001/10000001], Loss: 0.00011759203334804624
total time is  74433.00286197662
Epoch [8600001/10000001], Loss: 0.00011754286242648959
total time is  74474.14802527428
Epoch [8610001/10000001], Loss: 0.00011749363329727203
total time is  74525.74306607246
Epoch [8620001/10000001], Loss: 0.00011744438961613923
total time is  74575.83311128616
Epoch [8630001/10000001], Loss: 0.0001173949713120237
total time is  74632.75128436089
Epoch [8640001/10000001], Loss: 0.00011734538566088304
total time is  74689.64759278297
