cuda:5
N is 400
number of data pairs y1 = 1200
number of data pairs ytest = 1200
Epoch [1/100001], Loss: 1.6836825609207153
total time is  0
Epoch [10001/100001], Loss: 0.029265519231557846
total time is  25.69266676902771
Epoch [20001/100001], Loss: 0.008767712861299515
total time is  50.522441148757935
Epoch [30001/100001], Loss: 0.005305138416588306
total time is  137.41136503219604
Epoch [40001/100001], Loss: 0.0043604872189462185
total time is  161.35894870758057
Epoch [50001/100001], Loss: 0.0037137181498110294
total time is  185.08118557929993
Epoch [60001/100001], Loss: 0.0031929758843034506
total time is  241.12735676765442
Epoch [70001/100001], Loss: 0.00276505621150136
total time is  295.8396499156952
Epoch [80001/100001], Loss: 0.0024277439806610346
total time is  318.2578365802765
Epoch [90001/100001], Loss: 0.0021789546590298414
total time is  341.92182302474976
Epoch [100001/100001], Loss: 0.0020230337977409363
total time is  429.81486320495605
Epoch [1/700001], Loss: 0.002023021224886179
total time is  429.9425389766693
Epoch [10001/700001], Loss: 0.0019874197896569967
total time is  455.7999744415283
Epoch [20001/700001], Loss: 0.0019554628524929285
total time is  480.43682622909546
Epoch [30001/700001], Loss: 0.0019262913847342134
total time is  566.958411693573
Epoch [40001/700001], Loss: 0.0018987524090334773
total time is  591.3842825889587
Epoch [50001/700001], Loss: 0.001873266650363803
total time is  615.6094167232513
Epoch [60001/700001], Loss: 0.0018493520328775048
total time is  689.3418564796448
Epoch [70001/700001], Loss: 0.0018261780496686697
total time is  725.862420797348
Epoch [80001/700001], Loss: 0.0018032975494861603
total time is  750.2549042701721
Epoch [90001/700001], Loss: 0.0017810522112995386
total time is  794.8312220573425
Epoch [100001/700001], Loss: 0.001759056351147592
total time is  862.1428060531616
Epoch [110001/700001], Loss: 0.001737602287903428
total time is  886.836053609848
Epoch [120001/700001], Loss: 0.001716966973617673
total time is  910.9380548000336
Epoch [130001/700001], Loss: 0.0016959987115114927
total time is  997.4823496341705
Epoch [140001/700001], Loss: 0.001674869330599904
total time is  1022.6704819202423
Epoch [150001/700001], Loss: 0.0016537541523575783
total time is  1047.3270292282104
Epoch [160001/700001], Loss: 0.0016325226752087474
total time is  1132.8937628269196
Epoch [170001/700001], Loss: 0.001611166400834918
total time is  1158.0413835048676
Epoch [180001/700001], Loss: 0.0015898104757070541
total time is  1182.806556224823
Epoch [190001/700001], Loss: 0.0015689346473664045
total time is  1271.9582121372223
Epoch [200001/700001], Loss: 0.001548334606923163
total time is  1295.9357559680939
Epoch [210001/700001], Loss: 0.001527935964986682
total time is  1321.1334164142609
Epoch [220001/700001], Loss: 0.0015077146235853434
total time is  1392.81547498703
Epoch [230001/700001], Loss: 0.0014874364715069532
total time is  1435.9929513931274
Epoch [240001/700001], Loss: 0.001466931658796966
total time is  1465.0491681098938
Epoch [250001/700001], Loss: 0.0014459592057392001
total time is  1553.483857870102
Epoch [260001/700001], Loss: 0.001425294205546379
total time is  1576.7042257785797
Epoch [270001/700001], Loss: 0.00140431709587574
total time is  1600.6737794876099
Epoch [280001/700001], Loss: 0.0013835191493853927
total time is  1656.1433954238892
Epoch [290001/700001], Loss: 0.0013621000107377768
total time is  1710.2390460968018
Epoch [300001/700001], Loss: 0.0013410331448540092
total time is  1733.8370742797852
Epoch [310001/700001], Loss: 0.0013203521957620978
total time is  1758.3068454265594
Epoch [320001/700001], Loss: 0.0012998926686123013
total time is  1842.1933195590973
Epoch [330001/700001], Loss: 0.0012795696966350079
total time is  1865.8509378433228
Epoch [340001/700001], Loss: 0.0012589808320626616
total time is  1888.8253939151764
Epoch [350001/700001], Loss: 0.0012371356133371592
total time is  1972.2945110797882
Epoch [360001/700001], Loss: 0.0012024038005620241
total time is  1995.703114748001
Epoch [370001/700001], Loss: 0.0011703462805598974
total time is  2018.6739087104797
Epoch [380001/700001], Loss: 0.0011448635486885905
total time is  2080.261335849762
Epoch [390001/700001], Loss: 0.0011203167960047722
total time is  2128.2117257118225
Epoch [400001/700001], Loss: 0.0010959600331261754
total time is  2151.031248807907
Epoch [410001/700001], Loss: 0.0010714236414059997
total time is  2175.1944546699524
Epoch [420001/700001], Loss: 0.001046318793669343
total time is  2262.563808441162
Epoch [430001/700001], Loss: 0.0010205017169937491
total time is  2285.3502202033997
Epoch [440001/700001], Loss: 0.0009942847536876798
total time is  2308.6525270938873
Epoch [450001/700001], Loss: 0.000966516206972301
total time is  2388.7249689102173
Epoch [460001/700001], Loss: 0.0009342890698462725
total time is  2418.5361983776093
Epoch [470001/700001], Loss: 0.0009031288209371269
total time is  2442.3016974925995
Epoch [480001/700001], Loss: 0.0008762204088270664
total time is  2485.9959173202515
Epoch [490001/700001], Loss: 0.0008512766798958182
total time is  2549.9430775642395
Epoch [500001/700001], Loss: 0.0008272794657386839
total time is  2573.0045535564423
Epoch [510001/700001], Loss: 0.0008038562955334783
total time is  2595.942523956299
Epoch [520001/700001], Loss: 0.0007810442475602031
total time is  2683.616881132126
Epoch [530001/700001], Loss: 0.0007587579311802983
total time is  2707.6774723529816
Epoch [540001/700001], Loss: 0.0007371340761892498
total time is  2733.4976971149445
Epoch [550001/700001], Loss: 0.0007159779779613018
total time is  2807.5528519153595
Epoch [560001/700001], Loss: 0.0006957336445339024
total time is  2839.9809963703156
Epoch [570001/700001], Loss: 0.0006761788972653449
total time is  2862.873992919922
Epoch [580001/700001], Loss: 0.0006574452272616327
total time is  2895.352103948593
Epoch [590001/700001], Loss: 0.000639465928543359
total time is  2975.136966228485
Epoch [600001/700001], Loss: 0.000622224120888859
total time is  2999.999855995178
Epoch [610001/700001], Loss: 0.0006058387807570398
total time is  3026.4931240081787
Epoch [620001/700001], Loss: 0.0005902027478441596
total time is  3112.288774251938
Epoch [630001/700001], Loss: 0.0005753917503170669
total time is  3135.459130048752
Epoch [640001/700001], Loss: 0.0005612726672552526
total time is  3159.702166557312
Epoch [650001/700001], Loss: 0.0005478824023157358
total time is  3242.431645154953
Epoch [660001/700001], Loss: 0.0005351745057851076
total time is  3268.5066328048706
Epoch [670001/700001], Loss: 0.0005231768591329455
total time is  3292.148125886917
Epoch [680001/700001], Loss: 0.0005119022098369896
total time is  3332.864843606949
Epoch [690001/700001], Loss: 0.0005013738991692662
total time is  3404.764642715454
Epoch [700001/700001], Loss: 0.0004915302852168679
total time is  3428.9174439907074
