cuda:2
N is 400
number of data pairs y = 1200
number of data pairs ytest = 1200
Epoch [1/50001], Loss: 1865.715087890625
total time is  0
Epoch [10001/50001], Loss: 6.875298500061035
total time is  32.693310022354126
Epoch [20001/50001], Loss: 4.3294219970703125
total time is  68.28360319137573
Epoch [30001/50001], Loss: 3.4038517475128174
total time is  108.4797933101654
Epoch [40001/50001], Loss: 2.8733553886413574
total time is  146.30896019935608
Epoch [50001/50001], Loss: 2.6178829669952393
total time is  178.4573097229004
Epoch [1/300001], Loss: 2.617786407470703
total time is  178.53395795822144
Epoch [10001/300001], Loss: 2.513730764389038
total time is  212.12998127937317
Epoch [20001/300001], Loss: 2.410276412963867
total time is  248.81465649604797
Epoch [30001/300001], Loss: 2.3122756481170654
total time is  283.48567295074463
Epoch [40001/300001], Loss: 2.217418670654297
total time is  314.97920083999634
Epoch [50001/300001], Loss: 2.128765106201172
total time is  343.9349136352539
Epoch [60001/300001], Loss: 2.0257492065429688
total time is  377.3090977668762
Epoch [70001/300001], Loss: 1.935111403465271
total time is  413.70409083366394
Epoch [80001/300001], Loss: 1.8461501598358154
total time is  445.3057861328125
Epoch [90001/300001], Loss: 1.7573477029800415
total time is  477.5678746700287
Epoch [100001/300001], Loss: 1.6712677478790283
total time is  514.3627369403839
Epoch [110001/300001], Loss: 1.5865360498428345
total time is  550.6057865619659
Epoch [120001/300001], Loss: 1.5084651708602905
total time is  583.1274263858795
Epoch [130001/300001], Loss: 1.4323642253875732
total time is  616.029637336731
Epoch [140001/300001], Loss: 1.3625251054763794
total time is  651.7387602329254
Epoch [150001/300001], Loss: 1.2980148792266846
total time is  688.2748839855194
Epoch [160001/300001], Loss: 1.2396429777145386
total time is  721.7230319976807
Epoch [170001/300001], Loss: 1.1901696920394897
total time is  752.9505567550659
Epoch [180001/300001], Loss: 1.1492613554000854
total time is  787.7849476337433
Epoch [190001/300001], Loss: 1.113789439201355
total time is  824.5223338603973
Epoch [200001/300001], Loss: 1.0777733325958252
total time is  858.5258543491364
Epoch [210001/300001], Loss: 1.0497584342956543
total time is  890.3723363876343
Epoch [220001/300001], Loss: 1.0262736082077026
total time is  925.42400431633
Epoch [230001/300001], Loss: 1.0062283277511597
total time is  959.1182329654694
Epoch [240001/300001], Loss: 0.9884161353111267
total time is  994.0334599018097
Epoch [250001/300001], Loss: 0.9724210500717163
total time is  1026.6279408931732
Epoch [260001/300001], Loss: 0.9575726389884949
total time is  1060.5093247890472
Epoch [270001/300001], Loss: 0.942135751247406
total time is  1097.316190481186
Epoch [280001/300001], Loss: 0.9272266626358032
total time is  1132.3415968418121
Epoch [290001/300001], Loss: 0.9142113327980042
total time is  1163.7542581558228
Epoch [300001/300001], Loss: 0.902116060256958
total time is  1198.5184428691864
