cuda:2
N is 400
number of data pairs y = 1200
number of data pairs ytest = 1200
Epoch [1/50001], Loss: 4312.81591796875
total time is  0
Epoch [10001/50001], Loss: 6.873904705047607
total time is  34.35172080993652
Epoch [20001/50001], Loss: 4.118927955627441
total time is  70.56134080886841
Epoch [30001/50001], Loss: 3.0494186878204346
total time is  105.45721411705017
Epoch [40001/50001], Loss: 2.693150520324707
total time is  141.43681240081787
Epoch [50001/50001], Loss: 2.474515914916992
total time is  176.07297611236572
Epoch [1/300001], Loss: 2.474461555480957
total time is  176.14323830604553
Epoch [10001/300001], Loss: 2.3860015869140625
total time is  212.51836514472961
Epoch [20001/300001], Loss: 2.30544114112854
total time is  247.16336631774902
Epoch [30001/300001], Loss: 2.2349469661712646
total time is  283.7268912792206
Epoch [40001/300001], Loss: 2.1699509620666504
total time is  318.29170989990234
Epoch [50001/300001], Loss: 2.074904441833496
total time is  353.28742504119873
Epoch [60001/300001], Loss: 1.9988141059875488
total time is  389.6569802761078
Epoch [70001/300001], Loss: 1.9258650541305542
total time is  423.7738676071167
Epoch [80001/300001], Loss: 1.853155493736267
total time is  460.1973659992218
Epoch [90001/300001], Loss: 1.7787656784057617
total time is  494.8239097595215
Epoch [100001/300001], Loss: 1.7045239210128784
total time is  530.3635923862457
Epoch [110001/300001], Loss: 1.6298182010650635
total time is  564.8315048217773
Epoch [120001/300001], Loss: 1.5564754009246826
total time is  601.3413836956024
Epoch [130001/300001], Loss: 1.4835517406463623
total time is  637.0734755992889
Epoch [140001/300001], Loss: 1.4166491031646729
total time is  671.0695595741272
Epoch [150001/300001], Loss: 1.3544108867645264
total time is  705.2193176746368
Epoch [160001/300001], Loss: 1.2973344326019287
total time is  739.6324861049652
Epoch [170001/300001], Loss: 1.244970440864563
total time is  772.3541712760925
Epoch [180001/300001], Loss: 1.1979180574417114
total time is  807.7403409481049
Epoch [190001/300001], Loss: 1.1605366468429565
total time is  843.6325914859772
Epoch [200001/300001], Loss: 1.120725393295288
total time is  880.0978357791901
Epoch [210001/300001], Loss: 1.0861010551452637
total time is  914.9550151824951
Epoch [220001/300001], Loss: 1.0556405782699585
total time is  951.6173512935638
Epoch [230001/300001], Loss: 1.028731346130371
total time is  986.8104038238525
Epoch [240001/300001], Loss: 1.0050588846206665
total time is  1023.3714900016785
Epoch [250001/300001], Loss: 0.9853651523590088
total time is  1058.0291903018951
Epoch [260001/300001], Loss: 0.9647578597068787
total time is  1094.6780078411102
Epoch [270001/300001], Loss: 0.9479606747627258
total time is  1128.528975725174
Epoch [280001/300001], Loss: 0.9322429299354553
total time is  1164.7100429534912
Epoch [290001/300001], Loss: 0.9179157614707947
total time is  1197.3782653808594
Epoch [300001/300001], Loss: 0.9035539627075195
total time is  1231.1560080051422
Epoch [1/10000001], Loss: 0.9041334390640259
total time is  1231.7118558883667
Epoch [10001/10000001], Loss: 0.8963471055030823
total time is  1263.9725618362427
Epoch [20001/10000001], Loss: 0.8890827298164368
total time is  1296.54013133049
Epoch [30001/10000001], Loss: 0.8817793130874634
total time is  1329.019273519516
Epoch [40001/10000001], Loss: 0.8746466636657715
total time is  1359.8126039505005
Epoch [50001/10000001], Loss: 0.8684356808662415
total time is  1391.312388420105
Epoch [60001/10000001], Loss: 0.8619205355644226
total time is  1424.6678354740143
Epoch [70001/10000001], Loss: 0.8555758595466614
total time is  1456.9069442749023
Epoch [80001/10000001], Loss: 0.8500502705574036
total time is  1489.7167301177979
Epoch [90001/10000001], Loss: 0.8441777229309082
total time is  1522.214943408966
Epoch [100001/10000001], Loss: 0.8387945890426636
total time is  1554.7188303470612
Epoch [110001/10000001], Loss: 0.833511471748352
total time is  1588.4839606285095
Epoch [120001/10000001], Loss: 0.8281939029693604
total time is  1619.4453763961792
Epoch [130001/10000001], Loss: 0.8231531977653503
total time is  1651.9657888412476
Epoch [140001/10000001], Loss: 0.8181614279747009
total time is  1684.3937945365906
Epoch [150001/10000001], Loss: 0.8138418793678284
total time is  1716.5701336860657
Epoch [160001/10000001], Loss: 0.8090629577636719
total time is  1749.2706036567688
Epoch [170001/10000001], Loss: 0.8041961193084717
total time is  1781.5554990768433
Epoch [180001/10000001], Loss: 0.7997647523880005
total time is  1814.4607617855072
Epoch [190001/10000001], Loss: 0.7942184209823608
total time is  1846.715440273285
Epoch [200001/10000001], Loss: 0.7887943387031555
total time is  1879.9651684761047
Epoch [210001/10000001], Loss: 0.7830493450164795
total time is  1912.9471867084503
Epoch [220001/10000001], Loss: 0.7771598100662231
total time is  1947.5507085323334
Epoch [230001/10000001], Loss: 0.7724035382270813
total time is  1980.5773465633392
Epoch [240001/10000001], Loss: 0.7677396535873413
total time is  2012.9154000282288
Epoch [250001/10000001], Loss: 0.7633385062217712
total time is  2046.0874619483948
Epoch [260001/10000001], Loss: 0.7595596313476562
total time is  2080.910256624222
Epoch [270001/10000001], Loss: 0.7556110620498657
total time is  2114.058121204376
Epoch [280001/10000001], Loss: 0.751700222492218
total time is  2145.0532195568085
Epoch [290001/10000001], Loss: 0.7476468682289124
total time is  2176.7815058231354
Epoch [300001/10000001], Loss: 0.7442895174026489
total time is  2208.2211632728577
Epoch [310001/10000001], Loss: 0.7405492663383484
total time is  2241.6875426769257
Epoch [320001/10000001], Loss: 0.7371882796287537
total time is  2274.1556594371796
Epoch [330001/10000001], Loss: 0.7334976196289062
total time is  2308.2211496829987
Epoch [340001/10000001], Loss: 0.7302312850952148
total time is  2339.1380381584167
Epoch [350001/10000001], Loss: 0.7271187901496887
total time is  2371.492391347885
Epoch [360001/10000001], Loss: 0.7241399884223938
total time is  2403.118002653122
Epoch [370001/10000001], Loss: 0.7208619117736816
total time is  2436.171548128128
Epoch [380001/10000001], Loss: 0.7182939052581787
total time is  2470.041209936142
Epoch [390001/10000001], Loss: 0.7148821353912354
total time is  2506.5327298641205
Epoch [400001/10000001], Loss: 0.712616503238678
total time is  2544.1402580738068
Epoch [410001/10000001], Loss: 0.7093865275382996
total time is  2581.5713810920715
Epoch [420001/10000001], Loss: 0.7066710591316223
total time is  2618.823515176773
Epoch [430001/10000001], Loss: 0.7042074203491211
total time is  2656.146931886673
Epoch [440001/10000001], Loss: 0.7016013860702515
total time is  2693.3729083538055
Epoch [450001/10000001], Loss: 0.6994520425796509
total time is  2730.334802389145
Epoch [460001/10000001], Loss: 0.6967707276344299
total time is  2767.7512753009796
Epoch [470001/10000001], Loss: 0.6939591765403748
total time is  2805.0873243808746
Epoch [480001/10000001], Loss: 0.6917509436607361
total time is  2842.707146167755
Epoch [490001/10000001], Loss: 0.6894596219062805
total time is  2880.274647951126
Epoch [500001/10000001], Loss: 0.6874287128448486
total time is  2917.669260263443
Epoch [510001/10000001], Loss: 0.6851692795753479
total time is  2955.468249797821
Epoch [520001/10000001], Loss: 0.682498574256897
total time is  2992.7916326522827
Epoch [530001/10000001], Loss: 0.6806847453117371
total time is  3029.836354970932
Epoch [540001/10000001], Loss: 0.6782056093215942
total time is  3067.6053805351257
Epoch [550001/10000001], Loss: 0.6762736439704895
total time is  3104.9274780750275
Epoch [560001/10000001], Loss: 0.6736555099487305
total time is  3142.599006175995
Epoch [570001/10000001], Loss: 0.6718767881393433
total time is  3178.783301591873
Epoch [580001/10000001], Loss: 0.6696911454200745
total time is  3216.6330139636993
Epoch [590001/10000001], Loss: 0.6677651405334473
total time is  3254.3828632831573
Epoch [600001/10000001], Loss: 0.6651979088783264
total time is  3291.892790079117
Epoch [610001/10000001], Loss: 0.6633465886116028
total time is  3329.7308654785156
Epoch [620001/10000001], Loss: 0.6612518429756165
total time is  3367.58847284317
Epoch [630001/10000001], Loss: 0.6593787670135498
total time is  3405.3721039295197
Epoch [640001/10000001], Loss: 0.657011091709137
total time is  3443.3515956401825
Epoch [650001/10000001], Loss: 0.6552578806877136
total time is  3481.2307844161987
Epoch [660001/10000001], Loss: 0.6533335447311401
total time is  3519.237062692642
Epoch [670001/10000001], Loss: 0.6512395143508911
total time is  3556.773381948471
Epoch [680001/10000001], Loss: 0.6489847302436829
total time is  3596.086929798126
Epoch [690001/10000001], Loss: 0.6470503211021423
total time is  3634.8822004795074
Epoch [700001/10000001], Loss: 0.6448268294334412
total time is  3671.9927937984467
Epoch [710001/10000001], Loss: 0.6432826519012451
total time is  3709.399539709091
Epoch [720001/10000001], Loss: 0.6412110924720764
total time is  3746.637993812561
Epoch [730001/10000001], Loss: 0.6391689777374268
total time is  3782.9049077033997
Epoch [740001/10000001], Loss: 0.6375977396965027
total time is  3820.787456035614
Epoch [750001/10000001], Loss: 0.6354498267173767
total time is  3858.615561246872
Epoch [760001/10000001], Loss: 0.6333304047584534
total time is  3896.341735124588
Epoch [770001/10000001], Loss: 0.6313540935516357
total time is  3934.321072101593
Epoch [780001/10000001], Loss: 0.6297655701637268
total time is  3971.9565048217773
Epoch [790001/10000001], Loss: 0.627689778804779
total time is  4008.9730882644653
Epoch [800001/10000001], Loss: 0.6259461641311646
total time is  4044.7301168441772
Epoch [810001/10000001], Loss: 0.623913049697876
total time is  4082.5389790534973
Epoch [820001/10000001], Loss: 0.6220893859863281
total time is  4120.965759277344
Epoch [830001/10000001], Loss: 0.620726466178894
total time is  4158.645200252533
Epoch [840001/10000001], Loss: 0.6189216375350952
total time is  4196.694240808487
Epoch [850001/10000001], Loss: 0.617293655872345
total time is  4234.628586292267
Epoch [860001/10000001], Loss: 0.6154295802116394
total time is  4272.749350070953
Epoch [870001/10000001], Loss: 0.6133934259414673
total time is  4310.715249538422
Epoch [880001/10000001], Loss: 0.6097545027732849
total time is  4348.736369132996
Epoch [890001/10000001], Loss: 0.6058829426765442
total time is  4386.907785654068
Epoch [900001/10000001], Loss: 0.6025853157043457
total time is  4423.068108797073
Epoch [910001/10000001], Loss: 0.6005619764328003
total time is  4461.060272932053
Epoch [920001/10000001], Loss: 0.598147988319397
total time is  4499.673512458801
Epoch [930001/10000001], Loss: 0.5966690182685852
total time is  4537.9266567230225
Epoch [940001/10000001], Loss: 0.5947346091270447
total time is  4574.0411558151245
Epoch [950001/10000001], Loss: 0.5930490493774414
total time is  4612.900072097778
Epoch [960001/10000001], Loss: 0.591326117515564
total time is  4651.221916437149
Epoch [970001/10000001], Loss: 0.5895023941993713
total time is  4689.814613580704
Epoch [980001/10000001], Loss: 0.5880746245384216
total time is  4728.115427017212
Epoch [990001/10000001], Loss: 0.5863289833068848
total time is  4766.201319932938
Epoch [1000001/10000001], Loss: 0.5848039388656616
total time is  4804.777715206146
Epoch [1010001/10000001], Loss: 0.5836403369903564
total time is  4841.821161746979
Epoch [1020001/10000001], Loss: 0.5818480253219604
total time is  4880.433724403381
Epoch [1030001/10000001], Loss: 0.5801892280578613
total time is  4918.912248373032
Epoch [1040001/10000001], Loss: 0.578538715839386
total time is  4957.085584640503
Epoch [1050001/10000001], Loss: 0.5779092311859131
total time is  4995.627165317535
Epoch [1060001/10000001], Loss: 0.5764135718345642
total time is  5034.173107624054
Epoch [1070001/10000001], Loss: 0.5750566720962524
total time is  5072.389916419983
Epoch [1080001/10000001], Loss: 0.5730789303779602
total time is  5111.5172510147095
Epoch [1090001/10000001], Loss: 0.5719445943832397
total time is  5149.359456539154
Epoch [1100001/10000001], Loss: 0.5707933902740479
total time is  5188.157925605774
Epoch [1110001/10000001], Loss: 0.5692589282989502
total time is  5226.8896741867065
Epoch [1120001/10000001], Loss: 0.5678417682647705
total time is  5266.10790681839
Epoch [1130001/10000001], Loss: 0.5666382908821106
total time is  5305.045074939728
Epoch [1140001/10000001], Loss: 0.565373957157135
total time is  5343.303053379059
Epoch [1150001/10000001], Loss: 0.5639662742614746
total time is  5381.990600824356
Epoch [1160001/10000001], Loss: 0.5626358389854431
total time is  5420.853789329529
Epoch [1170001/10000001], Loss: 0.5611514449119568
total time is  5459.289526939392
Epoch [1180001/10000001], Loss: 0.5598562955856323
total time is  5498.086678743362
Epoch [1190001/10000001], Loss: 0.5584375262260437
total time is  5536.685498476028
Epoch [1200001/10000001], Loss: 0.5568193197250366
total time is  5575.495523691177
Epoch [1210001/10000001], Loss: 0.556159496307373
total time is  5612.935049295425
Epoch [1220001/10000001], Loss: 0.5544706583023071
total time is  5652.069242954254
Epoch [1230001/10000001], Loss: 0.5534079670906067
total time is  5688.664324045181
Epoch [1240001/10000001], Loss: 0.55215984582901
total time is  5727.498717069626
Epoch [1250001/10000001], Loss: 0.551279604434967
total time is  5766.522255897522
Epoch [1260001/10000001], Loss: 0.5493384599685669
total time is  5805.164282798767
Epoch [1270001/10000001], Loss: 0.5479907989501953
total time is  5843.790505409241
Epoch [1280001/10000001], Loss: 0.5467260479927063
total time is  5883.191965341568
Epoch [1290001/10000001], Loss: 0.5454593300819397
total time is  5921.989394664764
Epoch [1300001/10000001], Loss: 0.5442255735397339
total time is  5960.901131153107
Epoch [1310001/10000001], Loss: 0.5428656935691833
total time is  6000.1342442035675
Epoch [1320001/10000001], Loss: 0.5415019392967224
total time is  6038.4753749370575
Epoch [1330001/10000001], Loss: 0.5401593446731567
total time is  6076.740385532379
Epoch [1340001/10000001], Loss: 0.5387808084487915
total time is  6113.889305830002
Epoch [1350001/10000001], Loss: 0.537778913974762
total time is  6152.715602636337
Epoch [1360001/10000001], Loss: 0.5362880229949951
total time is  6191.8575003147125
Epoch [1370001/10000001], Loss: 0.5349109172821045
total time is  6230.434779167175
Epoch [1380001/10000001], Loss: 0.5338195562362671
total time is  6269.755512714386
Epoch [1390001/10000001], Loss: 0.5324387550354004
total time is  6308.812092065811
Epoch [1400001/10000001], Loss: 0.5313053727149963
total time is  6347.540220499039
Epoch [1410001/10000001], Loss: 0.5298329591751099
total time is  6386.910152196884
Epoch [1420001/10000001], Loss: 0.5282321572303772
total time is  6425.782376527786
Epoch [1430001/10000001], Loss: 0.5269821286201477
total time is  6465.249057292938
Epoch [1440001/10000001], Loss: 0.5255445241928101
total time is  6503.400645017624
Epoch [1450001/10000001], Loss: 0.5243232250213623
total time is  6542.407479763031
Epoch [1460001/10000001], Loss: 0.5230556130409241
total time is  6581.7097725868225
Epoch [1470001/10000001], Loss: 0.5220662355422974
total time is  6620.342903137207
Epoch [1480001/10000001], Loss: 0.519977867603302
total time is  6656.182458639145
Epoch [1490001/10000001], Loss: 0.5190435647964478
total time is  6695.392066717148
Epoch [1500001/10000001], Loss: 0.5177953839302063
total time is  6734.488228321075
Epoch [1510001/10000001], Loss: 0.5160844922065735
total time is  6774.084340333939
Epoch [1520001/10000001], Loss: 0.5148813724517822
total time is  6812.865700483322
Epoch [1530001/10000001], Loss: 0.5135173201560974
total time is  6852.199869155884
Epoch [1540001/10000001], Loss: 0.5123908519744873
total time is  6891.612097024918
Epoch [1550001/10000001], Loss: 0.5111841559410095
total time is  6929.809800863266
Epoch [1560001/10000001], Loss: 0.5096521377563477
total time is  6969.31037735939
Epoch [1570001/10000001], Loss: 0.5082454085350037
total time is  7008.362230300903
Epoch [1580001/10000001], Loss: 0.5070599317550659
total time is  7047.958679437637
Epoch [1590001/10000001], Loss: 0.5055356621742249
total time is  7087.265041351318
Epoch [1600001/10000001], Loss: 0.5044326782226562
total time is  7126.612593412399
Epoch [1610001/10000001], Loss: 0.5027546286582947
total time is  7165.664848089218
Epoch [1620001/10000001], Loss: 0.5017462372779846
total time is  7204.834486722946
Epoch [1630001/10000001], Loss: 0.500190794467926
total time is  7244.637467384338
Epoch [1640001/10000001], Loss: 0.49915850162506104
total time is  7283.996572494507
Epoch [1650001/10000001], Loss: 0.49787721037864685
total time is  7323.515743017197
Epoch [1660001/10000001], Loss: 0.4964195191860199
total time is  7365.475956916809
Epoch [1670001/10000001], Loss: 0.4953921437263489
total time is  7405.4411635398865
Epoch [1680001/10000001], Loss: 0.4940156936645508
total time is  7444.887833595276
Epoch [1690001/10000001], Loss: 0.49251067638397217
total time is  7484.310957431793
Epoch [1700001/10000001], Loss: 0.4914388060569763
total time is  7523.940734863281
Epoch [1710001/10000001], Loss: 0.48989546298980713
total time is  7563.220075130463
Epoch [1720001/10000001], Loss: 0.48860013484954834
total time is  7602.890495300293
Epoch [1730001/10000001], Loss: 0.48733583092689514
total time is  7642.345968008041
Epoch [1740001/10000001], Loss: 0.48585087060928345
total time is  7681.739525079727
Epoch [1750001/10000001], Loss: 0.48486971855163574
total time is  7720.191113471985
Epoch [1760001/10000001], Loss: 0.48287373781204224
total time is  7759.607526779175
Epoch [1770001/10000001], Loss: 0.48226064443588257
total time is  7799.253539562225
Epoch [1780001/10000001], Loss: 0.48091647028923035
total time is  7839.257270336151
Epoch [1790001/10000001], Loss: 0.4794212281703949
total time is  7879.10910153389
Epoch [1800001/10000001], Loss: 0.47803598642349243
total time is  7918.595205068588
Epoch [1810001/10000001], Loss: 0.47692203521728516
total time is  7958.745908498764
Epoch [1820001/10000001], Loss: 0.4755331575870514
total time is  7998.324273347855
Epoch [1830001/10000001], Loss: 0.47417938709259033
total time is  8037.980178833008
Epoch [1840001/10000001], Loss: 0.4729645550251007
total time is  8077.661282777786
Epoch [1850001/10000001], Loss: 0.47148510813713074
total time is  8117.065582275391
Epoch [1860001/10000001], Loss: 0.4703785181045532
total time is  8156.663244485855
Epoch [1870001/10000001], Loss: 0.4688777029514313
total time is  8196.388054609299
Epoch [1880001/10000001], Loss: 0.46758541464805603
total time is  8237.428827762604
Epoch [1890001/10000001], Loss: 0.46625083684921265
total time is  8278.36724615097
Epoch [1900001/10000001], Loss: 0.464974582195282
total time is  8318.294829845428
Epoch [1910001/10000001], Loss: 0.4638855457305908
total time is  8358.595366477966
Epoch [1920001/10000001], Loss: 0.46259745955467224
total time is  8398.469053506851
Epoch [1930001/10000001], Loss: 0.4608142673969269
total time is  8438.619058609009
Epoch [1940001/10000001], Loss: 0.4595750570297241
total time is  8478.237362623215
Epoch [1950001/10000001], Loss: 0.45832663774490356
total time is  8519.555535793304
Epoch [1960001/10000001], Loss: 0.45696839690208435
total time is  8559.536048173904
Epoch [1970001/10000001], Loss: 0.4555165767669678
total time is  8599.850251436234
Epoch [1980001/10000001], Loss: 0.4547618627548218
total time is  8640.131566762924
Epoch [1990001/10000001], Loss: 0.4525488018989563
total time is  8680.143222332
Epoch [2000001/10000001], Loss: 0.45147380232810974
total time is  8720.06194448471
Epoch [2010001/10000001], Loss: 0.4501800239086151
total time is  8760.700721025467
Epoch [2020001/10000001], Loss: 0.44878965616226196
total time is  8800.247050762177
Epoch [2030001/10000001], Loss: 0.447243869304657
total time is  8840.959442853928
Epoch [2040001/10000001], Loss: 0.4460415542125702
total time is  8879.541352272034
Epoch [2050001/10000001], Loss: 0.4445286989212036
total time is  8919.273363113403
Epoch [2060001/10000001], Loss: 0.4448046088218689
total time is  8960.056443452835
Epoch [2070001/10000001], Loss: 0.441686749458313
total time is  8999.985934972763
Epoch [2080001/10000001], Loss: 0.440308153629303
total time is  9040.510685682297
Epoch [2090001/10000001], Loss: 0.43903183937072754
total time is  9079.099016189575
Epoch [2100001/10000001], Loss: 0.4374150037765503
total time is  9119.59788775444
Epoch [2110001/10000001], Loss: 0.43566396832466125
total time is  9159.734603643417
Epoch [2120001/10000001], Loss: 0.4346815049648285
total time is  9199.798129558563
Epoch [2130001/10000001], Loss: 0.43353986740112305
total time is  9240.403351068497
Epoch [2140001/10000001], Loss: 0.43159571290016174
total time is  9280.822909593582
Epoch [2150001/10000001], Loss: 0.4303925037384033
total time is  9321.205218315125
Epoch [2160001/10000001], Loss: 0.4289624094963074
total time is  9360.377304315567
Epoch [2170001/10000001], Loss: 0.42751961946487427
total time is  9400.86270070076
Epoch [2180001/10000001], Loss: 0.4258136749267578
total time is  9438.880310297012
Epoch [2190001/10000001], Loss: 0.4240139424800873
total time is  9479.329762935638
Epoch [2200001/10000001], Loss: 0.42285874485969543
total time is  9519.802354812622
Epoch [2210001/10000001], Loss: 0.42147472500801086
total time is  9559.96875166893
Epoch [2220001/10000001], Loss: 0.4200079143047333
total time is  9600.706842422485
Epoch [2230001/10000001], Loss: 0.41825512051582336
total time is  9639.865234375
Epoch [2240001/10000001], Loss: 0.41653698682785034
total time is  9680.550410032272
Epoch [2250001/10000001], Loss: 0.4152355194091797
total time is  9721.108874320984
Epoch [2260001/10000001], Loss: 0.4135691523551941
total time is  9761.711363554
Epoch [2270001/10000001], Loss: 0.41204339265823364
total time is  9802.358669042587
Epoch [2280001/10000001], Loss: 0.41069820523262024
total time is  9842.798854351044
Epoch [2290001/10000001], Loss: 0.40919029712677
total time is  9883.628878116608
Epoch [2300001/10000001], Loss: 0.40786221623420715
total time is  9922.938975811005
Epoch [2310001/10000001], Loss: 0.4058542847633362
total time is  9963.478001117706
Epoch [2320001/10000001], Loss: 0.40430748462677
total time is  10004.348750591278
Epoch [2330001/10000001], Loss: 0.40279948711395264
total time is  10045.181942939758
Epoch [2340001/10000001], Loss: 0.4013851284980774
total time is  10086.12593626976
Epoch [2350001/10000001], Loss: 0.3994726538658142
total time is  10126.889769792557
Epoch [2360001/10000001], Loss: 0.3982831537723541
total time is  10167.570624113083
Epoch [2370001/10000001], Loss: 0.3962419927120209
total time is  10206.390344619751
Epoch [2380001/10000001], Loss: 0.39492279291152954
total time is  10247.508074522018
Epoch [2390001/10000001], Loss: 0.39303553104400635
total time is  10288.553852081299
Epoch [2400001/10000001], Loss: 0.39137038588523865
total time is  10329.269609928131
Epoch [2410001/10000001], Loss: 0.3900514841079712
total time is  10369.605206727982
Epoch [2420001/10000001], Loss: 0.3882312774658203
total time is  10410.983924388885
Epoch [2430001/10000001], Loss: 0.38679492473602295
total time is  10451.641252040863
Epoch [2440001/10000001], Loss: 0.3855786919593811
total time is  10492.23681807518
Epoch [2450001/10000001], Loss: 0.38384875655174255
total time is  10532.96043586731
Epoch [2460001/10000001], Loss: 0.38539406657218933
total time is  10573.985847949982
Epoch [2470001/10000001], Loss: 0.38064447045326233
total time is  10614.890740156174
Epoch [2480001/10000001], Loss: 0.3790055811405182
total time is  10656.010604858398
Epoch [2490001/10000001], Loss: 0.37755754590034485
total time is  10697.16858458519
Epoch [2500001/10000001], Loss: 0.3761025071144104
total time is  10737.966695308685
Epoch [2510001/10000001], Loss: 0.37422680854797363
total time is  10778.584800958633
Epoch [2520001/10000001], Loss: 0.37315046787261963
total time is  10819.57075381279
Epoch [2530001/10000001], Loss: 0.37146708369255066
total time is  10861.096254825592
Epoch [2540001/10000001], Loss: 0.36996445059776306
total time is  10902.366472005844
Epoch [2550001/10000001], Loss: 0.36859461665153503
total time is  10943.337105035782
Epoch [2560001/10000001], Loss: 0.3667405843734741
total time is  10984.711379766464
Epoch [2570001/10000001], Loss: 0.3651314675807953
total time is  11025.646018266678
Epoch [2580001/10000001], Loss: 0.36382943391799927
total time is  11065.163405418396
Epoch [2590001/10000001], Loss: 0.3624146580696106
total time is  11106.383059501648
Epoch [2600001/10000001], Loss: 0.3605489730834961
total time is  11147.832141637802
Epoch [2610001/10000001], Loss: 0.35963761806488037
total time is  11189.170594930649
Epoch [2620001/10000001], Loss: 0.3579857051372528
total time is  11230.234880685806
Epoch [2630001/10000001], Loss: 0.3563186228275299
total time is  11271.486124277115
Epoch [2640001/10000001], Loss: 0.3548138737678528
total time is  11312.988415956497
Epoch [2650001/10000001], Loss: 0.3535291254520416
total time is  11352.309694290161
Epoch [2660001/10000001], Loss: 0.35170477628707886
total time is  11394.118454933167
Epoch [2670001/10000001], Loss: 0.35034385323524475
total time is  11435.290509462357
Epoch [2680001/10000001], Loss: 0.3488920331001282
total time is  11476.864427566528
Epoch [2690001/10000001], Loss: 0.3472789525985718
total time is  11517.994584798813
Epoch [2700001/10000001], Loss: 0.346010684967041
total time is  11559.388513088226
Epoch [2710001/10000001], Loss: 0.34433770179748535
total time is  11600.600038051605
Epoch [2720001/10000001], Loss: 0.3432852625846863
total time is  11640.811029434204
Epoch [2730001/10000001], Loss: 0.3416365683078766
total time is  11682.667839288712
Epoch [2740001/10000001], Loss: 0.3400647044181824
total time is  11723.999553442001
Epoch [2750001/10000001], Loss: 0.3388729989528656
total time is  11765.705944299698
Epoch [2760001/10000001], Loss: 0.3374220132827759
total time is  11807.059240818024
Epoch [2770001/10000001], Loss: 0.33563145995140076
total time is  11848.332465171814
Epoch [2780001/10000001], Loss: 0.3342219293117523
total time is  11890.167270421982
Epoch [2790001/10000001], Loss: 0.3332321047782898
total time is  11930.619939088821
Epoch [2800001/10000001], Loss: 0.3317088484764099
total time is  11971.116511106491
Epoch [2810001/10000001], Loss: 0.33083850145339966
total time is  12008.120205163956
Epoch [2820001/10000001], Loss: 0.3288789987564087
total time is  12048.271409034729
Epoch [2830001/10000001], Loss: 0.3275385797023773
total time is  12090.358088970184
Epoch [2840001/10000001], Loss: 0.3263718783855438
total time is  12131.775760173798
Epoch [2850001/10000001], Loss: 0.3251740038394928
total time is  12173.847250461578
Epoch [2860001/10000001], Loss: 0.32329773902893066
total time is  12214.810648918152
Epoch [2870001/10000001], Loss: 0.3219212293624878
total time is  12257.220700979233
Epoch [2880001/10000001], Loss: 0.3210659325122833
total time is  12298.7690513134
Epoch [2890001/10000001], Loss: 0.3195016086101532
total time is  12340.198202848434
Epoch [2900001/10000001], Loss: 0.317946195602417
total time is  12382.395965576172
Epoch [2910001/10000001], Loss: 0.3166730999946594
total time is  12424.053109884262
Epoch [2920001/10000001], Loss: 0.3155515193939209
total time is  12466.075137853622
Epoch [2930001/10000001], Loss: 0.31446966528892517
total time is  12507.30272936821
Epoch [2940001/10000001], Loss: 0.3128458261489868
total time is  12549.033750534058
Epoch [2950001/10000001], Loss: 0.3115614652633667
total time is  12591.34496974945
Epoch [2960001/10000001], Loss: 0.31024250388145447
total time is  12633.125683546066
Epoch [2970001/10000001], Loss: 0.3090558350086212
total time is  12675.776582717896
Epoch [2980001/10000001], Loss: 0.30788129568099976
total time is  12717.187530994415
Epoch [2990001/10000001], Loss: 0.30667316913604736
total time is  12758.81323480606
Epoch [3000001/10000001], Loss: 0.3054613471031189
total time is  12801.54580283165
Epoch [3010001/10000001], Loss: 0.3041267693042755
total time is  12843.491027116776
Epoch [3020001/10000001], Loss: 0.3027317225933075
total time is  12885.78297328949
Epoch [3030001/10000001], Loss: 0.30177757143974304
total time is  12928.206522464752
Epoch [3040001/10000001], Loss: 0.30080193281173706
total time is  12966.381534099579
Epoch [3050001/10000001], Loss: 0.29945647716522217
total time is  13007.939551353455
Epoch [3060001/10000001], Loss: 0.29798558354377747
total time is  13047.402594804764
Epoch [3070001/10000001], Loss: 0.29679256677627563
total time is  13088.900762796402
Epoch [3080001/10000001], Loss: 0.29567623138427734
total time is  13131.079176425934
Epoch [3090001/10000001], Loss: 0.2945888042449951
total time is  13172.25171160698
Epoch [3100001/10000001], Loss: 0.2933415472507477
total time is  13214.13141489029
Epoch [3110001/10000001], Loss: 0.29227498173713684
total time is  13256.476089477539
Epoch [3120001/10000001], Loss: 0.29107531905174255
total time is  13298.460620164871
Epoch [3130001/10000001], Loss: 0.2900283634662628
total time is  13339.081278800964
Epoch [3140001/10000001], Loss: 0.2887464165687561
total time is  13380.177552223206
Epoch [3150001/10000001], Loss: 0.28790414333343506
total time is  13422.474555015564
Epoch [3160001/10000001], Loss: 0.2865661382675171
total time is  13462.911499738693
Epoch [3170001/10000001], Loss: 0.2856657803058624
total time is  13503.563192605972
Epoch [3180001/10000001], Loss: 0.2845779359340668
total time is  13545.35781288147
Epoch [3190001/10000001], Loss: 0.2831767499446869
total time is  13587.087055206299
Epoch [3200001/10000001], Loss: 0.2825845181941986
total time is  13627.784827947617
Epoch [3210001/10000001], Loss: 0.28088194131851196
total time is  13669.868200302124
Epoch [3220001/10000001], Loss: 0.2801709771156311
total time is  13711.339424610138
Epoch [3230001/10000001], Loss: 0.27936625480651855
total time is  13753.086969137192
Epoch [3240001/10000001], Loss: 0.2779308259487152
total time is  13793.971351146698
Epoch [3250001/10000001], Loss: 0.27695223689079285
total time is  13836.58449435234
Epoch [3260001/10000001], Loss: 0.27634409070014954
total time is  13878.781960725784
Epoch [3270001/10000001], Loss: 0.2752554714679718
total time is  13921.172322034836
Epoch [3280001/10000001], Loss: 0.27404019236564636
total time is  13963.892483472824
Epoch [3290001/10000001], Loss: 0.27328360080718994
total time is  14006.13688659668
Epoch [3300001/10000001], Loss: 0.27221155166625977
total time is  14047.91430735588
Epoch [3310001/10000001], Loss: 0.2713073790073395
total time is  14088.603883981705
Epoch [3320001/10000001], Loss: 0.2701523005962372
total time is  14130.584034442902
Epoch [3330001/10000001], Loss: 0.26946568489074707
total time is  14172.982548713684
Epoch [3340001/10000001], Loss: 0.27275577187538147
total time is  14216.623372793198
Epoch [3350001/10000001], Loss: 0.26746314764022827
total time is  14258.885160684586
Epoch [3360001/10000001], Loss: 0.2663734555244446
total time is  14301.128569841385
Epoch [3370001/10000001], Loss: 0.26567861437797546
total time is  14343.874815225601
Epoch [3380001/10000001], Loss: 0.2648996412754059
total time is  14386.019974708557
Epoch [3390001/10000001], Loss: 0.2677181661128998
total time is  14428.045902490616
Epoch [3400001/10000001], Loss: 0.2629814147949219
total time is  14471.209824562073
Epoch [3410001/10000001], Loss: 0.2623634338378906
total time is  14514.475545167923
Epoch [3420001/10000001], Loss: 0.26144540309906006
total time is  14556.936384916306
Epoch [3430001/10000001], Loss: 0.2606017291545868
total time is  14599.893393993378
Epoch [3440001/10000001], Loss: 0.25943899154663086
total time is  14642.877270698547
Epoch [3450001/10000001], Loss: 0.25870153307914734
total time is  14685.49209523201
Epoch [3460001/10000001], Loss: 0.2577645182609558
total time is  14727.90845155716
Epoch [3470001/10000001], Loss: 0.2571660280227661
total time is  14770.535570383072
Epoch [3480001/10000001], Loss: 0.25643742084503174
total time is  14814.104094743729
Epoch [3490001/10000001], Loss: 0.2555080056190491
total time is  14857.347732305527
Epoch [3500001/10000001], Loss: 0.25437062978744507
total time is  14899.721648216248
Epoch [3510001/10000001], Loss: 0.25379738211631775
total time is  14942.194463729858
Epoch [3520001/10000001], Loss: 0.2532767951488495
total time is  14985.49340248108
Epoch [3530001/10000001], Loss: 0.2522306740283966
total time is  15027.257385492325
Epoch [3540001/10000001], Loss: 0.25111615657806396
total time is  15070.828106164932
Epoch [3550001/10000001], Loss: 0.2507160007953644
total time is  15114.26761174202
Epoch [3560001/10000001], Loss: 0.2500634789466858
total time is  15157.396083116531
Epoch [3570001/10000001], Loss: 0.2489503026008606
total time is  15200.59035730362
Epoch [3580001/10000001], Loss: 0.24857650697231293
total time is  15245.019157886505
Epoch [3590001/10000001], Loss: 0.2478601634502411
total time is  15288.143168449402
Epoch [3600001/10000001], Loss: 0.24666926264762878
total time is  15330.722378015518
Epoch [3610001/10000001], Loss: 0.24604977667331696
total time is  15374.52382016182
Epoch [3620001/10000001], Loss: 0.2452411949634552
total time is  15417.441021442413
Epoch [3630001/10000001], Loss: 0.2447877824306488
total time is  15460.493102312088
Epoch [3640001/10000001], Loss: 0.24412505328655243
total time is  15503.440064430237
Epoch [3650001/10000001], Loss: 0.24317798018455505
total time is  15546.193070411682
Epoch [3660001/10000001], Loss: 0.2425890862941742
total time is  15588.448196172714
Epoch [3670001/10000001], Loss: 0.24173276126384735
total time is  15631.344609737396
Epoch [3680001/10000001], Loss: 0.24116623401641846
total time is  15674.742032051086
Epoch [3690001/10000001], Loss: 0.24060557782649994
total time is  15717.253555774689
Epoch [3700001/10000001], Loss: 0.23994943499565125
total time is  15761.19245505333
Epoch [3710001/10000001], Loss: 0.23914197087287903
total time is  15804.789553880692
Epoch [3720001/10000001], Loss: 0.23869596421718597
total time is  15848.616085290909
Epoch [3730001/10000001], Loss: 0.2378511279821396
total time is  15892.297878026962
Epoch [3740001/10000001], Loss: 0.2373761385679245
total time is  15934.91203379631
Epoch [3750001/10000001], Loss: 0.23676294088363647
total time is  15977.711076259613
Epoch [3760001/10000001], Loss: 0.23595121502876282
total time is  16021.217389345169
Epoch [3770001/10000001], Loss: 0.23524776101112366
total time is  16064.950158119202
Epoch [3780001/10000001], Loss: 0.2346569001674652
total time is  16108.634331226349
Epoch [3790001/10000001], Loss: 0.23386746644973755
total time is  16152.505066871643
Epoch [3800001/10000001], Loss: 0.23333995044231415
total time is  16197.222854852676
Epoch [3810001/10000001], Loss: 0.23285450041294098
total time is  16241.727117300034
Epoch [3820001/10000001], Loss: 0.23219315707683563
total time is  16285.911594629288
Epoch [3830001/10000001], Loss: 0.23164844512939453
total time is  16330.708919763565
Epoch [3840001/10000001], Loss: 0.23128056526184082
total time is  16375.281224012375
Epoch [3850001/10000001], Loss: 0.23027323186397552
total time is  16420.22360086441
Epoch [3860001/10000001], Loss: 0.22989457845687866
total time is  16465.111926794052
Epoch [3870001/10000001], Loss: 0.2291376143693924
total time is  16509.17829489708
Epoch [3880001/10000001], Loss: 0.2284274399280548
total time is  16553.327800512314
Epoch [3890001/10000001], Loss: 0.2279394418001175
total time is  16597.860861301422
Epoch [3900001/10000001], Loss: 0.22763371467590332
total time is  16642.553345680237
Epoch [3910001/10000001], Loss: 0.22694319486618042
total time is  16685.55388021469
Epoch [3920001/10000001], Loss: 0.2261269986629486
total time is  16728.979603290558
Epoch [3930001/10000001], Loss: 0.2257443070411682
total time is  16773.33906507492
Epoch [3940001/10000001], Loss: 0.2253258377313614
total time is  16816.86546230316
Epoch [3950001/10000001], Loss: 0.22482284903526306
total time is  16858.897432088852
Epoch [3960001/10000001], Loss: 0.2241276353597641
total time is  16902.03907394409
Epoch [3970001/10000001], Loss: 0.22363300621509552
total time is  16946.915108442307
Epoch [3980001/10000001], Loss: 0.22284641861915588
total time is  16990.770018577576
Epoch [3990001/10000001], Loss: 0.22253188490867615
total time is  17034.805655002594
Epoch [4000001/10000001], Loss: 0.22184132039546967
total time is  17079.50829267502
Epoch [4010001/10000001], Loss: 0.22128750383853912
total time is  17122.898331165314
Epoch [4020001/10000001], Loss: 0.22088724374771118
total time is  17174.613267183304
Epoch [4030001/10000001], Loss: 0.22035425901412964
total time is  17226.359146118164
Epoch [4040001/10000001], Loss: 0.21972936391830444
total time is  17276.515514612198
Epoch [4050001/10000001], Loss: 0.21937821805477142
total time is  17321.78407931328
Epoch [4060001/10000001], Loss: 0.21864034235477448
total time is  17367.655581235886
Epoch [4070001/10000001], Loss: 0.2185719907283783
total time is  17412.266446828842
Epoch [4080001/10000001], Loss: 0.2180965393781662
total time is  17457.494403362274
Epoch [4090001/10000001], Loss: 0.21763402223587036
total time is  17501.949452877045
Epoch [4100001/10000001], Loss: 0.21664616465568542
total time is  17546.056664466858
Epoch [4110001/10000001], Loss: 0.21614974737167358
total time is  17591.599113225937
Epoch [4120001/10000001], Loss: 0.21593189239501953
total time is  17636.973210573196
Epoch [4130001/10000001], Loss: 0.21532012522220612
total time is  17682.61593747139
Epoch [4140001/10000001], Loss: 0.21492689847946167
total time is  17728.19492316246
Epoch [4150001/10000001], Loss: 0.21485182642936707
total time is  17773.76160144806
Epoch [4160001/10000001], Loss: 0.213811457157135
total time is  17818.426199913025
Epoch [4170001/10000001], Loss: 0.21364597976207733
total time is  17863.298402547836
Epoch [4180001/10000001], Loss: 0.21275395154953003
total time is  17908.17084789276
Epoch [4190001/10000001], Loss: 0.2124648243188858
total time is  17953.976153850555
Epoch [4200001/10000001], Loss: 0.2118818461894989
total time is  17999.122712135315
Epoch [4210001/10000001], Loss: 0.21162353456020355
total time is  18045.09941625595
Epoch [4220001/10000001], Loss: 0.2110651135444641
total time is  18090.35473370552
Epoch [4230001/10000001], Loss: 0.21072760224342346
total time is  18138.666511058807
Epoch [4240001/10000001], Loss: 0.20996274054050446
total time is  18188.062546253204
Epoch [4250001/10000001], Loss: 0.20994633436203003
total time is  18234.172939538956
Epoch [4260001/10000001], Loss: 0.20950861275196075
total time is  18282.669001340866
Epoch [4270001/10000001], Loss: 0.20881010591983795
total time is  18327.51024246216
Epoch [4280001/10000001], Loss: 0.20826208591461182
total time is  18372.749917030334
Epoch [4290001/10000001], Loss: 0.20821496844291687
total time is  18417.145740270615
Epoch [4300001/10000001], Loss: 0.20759683847427368
total time is  18466.750679254532
Epoch [4310001/10000001], Loss: 0.20728546380996704
total time is  18511.736717939377
Epoch [4320001/10000001], Loss: 0.20699749886989594
total time is  18556.845051765442
Epoch [4330001/10000001], Loss: 0.2061995565891266
total time is  18601.081190109253
Epoch [4340001/10000001], Loss: 0.20584683120250702
total time is  18645.08244228363
Epoch [4350001/10000001], Loss: 0.20535589754581451
total time is  18689.43406867981
Epoch [4360001/10000001], Loss: 0.20519299805164337
total time is  18734.143869638443
Epoch [4370001/10000001], Loss: 0.20463703572750092
total time is  18779.761156320572
Epoch [4380001/10000001], Loss: 0.2040456384420395
total time is  18825.005967617035
Epoch [4390001/10000001], Loss: 0.20377354323863983
total time is  18869.929620027542
Epoch [4400001/10000001], Loss: 0.20317354798316956
total time is  18914.271457195282
Epoch [4410001/10000001], Loss: 0.20288686454296112
total time is  18957.652984380722
Epoch [4420001/10000001], Loss: 0.20246079564094543
total time is  19001.724446296692
Epoch [4430001/10000001], Loss: 0.20231491327285767
total time is  19044.898408412933
Epoch [4440001/10000001], Loss: 0.2017376720905304
total time is  19085.182122707367
Epoch [4450001/10000001], Loss: 0.2012876272201538
total time is  19121.927090168
Epoch [4460001/10000001], Loss: 0.2013213038444519
total time is  19158.993924617767
Epoch [4470001/10000001], Loss: 0.20069022476673126
total time is  19197.022231578827
Epoch [4480001/10000001], Loss: 0.19988487660884857
total time is  19234.46250462532
Epoch [4490001/10000001], Loss: 0.19953814148902893
total time is  19273.742711782455
Epoch [4500001/10000001], Loss: 0.19891905784606934
total time is  19318.920301675797
Epoch [4510001/10000001], Loss: 0.19880418479442596
total time is  19363.272824525833
Epoch [4520001/10000001], Loss: 0.19817428290843964
total time is  19408.447155714035
Epoch [4530001/10000001], Loss: 0.19792203605175018
total time is  19451.314511537552
Epoch [4540001/10000001], Loss: 0.1977640688419342
total time is  19494.67126750946
Epoch [4550001/10000001], Loss: 0.19728748500347137
total time is  19538.466222286224
Epoch [4560001/10000001], Loss: 0.1965349167585373
total time is  19581.931823015213
Epoch [4570001/10000001], Loss: 0.19634713232517242
total time is  19622.856088876724
Epoch [4580001/10000001], Loss: 0.19610032439231873
total time is  19665.89644551277
Epoch [4590001/10000001], Loss: 0.19572532176971436
total time is  19711.543013572693
Epoch [4600001/10000001], Loss: 0.19517698884010315
total time is  19756.429356575012
Epoch [4610001/10000001], Loss: 0.19489547610282898
total time is  19801.635497808456
Epoch [4620001/10000001], Loss: 0.19474057853221893
total time is  19848.251594543457
Epoch [4630001/10000001], Loss: 0.19372180104255676
total time is  19894.17832350731
Epoch [4640001/10000001], Loss: 0.19364340603351593
total time is  19939.473965406418
Epoch [4650001/10000001], Loss: 0.19331225752830505
total time is  19985.041038513184
Epoch [4660001/10000001], Loss: 0.19301123917102814
total time is  20030.886511564255
Epoch [4670001/10000001], Loss: 0.19246499240398407
total time is  20075.150369167328
Epoch [4680001/10000001], Loss: 0.19200365245342255
total time is  20120.151483297348
Epoch [4690001/10000001], Loss: 0.19184094667434692
total time is  20166.11300420761
Epoch [4700001/10000001], Loss: 0.1914384961128235
total time is  20215.46675157547
Epoch [4710001/10000001], Loss: 0.19124877452850342
total time is  20263.733579158783
Epoch [4720001/10000001], Loss: 0.19081531465053558
total time is  20313.18041729927
Epoch [4730001/10000001], Loss: 0.190345898270607
total time is  20360.321630477905
Epoch [4740001/10000001], Loss: 0.18997806310653687
total time is  20406.405764579773
Epoch [4750001/10000001], Loss: 0.18969887495040894
total time is  20451.034834623337
Epoch [4760001/10000001], Loss: 0.18923506140708923
total time is  20495.702083349228
Epoch [4770001/10000001], Loss: 0.18887655436992645
total time is  20540.77890086174
Epoch [4780001/10000001], Loss: 0.18868029117584229
total time is  20583.118304014206
Epoch [4790001/10000001], Loss: 0.18855248391628265
total time is  20628.039650917053
Epoch [4800001/10000001], Loss: 0.1878754049539566
total time is  20673.691980600357
Epoch [4810001/10000001], Loss: 0.18759912252426147
total time is  20719.79038476944
Epoch [4820001/10000001], Loss: 0.18691223859786987
total time is  20764.443199634552
Epoch [4830001/10000001], Loss: 0.18676427006721497
total time is  20809.527500867844
Epoch [4840001/10000001], Loss: 0.1865115761756897
total time is  20855.523747444153
Epoch [4850001/10000001], Loss: 0.18617334961891174
total time is  20901.85214805603
Epoch [4860001/10000001], Loss: 0.18554392457008362
total time is  20947.396431446075
Epoch [4870001/10000001], Loss: 0.18517838418483734
total time is  20993.305233478546
Epoch [4880001/10000001], Loss: 0.18497903645038605
total time is  21039.2953312397
Epoch [4890001/10000001], Loss: 0.18463486433029175
total time is  21083.588436365128
Epoch [4900001/10000001], Loss: 0.18432430922985077
total time is  21129.959864616394
Epoch [4910001/10000001], Loss: 0.1842467188835144
total time is  21176.99033689499
Epoch [4920001/10000001], Loss: 0.1838204562664032
total time is  21222.336534023285
Epoch [4930001/10000001], Loss: 0.1830703169107437
total time is  21268.206127405167
Epoch [4940001/10000001], Loss: 0.18264199793338776
total time is  21314.5855178833
Epoch [4950001/10000001], Loss: 0.18252383172512054
total time is  21359.99502635002
Epoch [4960001/10000001], Loss: 0.18208999931812286
total time is  21412.19854903221
Epoch [4970001/10000001], Loss: 0.18181662261486053
total time is  21460.644213199615
Epoch [4980001/10000001], Loss: 0.18132750689983368
total time is  21512.4154818058
Epoch [4990001/10000001], Loss: 0.18115967512130737
total time is  21560.169526338577
Epoch [5000001/10000001], Loss: 0.18072302639484406
total time is  21616.95030093193
Epoch [5010001/10000001], Loss: 0.18050238490104675
total time is  21668.272577285767
Epoch [5020001/10000001], Loss: 0.17998425662517548
total time is  21719.56510734558
Epoch [5030001/10000001], Loss: 0.17954489588737488
total time is  21773.99640727043
Epoch [5040001/10000001], Loss: 0.179105743765831
total time is  21825.01788496971
Epoch [5050001/10000001], Loss: 0.19178305566310883
total time is  21869.964491844177
Epoch [5060001/10000001], Loss: 0.1787865310907364
total time is  21914.54902434349
Epoch [5070001/10000001], Loss: 0.17843973636627197
total time is  21961.57509946823
Epoch [5080001/10000001], Loss: 0.17788846790790558
total time is  22010.74872326851
Epoch [5090001/10000001], Loss: 0.1778906285762787
total time is  22062.725962400436
Epoch [5100001/10000001], Loss: 0.17740432918071747
total time is  22112.870125055313
Epoch [5110001/10000001], Loss: 0.17718182504177094
total time is  22162.667307138443
Epoch [5120001/10000001], Loss: 0.17632749676704407
total time is  22211.39381814003
Epoch [5130001/10000001], Loss: 0.17607161402702332
total time is  22262.450675725937
Epoch [5140001/10000001], Loss: 0.17593003809452057
total time is  22312.981575012207
Epoch [5150001/10000001], Loss: 0.1752767413854599
total time is  22363.05388402939
Epoch [5160001/10000001], Loss: 0.17495067417621613
total time is  22409.06060051918
Epoch [5170001/10000001], Loss: 0.1745474636554718
total time is  22451.715146780014
Epoch [5180001/10000001], Loss: 0.17413413524627686
total time is  22495.376092910767
Epoch [5190001/10000001], Loss: 0.17401055991649628
total time is  22538.47950744629
Epoch [5200001/10000001], Loss: 0.17382115125656128
total time is  22583.021056175232
Epoch [5210001/10000001], Loss: 0.17337827384471893
total time is  22625.67175078392
Epoch [5220001/10000001], Loss: 0.17264331877231598
total time is  22667.733706235886
Epoch [5230001/10000001], Loss: 0.17270389199256897
total time is  22708.918741941452
Epoch [5240001/10000001], Loss: 0.17206980288028717
total time is  22752.365114688873
Epoch [5250001/10000001], Loss: 0.17156730592250824
total time is  22796.64007306099
Epoch [5260001/10000001], Loss: 0.17180632054805756
total time is  22838.921588420868
Epoch [5270001/10000001], Loss: 0.17080801725387573
total time is  22884.93461227417
Epoch [5280001/10000001], Loss: 0.17082573473453522
total time is  22930.854486465454
Epoch [5290001/10000001], Loss: 0.1701349914073944
total time is  22980.088255643845
Epoch [5300001/10000001], Loss: 0.17003190517425537
total time is  23028.8722949028
Epoch [5310001/10000001], Loss: 0.16967904567718506
total time is  23079.050788402557
Epoch [5320001/10000001], Loss: 0.1689557582139969
total time is  23128.28549861908
Epoch [5330001/10000001], Loss: 0.16891779005527496
total time is  23175.261501789093
Epoch [5340001/10000001], Loss: 0.16786782443523407
total time is  23223.392068624496
Epoch [5350001/10000001], Loss: 0.16763955354690552
total time is  23270.029573202133
Epoch [5360001/10000001], Loss: 0.16728803515434265
total time is  23320.787824630737
Epoch [5370001/10000001], Loss: 0.16711752116680145
total time is  23371.269119739532
Epoch [5380001/10000001], Loss: 0.16679087281227112
total time is  23418.26716709137
Epoch [5390001/10000001], Loss: 0.16622431576251984
total time is  23466.670028448105
Epoch [5400001/10000001], Loss: 0.16576652228832245
total time is  23513.894223213196
Epoch [5410001/10000001], Loss: 0.1655862182378769
total time is  23563.919340848923
Epoch [5420001/10000001], Loss: 0.16501931846141815
total time is  23611.02885746956
Epoch [5430001/10000001], Loss: 0.16454365849494934
total time is  23659.904571294785
Epoch [5440001/10000001], Loss: 0.16441884636878967
total time is  23706.57032394409
Epoch [5450001/10000001], Loss: 0.16367290914058685
total time is  23751.910690784454
Epoch [5460001/10000001], Loss: 0.16320790350437164
total time is  23798.045784711838
Epoch [5470001/10000001], Loss: 0.16290493309497833
total time is  23844.577380657196
Epoch [5480001/10000001], Loss: 0.16255998611450195
total time is  23892.93841958046
Epoch [5490001/10000001], Loss: 0.1619742214679718
total time is  23939.11195087433
Epoch [5500001/10000001], Loss: 0.16162051260471344
total time is  23986.35504078865
Epoch [5510001/10000001], Loss: 0.1611666977405548
total time is  24032.979516744614
Epoch [5520001/10000001], Loss: 0.16091394424438477
total time is  24079.77585864067
Epoch [5530001/10000001], Loss: 0.16040268540382385
total time is  24126.470529794693
Epoch [5540001/10000001], Loss: 0.16003930568695068
total time is  24171.559765577316
Epoch [5550001/10000001], Loss: 0.1594673991203308
total time is  24218.9570646286
Epoch [5560001/10000001], Loss: 0.1591348797082901
total time is  24266.581055402756
Epoch [5570001/10000001], Loss: 0.15877218544483185
total time is  24314.98006772995
Epoch [5580001/10000001], Loss: 0.15847128629684448
total time is  24360.93573665619
Epoch [5590001/10000001], Loss: 0.15795323252677917
total time is  24408.26308631897
Epoch [5600001/10000001], Loss: 0.15720221400260925
total time is  24457.460861206055
Epoch [5610001/10000001], Loss: 0.15682353079319
total time is  24503.850363492966
Epoch [5620001/10000001], Loss: 0.15684504806995392
total time is  24553.826640605927
Epoch [5630001/10000001], Loss: 0.1560518592596054
total time is  24604.063475370407
Epoch [5640001/10000001], Loss: 0.15552081167697906
total time is  24653.03392624855
Epoch [5650001/10000001], Loss: 0.15510432422161102
total time is  24703.778015851974
Epoch [5660001/10000001], Loss: 0.15472856163978577
total time is  24752.82817029953
Epoch [5670001/10000001], Loss: 0.1542118340730667
total time is  24801.526751041412
Epoch [5680001/10000001], Loss: 0.15382567048072815
total time is  24853.621807336807
Epoch [5690001/10000001], Loss: 0.15340971946716309
total time is  24904.58247280121
Epoch [5700001/10000001], Loss: 0.15306484699249268
total time is  24950.801412582397
Epoch [5710001/10000001], Loss: 0.15263976156711578
total time is  24995.84150481224
Epoch [5720001/10000001], Loss: 0.15237614512443542
total time is  25040.80232167244
Epoch [5730001/10000001], Loss: 0.15179647505283356
total time is  25087.886753559113
Epoch [5740001/10000001], Loss: 0.1513785868883133
total time is  25134.796937942505
Epoch [5750001/10000001], Loss: 0.15073616802692413
total time is  25181.505125284195
Epoch [5760001/10000001], Loss: 0.1502963900566101
total time is  25227.01943039894
Epoch [5770001/10000001], Loss: 0.14983999729156494
total time is  25273.958458185196
Epoch [5780001/10000001], Loss: 0.14943864941596985
total time is  25321.009334087372
Epoch [5790001/10000001], Loss: 0.14939641952514648
total time is  25367.35271334648
Epoch [5800001/10000001], Loss: 0.14903178811073303
total time is  25415.6502058506
Epoch [5810001/10000001], Loss: 0.14828628301620483
total time is  25464.172260284424
Epoch [5820001/10000001], Loss: 0.14770865440368652
total time is  25511.703228473663
Epoch [5830001/10000001], Loss: 0.14713701605796814
total time is  25557.957973718643
Epoch [5840001/10000001], Loss: 0.14702339470386505
total time is  25605.281930208206
Epoch [5850001/10000001], Loss: 0.14637582004070282
total time is  25655.792271614075
Epoch [5860001/10000001], Loss: 0.14601004123687744
total time is  25703.613124608994
Epoch [5870001/10000001], Loss: 0.1454315036535263
total time is  25755.21733212471
Epoch [5880001/10000001], Loss: 0.14522114396095276
total time is  25806.30971455574
Epoch [5890001/10000001], Loss: 0.14475370943546295
total time is  25854.94981622696
Epoch [5900001/10000001], Loss: 0.1441279947757721
total time is  25907.830062389374
Epoch [5910001/10000001], Loss: 0.14370989799499512
total time is  25957.79183769226
Epoch [5920001/10000001], Loss: 0.14348314702510834
total time is  26008.083359718323
Epoch [5930001/10000001], Loss: 0.14290757477283478
total time is  26060.354232549667
Epoch [5940001/10000001], Loss: 0.14278581738471985
total time is  26111.456574201584
Epoch [5950001/10000001], Loss: 0.14234985411167145
total time is  26159.138842105865
Epoch [5960001/10000001], Loss: 0.1417602300643921
total time is  26208.028866767883
Epoch [5970001/10000001], Loss: 0.14157141745090485
total time is  26256.000568151474
Epoch [5980001/10000001], Loss: 0.14087368547916412
total time is  26303.463658332825
Epoch [5990001/10000001], Loss: 0.14026737213134766
total time is  26352.056634664536
Epoch [6000001/10000001], Loss: 0.14018431305885315
total time is  26401.30082964897
Epoch [6010001/10000001], Loss: 0.13977228105068207
total time is  26451.46651315689
Epoch [6020001/10000001], Loss: 0.13941246271133423
total time is  26501.984508037567
Epoch [6030001/10000001], Loss: 0.139001727104187
total time is  26550.169088840485
Epoch [6040001/10000001], Loss: 0.1382884979248047
total time is  26599.33833217621
Epoch [6050001/10000001], Loss: 0.13806726038455963
total time is  26646.778753995895
Epoch [6060001/10000001], Loss: 0.13791175186634064
total time is  26692.61916923523
Epoch [6070001/10000001], Loss: 0.1377324014902115
total time is  26740.019701957703
Epoch [6080001/10000001], Loss: 0.13683734834194183
total time is  26787.97361445427
Epoch [6090001/10000001], Loss: 0.13619856536388397
total time is  26835.179879665375
Epoch [6100001/10000001], Loss: 0.1360229104757309
total time is  26883.106800317764
Epoch [6110001/10000001], Loss: 0.13544456660747528
total time is  26930.55157804489
Epoch [6120001/10000001], Loss: 0.1352040320634842
total time is  26979.061143636703
Epoch [6130001/10000001], Loss: 0.1345987319946289
total time is  27026.861660003662
Epoch [6140001/10000001], Loss: 0.134493887424469
total time is  27074.44587135315
Epoch [6150001/10000001], Loss: 0.1338340789079666
total time is  27121.626682519913
Epoch [6160001/10000001], Loss: 0.13354907929897308
total time is  27169.114626407623
Epoch [6170001/10000001], Loss: 0.133036807179451
total time is  27216.858737707138
Epoch [6180001/10000001], Loss: 0.1325175017118454
total time is  27264.59595823288
Epoch [6190001/10000001], Loss: 0.13235065340995789
total time is  27312.594435930252
Epoch [6200001/10000001], Loss: 0.13169652223587036
total time is  27361.107003450394
Epoch [6210001/10000001], Loss: 0.13179722428321838
total time is  27409.664942264557
Epoch [6220001/10000001], Loss: 0.1309073120355606
total time is  27457.35177063942
Epoch [6230001/10000001], Loss: 0.13059867918491364
total time is  27505.539562940598
Epoch [6240001/10000001], Loss: 0.13004450500011444
total time is  27552.395882844925
Epoch [6250001/10000001], Loss: 0.12982647120952606
total time is  27599.067968845367
Epoch [6260001/10000001], Loss: 0.12919045984745026
total time is  27647.56086397171
Epoch [6270001/10000001], Loss: 0.12946441769599915
total time is  27694.425064325333
Epoch [6280001/10000001], Loss: 0.128255233168602
total time is  27743.071362018585
Epoch [6290001/10000001], Loss: 0.12790778279304504
total time is  27790.858144283295
Epoch [6300001/10000001], Loss: 0.1275583803653717
total time is  27839.15880060196
Epoch [6310001/10000001], Loss: 0.1291785091161728
total time is  27892.645132541656
Epoch [6320001/10000001], Loss: 0.1269371509552002
total time is  27940.353820085526
Epoch [6330001/10000001], Loss: 0.1267736405134201
total time is  27989.078722715378
Epoch [6340001/10000001], Loss: 0.12599866092205048
total time is  28036.4771463871
Epoch [6350001/10000001], Loss: 0.12586534023284912
total time is  28083.431515216827
Epoch [6360001/10000001], Loss: 0.1253051459789276
total time is  28131.29996061325
Epoch [6370001/10000001], Loss: 0.12513822317123413
total time is  28179.484316825867
Epoch [6380001/10000001], Loss: 0.12441539019346237
total time is  28227.186908245087
Epoch [6390001/10000001], Loss: 0.12413406372070312
total time is  28276.078689098358
Epoch [6400001/10000001], Loss: 0.12375380843877792
total time is  28323.45976305008
Epoch [6410001/10000001], Loss: 0.12337712943553925
total time is  28372.52250313759
Epoch [6420001/10000001], Loss: 0.12285570055246353
total time is  28420.567616462708
Epoch [6430001/10000001], Loss: 0.12239199131727219
total time is  28468.51440024376
Epoch [6440001/10000001], Loss: 0.12194989621639252
total time is  28516.147388458252
Epoch [6450001/10000001], Loss: 0.12185249477624893
total time is  28564.005407094955
Epoch [6460001/10000001], Loss: 0.12130384892225266
total time is  28611.228256702423
Epoch [6470001/10000001], Loss: 0.12093394249677658
total time is  28658.18518972397
Epoch [6480001/10000001], Loss: 0.12089704722166061
total time is  28706.10252547264
Epoch [6490001/10000001], Loss: 0.12017074227333069
total time is  28754.033390283585
Epoch [6500001/10000001], Loss: 0.1196194738149643
total time is  28802.93079638481
Epoch [6510001/10000001], Loss: 0.11930403113365173
total time is  28852.643954515457
Epoch [6520001/10000001], Loss: 0.11913486570119858
total time is  28900.69799375534
Epoch [6530001/10000001], Loss: 0.11892739683389664
total time is  28949.13262462616
Epoch [6540001/10000001], Loss: 0.11837653815746307
total time is  28997.082917690277
Epoch [6550001/10000001], Loss: 0.11824246495962143
total time is  29046.842412233353
Epoch [6560001/10000001], Loss: 0.11745762079954147
total time is  29096.13498020172
Epoch [6570001/10000001], Loss: 0.11726958304643631
total time is  29145.647384881973
Epoch [6580001/10000001], Loss: 0.11684761941432953
total time is  29194.26459479332
Epoch [6590001/10000001], Loss: 0.11661720275878906
total time is  29242.81644845009
Epoch [6600001/10000001], Loss: 0.11629519611597061
total time is  29291.78396821022
Epoch [6610001/10000001], Loss: 0.1158006489276886
total time is  29346.792703151703
Epoch [6620001/10000001], Loss: 0.11531446874141693
total time is  29395.42902469635
Epoch [6630001/10000001], Loss: 0.1152360588312149
total time is  29444.02462720871
Epoch [6640001/10000001], Loss: 0.11459950357675552
total time is  29492.22696185112
Epoch [6650001/10000001], Loss: 0.11451457440853119
total time is  29542.12004685402
Epoch [6660001/10000001], Loss: 0.11380136013031006
total time is  29590.62313723564
Epoch [6670001/10000001], Loss: 0.11356867104768753
total time is  29639.179999113083
Epoch [6680001/10000001], Loss: 0.11343967169523239
total time is  29687.99809408188
Epoch [6690001/10000001], Loss: 0.11289559304714203
total time is  29736.66030049324
Epoch [6700001/10000001], Loss: 0.11241992563009262
total time is  29784.315629005432
Epoch [6710001/10000001], Loss: 0.11259856075048447
total time is  29834.87163591385
Epoch [6720001/10000001], Loss: 0.11173827946186066
total time is  29883.946202993393
Epoch [6730001/10000001], Loss: 0.11136700212955475
total time is  29932.506856918335
Epoch [6740001/10000001], Loss: 0.1114833801984787
total time is  29981.52918124199
Epoch [6750001/10000001], Loss: 0.11096809059381485
total time is  30030.904175519943
Epoch [6760001/10000001], Loss: 0.11072898656129837
total time is  30080.845606327057
Epoch [6770001/10000001], Loss: 0.11018767207860947
total time is  30129.79895758629
Epoch [6780001/10000001], Loss: 0.11017429083585739
total time is  30179.12790107727
Epoch [6790001/10000001], Loss: 0.10954488813877106
total time is  30228.978001832962
Epoch [6800001/10000001], Loss: 0.10945341736078262
total time is  30277.83458685875
Epoch [6810001/10000001], Loss: 0.1089877188205719
total time is  30328.36784696579
Epoch [6820001/10000001], Loss: 0.1086641252040863
total time is  30378.963512420654
Epoch [6830001/10000001], Loss: 0.10845036059617996
total time is  30430.987182855606
Epoch [6840001/10000001], Loss: 0.1079663634300232
total time is  30482.17366552353
Epoch [6850001/10000001], Loss: 0.10770729929208755
total time is  30531.737226247787
Epoch [6860001/10000001], Loss: 0.10752025991678238
total time is  30582.564884662628
Epoch [6870001/10000001], Loss: 0.10712487250566483
total time is  30632.710299015045
Epoch [6880001/10000001], Loss: 0.10663139075040817
total time is  30682.442530155182
Epoch [6890001/10000001], Loss: 0.10661724954843521
total time is  30733.024131536484
Epoch [6900001/10000001], Loss: 0.10600483417510986
total time is  30785.52615213394
Epoch [6910001/10000001], Loss: 0.10596171766519547
total time is  30840.608899354935
Epoch [6920001/10000001], Loss: 0.10584057122468948
total time is  30891.53863787651
Epoch [6930001/10000001], Loss: 0.10521939396858215
total time is  30941.74255156517
Epoch [6940001/10000001], Loss: 0.10502193868160248
total time is  30992.1852145195
Epoch [6950001/10000001], Loss: 0.10492198169231415
total time is  31041.493799209595
Epoch [6960001/10000001], Loss: 0.10443565249443054
total time is  31092.466335773468
Epoch [6970001/10000001], Loss: 0.10405336320400238
total time is  31143.658302545547
Epoch [6980001/10000001], Loss: 0.10393591225147247
total time is  31196.759217739105
Epoch [6990001/10000001], Loss: 0.10347653180360794
total time is  31246.880393981934
Epoch [7000001/10000001], Loss: 0.10326007753610611
total time is  31296.80051422119
Epoch [7010001/10000001], Loss: 0.1028221845626831
total time is  31349.38483095169
Epoch [7020001/10000001], Loss: 0.1027299165725708
total time is  31400.870413780212
Epoch [7030001/10000001], Loss: 0.10229858756065369
total time is  31452.279095172882
Epoch [7040001/10000001], Loss: 0.10221872478723526
total time is  31503.421138763428
Epoch [7050001/10000001], Loss: 0.10215934365987778
total time is  31556.97320508957
Epoch [7060001/10000001], Loss: 0.10135842859745026
total time is  31606.899154663086
Epoch [7070001/10000001], Loss: 0.10136310756206512
total time is  31659.689146518707
Epoch [7080001/10000001], Loss: 0.10102355480194092
total time is  31710.45197081566
Epoch [7090001/10000001], Loss: 0.10071340948343277
total time is  31762.61155796051
Epoch [7100001/10000001], Loss: 0.10093427449464798
total time is  31813.226344823837
Epoch [7110001/10000001], Loss: 0.10046090930700302
total time is  31866.377887010574
Epoch [7120001/10000001], Loss: 0.1001739427447319
total time is  31917.979525089264
Epoch [7130001/10000001], Loss: 0.09982821345329285
total time is  31969.270515441895
Epoch [7140001/10000001], Loss: 0.09957467764616013
total time is  32023.93967604637
Epoch [7150001/10000001], Loss: 0.09938225150108337
total time is  32080.115180015564
Epoch [7160001/10000001], Loss: 0.09879700839519501
total time is  32130.81943511963
Epoch [7170001/10000001], Loss: 0.09891662001609802
total time is  32180.524644613266
Epoch [7180001/10000001], Loss: 0.09849695861339569
total time is  32231.04118514061
Epoch [7190001/10000001], Loss: 0.09821894764900208
total time is  32281.4000916481
Epoch [7200001/10000001], Loss: 0.0981697142124176
total time is  32332.493587255478
Epoch [7210001/10000001], Loss: 0.09767483174800873
total time is  32383.829744577408
Epoch [7220001/10000001], Loss: 0.09724774211645126
total time is  32435.48206281662
Epoch [7230001/10000001], Loss: 0.09734925627708435
total time is  32486.42175912857
Epoch [7240001/10000001], Loss: 0.09703341126441956
total time is  32537.411575317383
Epoch [7250001/10000001], Loss: 0.09689606726169586
total time is  32588.832206726074
Epoch [7260001/10000001], Loss: 0.09650019556283951
total time is  32640.429993391037
Epoch [7270001/10000001], Loss: 0.09642132371664047
total time is  32692.998188257217
Epoch [7280001/10000001], Loss: 0.09588692337274551
total time is  32745.976504802704
Epoch [7290001/10000001], Loss: 0.09570032358169556
total time is  32798.36282539368
Epoch [7300001/10000001], Loss: 0.09540282189846039
total time is  32850.062469244
Epoch [7310001/10000001], Loss: 0.09507974237203598
total time is  32901.23849916458
Epoch [7320001/10000001], Loss: 0.09478141367435455
total time is  32954.79308843613
Epoch [7330001/10000001], Loss: 0.09463872760534286
total time is  33007.18960428238
Epoch [7340001/10000001], Loss: 0.09447038918733597
total time is  33058.61473608017
Epoch [7350001/10000001], Loss: 0.09444733709096909
total time is  33110.001836538315
Epoch [7360001/10000001], Loss: 0.09371955692768097
total time is  33163.91766810417
Epoch [7370001/10000001], Loss: 0.09396740049123764
total time is  33213.638439655304
Epoch [7380001/10000001], Loss: 0.09375222772359848
total time is  33264.57271337509
Epoch [7390001/10000001], Loss: 0.09327119588851929
total time is  33317.95653820038
Epoch [7400001/10000001], Loss: 0.09302245080471039
total time is  33368.07827568054
Epoch [7410001/10000001], Loss: 0.09280847012996674
total time is  33422.51635479927
Epoch [7420001/10000001], Loss: 0.09242486208677292
total time is  33475.617179870605
Epoch [7430001/10000001], Loss: 0.09264152497053146
total time is  33523.53539824486
Epoch [7440001/10000001], Loss: 0.09238940477371216
total time is  33574.475554943085
Epoch [7450001/10000001], Loss: 0.09164080768823624
total time is  33624.94693374634
Epoch [7460001/10000001], Loss: 0.09159646183252335
total time is  33678.04407644272
Epoch [7470001/10000001], Loss: 0.09148764610290527
total time is  33728.72585225105
Epoch [7480001/10000001], Loss: 0.09128376096487045
total time is  33781.331456661224
Epoch [7490001/10000001], Loss: 0.09108635783195496
total time is  33832.692175626755
Epoch [7500001/10000001], Loss: 0.09078934043645859
total time is  33886.81782412529
Epoch [7510001/10000001], Loss: 0.09056773781776428
total time is  33943.17216420174
Epoch [7520001/10000001], Loss: 0.09042055159807205
total time is  33995.8625729084
Epoch [7530001/10000001], Loss: 0.09015412628650665
total time is  34044.91990303993
Epoch [7540001/10000001], Loss: 0.08988843113183975
total time is  34097.07432246208
Epoch [7550001/10000001], Loss: 0.08953787386417389
total time is  34149.71998810768
Epoch [7560001/10000001], Loss: 0.08956856280565262
total time is  34203.8674890995
Epoch [7570001/10000001], Loss: 0.08936519175767899
total time is  34254.61293888092
Epoch [7580001/10000001], Loss: 0.0893111601471901
total time is  34306.211381196976
Epoch [7590001/10000001], Loss: 0.08868971467018127
total time is  34356.034781217575
Epoch [7600001/10000001], Loss: 0.08840670436620712
total time is  34406.82735538483
Epoch [7610001/10000001], Loss: 0.08843395113945007
total time is  34461.511080265045
Epoch [7620001/10000001], Loss: 0.08844869583845139
total time is  34513.92556262016
Epoch [7630001/10000001], Loss: 0.0878782868385315
total time is  34565.87445998192
Epoch [7640001/10000001], Loss: 0.0875595435500145
total time is  34617.06564474106
Epoch [7650001/10000001], Loss: 0.08761510998010635
total time is  34669.95328831673
Epoch [7660001/10000001], Loss: 0.08744914084672928
total time is  34723.87616229057
Epoch [7670001/10000001], Loss: 0.08716361969709396
total time is  34775.79266619682
Epoch [7680001/10000001], Loss: 0.0867205485701561
total time is  34830.35321974754
Epoch [7690001/10000001], Loss: 0.08672310411930084
total time is  34884.36314058304
Epoch [7700001/10000001], Loss: 0.08630428463220596
total time is  34937.92383623123
Epoch [7710001/10000001], Loss: 0.08633914589881897
total time is  34988.83560228348
Epoch [7720001/10000001], Loss: 0.08632063120603561
total time is  35040.1675658226
Epoch [7730001/10000001], Loss: 0.08584834635257721
total time is  35091.79241156578
Epoch [7740001/10000001], Loss: 0.08575843274593353
total time is  35145.83720064163
Epoch [7750001/10000001], Loss: 0.08567117154598236
total time is  35199.4684317112
Epoch [7760001/10000001], Loss: 0.08538917452096939
total time is  35251.8234732151
Epoch [7770001/10000001], Loss: 0.08516164124011993
total time is  35303.235247612
Epoch [7780001/10000001], Loss: 0.08474914729595184
total time is  35352.94303107262
Epoch [7790001/10000001], Loss: 0.08445291966199875
total time is  35403.24174571037
Epoch [7800001/10000001], Loss: 0.08430592715740204
total time is  35459.941970825195
Epoch [7810001/10000001], Loss: 0.08439680933952332
total time is  35509.67432332039
Epoch [7820001/10000001], Loss: 0.08400753885507584
total time is  35559.94313907623
Epoch [7830001/10000001], Loss: 0.08377712219953537
total time is  35613.68437218666
Epoch [7840001/10000001], Loss: 0.08372509479522705
total time is  35668.701055288315
Epoch [7850001/10000001], Loss: 0.08343400061130524
total time is  35722.33410167694
Epoch [7860001/10000001], Loss: 0.08326468616724014
total time is  35773.77345752716
Epoch [7870001/10000001], Loss: 0.0834212452173233
total time is  35825.90001511574
Epoch [7880001/10000001], Loss: 0.08316031843423843
total time is  35879.3309469223
Epoch [7890001/10000001], Loss: 0.08287597447633743
total time is  35934.698404312134
Epoch [7900001/10000001], Loss: 0.08264942467212677
total time is  35986.603927373886
Epoch [7910001/10000001], Loss: 0.0826430544257164
total time is  36037.52906990051
Epoch [7920001/10000001], Loss: 0.08212709426879883
total time is  36090.21206521988
Epoch [7930001/10000001], Loss: 0.08225347101688385
total time is  36140.39663052559
Epoch [7940001/10000001], Loss: 0.08208157867193222
total time is  36191.96714806557
Epoch [7950001/10000001], Loss: 0.08179101347923279
total time is  36243.206253528595
Epoch [7960001/10000001], Loss: 0.0815618634223938
total time is  36295.43868613243
Epoch [7970001/10000001], Loss: 0.08194994181394577
total time is  36345.786429166794
Epoch [7980001/10000001], Loss: 0.0814586654305458
total time is  36398.37788295746
Epoch [7990001/10000001], Loss: 0.08118128776550293
total time is  36453.957401037216
Epoch [8000001/10000001], Loss: 0.08105723559856415
total time is  36506.05355095863
Epoch [8010001/10000001], Loss: 0.08087313175201416
total time is  36557.09299349785
Epoch [8020001/10000001], Loss: 0.08063981682062149
total time is  36610.94241857529
Epoch [8030001/10000001], Loss: 0.08043216168880463
total time is  36667.436145067215
Epoch [8040001/10000001], Loss: 0.08039247989654541
total time is  36722.45125746727
Epoch [8050001/10000001], Loss: 0.08053845912218094
total time is  36777.72671055794
Epoch [8060001/10000001], Loss: 0.08028686791658401
total time is  36833.90236496925
Epoch [8070001/10000001], Loss: 0.08011511713266373
total time is  36895.65846824646
Epoch [8080001/10000001], Loss: 0.07974191009998322
total time is  36955.32352733612
Epoch [8090001/10000001], Loss: 0.07941053807735443
total time is  37018.86172246933
Epoch [8100001/10000001], Loss: 0.07954904437065125
total time is  37088.81974339485
Epoch [8110001/10000001], Loss: 0.07944293320178986
total time is  37144.48792767525
Epoch [8120001/10000001], Loss: 0.07950884848833084
total time is  37213.91807460785
Epoch [8130001/10000001], Loss: 0.07913029193878174
total time is  37266.29651808739
Epoch [8140001/10000001], Loss: 0.07909022271633148
total time is  37325.87543344498
Epoch [8150001/10000001], Loss: 0.07874835282564163
total time is  37388.01565313339
Epoch [8160001/10000001], Loss: 0.07882825285196304
total time is  37444.515949726105
Epoch [8170001/10000001], Loss: 0.07830942422151566
total time is  37503.53033566475
Epoch [8180001/10000001], Loss: 0.07846395671367645
total time is  37568.21740293503
Epoch [8190001/10000001], Loss: 0.07810724526643753
total time is  37630.18326687813
Epoch [8200001/10000001], Loss: 0.07805248349905014
total time is  37684.93954896927
Epoch [8210001/10000001], Loss: 0.07814179360866547
total time is  37741.449644327164
Epoch [8220001/10000001], Loss: 0.07809385657310486
total time is  37800.554238557816
Epoch [8230001/10000001], Loss: 0.07753563672304153
total time is  37862.29657745361
Epoch [8240001/10000001], Loss: 0.07757677137851715
total time is  37921.21240353584
Epoch [8250001/10000001], Loss: 0.07744522392749786
total time is  37977.655290842056
Epoch [8260001/10000001], Loss: 0.07721127569675446
total time is  38032.14021945
Epoch [8270001/10000001], Loss: 0.077475406229496
total time is  38086.45237708092
Epoch [8280001/10000001], Loss: 0.07704271376132965
total time is  38144.49126577377
Epoch [8290001/10000001], Loss: 0.07697094976902008
total time is  38203.24443817139
Epoch [8300001/10000001], Loss: 0.0767827183008194
total time is  38260.75604915619
Epoch [8310001/10000001], Loss: 0.07688570022583008
total time is  38322.908187150955
Epoch [8320001/10000001], Loss: 0.07648199796676636
total time is  38391.62940907478
Epoch [8330001/10000001], Loss: 0.07624774426221848
total time is  38450.81369423866
Epoch [8340001/10000001], Loss: 0.07614174485206604
total time is  38503.69833469391
Epoch [8350001/10000001], Loss: 0.0761999785900116
total time is  38558.515109062195
Epoch [8360001/10000001], Loss: 0.07597453892230988
total time is  38611.39999508858
Epoch [8370001/10000001], Loss: 0.0756542831659317
total time is  38678.68429136276
Epoch [8380001/10000001], Loss: 0.07569362968206406
total time is  38736.90481758118
Epoch [8390001/10000001], Loss: 0.0757259726524353
total time is  38800.45749425888
Epoch [8400001/10000001], Loss: 0.07549852132797241
total time is  38854.03391432762
Epoch [8410001/10000001], Loss: 0.07525157928466797
total time is  38904.49925708771
