cuda:0
N is 400
number of data pairs y1 = 400
number of data pairs ytest = 4000
Epoch [1/100001], Loss: 1.7164949178695679
total time is  0
Epoch [10001/100001], Loss: 0.2727389633655548
total time is  20.806082725524902
Epoch [20001/100001], Loss: 0.1377829611301422
total time is  40.83600831031799
Epoch [30001/100001], Loss: 0.07263880223035812
total time is  61.113078117370605
Epoch [40001/100001], Loss: 0.05356545373797417
total time is  81.26234030723572
Epoch [50001/100001], Loss: 0.04081355035305023
total time is  101.30559849739075
Epoch [60001/100001], Loss: 0.031216155737638474
total time is  121.46995258331299
Epoch [70001/100001], Loss: 0.024507516995072365
total time is  141.77096915245056
Epoch [80001/100001], Loss: 0.01979813724756241
total time is  161.32879543304443
Epoch [90001/100001], Loss: 0.016611965373158455
total time is  181.20904350280762
Epoch [100001/100001], Loss: 0.014344519004225731
total time is  200.84321188926697
Epoch [1/700001], Loss: 0.01434431690722704
total time is  200.95023369789124
Epoch [10001/700001], Loss: 0.014131207019090652
total time is  220.73324990272522
Epoch [20001/700001], Loss: 0.013923265971243382
total time is  240.4699945449829
Epoch [30001/700001], Loss: 0.013720489107072353
total time is  260.16400170326233
Epoch [40001/700001], Loss: 0.013522648252546787
total time is  279.86454820632935
Epoch [50001/700001], Loss: 0.01332950685173273
total time is  299.61943078041077
Epoch [60001/700001], Loss: 0.013140936382114887
total time is  319.32510447502136
Epoch [70001/700001], Loss: 0.012956815771758556
total time is  339.26912474632263
Epoch [80001/700001], Loss: 0.012777012772858143
total time is  359.00021624565125
Epoch [90001/700001], Loss: 0.012601387687027454
total time is  378.89704632759094
Epoch [100001/700001], Loss: 0.012429844588041306
total time is  398.6455774307251
Epoch [110001/700001], Loss: 0.012262282893061638
total time is  418.5784661769867
Epoch [120001/700001], Loss: 0.012098588980734348
total time is  438.33680725097656
Epoch [130001/700001], Loss: 0.011938616633415222
total time is  458.33375573158264
Epoch [140001/700001], Loss: 0.011782334186136723
total time is  478.0705862045288
Epoch [150001/700001], Loss: 0.011629908345639706
total time is  497.867698431015
Epoch [160001/700001], Loss: 0.011481128633022308
total time is  517.6823041439056
Epoch [170001/700001], Loss: 0.011335964314639568
total time is  537.5698218345642
Epoch [180001/700001], Loss: 0.011194441467523575
total time is  557.4190063476562
Epoch [190001/700001], Loss: 0.011056432500481606
total time is  577.614284992218
Epoch [200001/700001], Loss: 0.010921875946223736
total time is  597.7172601222992
Epoch [210001/700001], Loss: 0.010790674015879631
total time is  617.6410076618195
Epoch [220001/700001], Loss: 0.010662809945642948
total time is  637.5410273075104
Epoch [230001/700001], Loss: 0.010538151487708092
total time is  657.447573184967
Epoch [240001/700001], Loss: 0.010416511446237564
total time is  677.4509682655334
Epoch [250001/700001], Loss: 0.01029782835394144
total time is  697.3633689880371
Epoch [260001/700001], Loss: 0.010182037018239498
total time is  717.416989326477
Epoch [270001/700001], Loss: 0.010069007985293865
total time is  737.361435174942
Epoch [280001/700001], Loss: 0.009958538226783276
total time is  757.1658360958099
Epoch [290001/700001], Loss: 0.00985045824199915
total time is  777.0597920417786
Epoch [300001/700001], Loss: 0.00974466372281313
total time is  796.8564467430115
Epoch [310001/700001], Loss: 0.0096410121768713
total time is  816.8139023780823
Epoch [320001/700001], Loss: 0.009539405815303326
total time is  836.8848168849945
Epoch [330001/700001], Loss: 0.009439751505851746
total time is  857.0028133392334
Epoch [340001/700001], Loss: 0.009341973811388016
total time is  876.846292257309
Epoch [350001/700001], Loss: 0.009245991706848145
total time is  896.8125419616699
Epoch [360001/700001], Loss: 0.009151712991297245
total time is  916.8364045619965
Epoch [370001/700001], Loss: 0.009059096686542034
total time is  937.1684589385986
Epoch [380001/700001], Loss: 0.008968095295131207
total time is  957.16495013237
Epoch [390001/700001], Loss: 0.00887855514883995
total time is  977.5253086090088
Epoch [400001/700001], Loss: 0.008790388703346252
total time is  997.638587474823
Epoch [410001/700001], Loss: 0.008703574538230896
total time is  1017.6217277050018
Epoch [420001/700001], Loss: 0.008618056774139404
total time is  1037.819142818451
Epoch [430001/700001], Loss: 0.008533799089491367
total time is  1057.97833776474
Epoch [440001/700001], Loss: 0.00845079030841589
total time is  1078.2652750015259
Epoch [450001/700001], Loss: 0.00836894940584898
total time is  1098.5712978839874
Epoch [460001/700001], Loss: 0.008288326673209667
total time is  1118.5979435443878
Epoch [470001/700001], Loss: 0.008208866231143475
total time is  1138.5581657886505
Epoch [480001/700001], Loss: 0.00813050102442503
total time is  1158.7027513980865
Epoch [490001/700001], Loss: 0.008053034543991089
total time is  1179.0093748569489
Epoch [500001/700001], Loss: 0.00797666609287262
total time is  1199.6683630943298
Epoch [510001/700001], Loss: 0.007901337929069996
total time is  1219.94553399086
Epoch [520001/700001], Loss: 0.007827024906873703
total time is  1240.2826175689697
Epoch [530001/700001], Loss: 0.0077536641620099545
total time is  1260.4095964431763
Epoch [540001/700001], Loss: 0.007681265939027071
total time is  1280.5402247905731
Epoch [550001/700001], Loss: 0.007609765976667404
total time is  1301.0133640766144
Epoch [560001/700001], Loss: 0.0075391302816569805
total time is  1321.4870898723602
Epoch [570001/700001], Loss: 0.007469361647963524
total time is  1341.8662693500519
Epoch [580001/700001], Loss: 0.0074004484340548515
total time is  1362.1301114559174
Epoch [590001/700001], Loss: 0.007332399021834135
total time is  1382.5078477859497
Epoch [600001/700001], Loss: 0.007265231106430292
total time is  1402.6459426879883
Epoch [610001/700001], Loss: 0.007198973558843136
total time is  1423.1675453186035
Epoch [620001/700001], Loss: 0.007133604027330875
total time is  1443.6569492816925
Epoch [630001/700001], Loss: 0.0070691192522645
total time is  1464.3155717849731
Epoch [640001/700001], Loss: 0.0070055099204182625
total time is  1484.7943487167358
Epoch [650001/700001], Loss: 0.0069427466951310635
total time is  1505.1205224990845
Epoch [660001/700001], Loss: 0.00688080582767725
total time is  1525.3898434638977
Epoch [670001/700001], Loss: 0.006819599773734808
total time is  1546.162085056305
Epoch [680001/700001], Loss: 0.006759127601981163
total time is  1566.7061791419983
Epoch [690001/700001], Loss: 0.0066994610242545605
total time is  1587.1332426071167
Epoch [700001/700001], Loss: 0.006640623323619366
total time is  1607.4514644145966
Epoch [1/10000001], Loss: 0.006640617735683918
total time is  1608.5499770641327
Epoch [10001/10000001], Loss: 0.006637715734541416
total time is  1629.0104970932007
Epoch [20001/10000001], Loss: 0.006634813733398914
total time is  1649.5616331100464
Epoch [30001/10000001], Loss: 0.006631916854530573
total time is  1670.3186767101288
Epoch [40001/10000001], Loss: 0.006629026494920254
total time is  1690.928424358368
Epoch [50001/10000001], Loss: 0.006626142654567957
total time is  1711.372166633606
Epoch [60001/10000001], Loss: 0.006623262073844671
total time is  1731.6597745418549
Epoch [70001/10000001], Loss: 0.006620388012379408
total time is  1752.155134677887
Epoch [80001/10000001], Loss: 0.006617516744881868
total time is  1772.8654396533966
Epoch [90001/10000001], Loss: 0.006614647340029478
total time is  1793.5362675189972
Epoch [100001/10000001], Loss: 0.006611782591789961
total time is  1814.5379431247711
Epoch [110001/10000001], Loss: 0.006608922965824604
total time is  1835.0617995262146
Epoch [120001/10000001], Loss: 0.0066060880199074745
total time is  1855.4293024539948
Epoch [130001/10000001], Loss: 0.006603257730603218
total time is  1876.1295447349548
Epoch [140001/10000001], Loss: 0.006600429303944111
total time is  1896.949772119522
Epoch [150001/10000001], Loss: 0.006597606465220451
total time is  1917.7907073497772
Epoch [160001/10000001], Loss: 0.006594777572900057
total time is  1938.5795531272888
Epoch [170001/10000001], Loss: 0.006591952405869961
total time is  1959.0650968551636
Epoch [180001/10000001], Loss: 0.006589130032807589
total time is  1979.5981018543243
Epoch [190001/10000001], Loss: 0.006586315575987101
total time is  2000.2982652187347
Epoch [200001/10000001], Loss: 0.006583504378795624
total time is  2021.151334285736
Epoch [210001/10000001], Loss: 0.006580705288797617
total time is  2041.9411330223083
Epoch [220001/10000001], Loss: 0.0065779187716543674
total time is  2062.721193552017
Epoch [230001/10000001], Loss: 0.006575137842446566
total time is  2083.588937520981
Epoch [240001/10000001], Loss: 0.006572358310222626
total time is  2104.3044691085815
Epoch [250001/10000001], Loss: 0.006569582968950272
total time is  2125.026332616806
Epoch [260001/10000001], Loss: 0.0065668136812746525
total time is  2145.956610441208
Epoch [270001/10000001], Loss: 0.006564045324921608
total time is  2166.979405403137
Epoch [280001/10000001], Loss: 0.006561290472745895
total time is  2187.749802350998
Epoch [290001/10000001], Loss: 0.00655854307115078
total time is  2208.6807305812836
Epoch [300001/10000001], Loss: 0.00655579986050725
total time is  2229.525517463684
Epoch [310001/10000001], Loss: 0.006553061306476593
total time is  2250.5523562431335
Epoch [320001/10000001], Loss: 0.006550328806042671
total time is  2271.7202067375183
Epoch [330001/10000001], Loss: 0.0065475995652377605
total time is  2292.8312497138977
Epoch [340001/10000001], Loss: 0.006544872652739286
total time is  2313.8393161296844
Epoch [350001/10000001], Loss: 0.006542149931192398
total time is  2334.6844606399536
Epoch [360001/10000001], Loss: 0.006539433263242245
total time is  2355.5740337371826
Epoch [370001/10000001], Loss: 0.006536717060953379
total time is  2377.1680521965027
Epoch [380001/10000001], Loss: 0.006534005515277386
total time is  2398.426043510437
Epoch [390001/10000001], Loss: 0.006531297229230404
total time is  2419.6079840660095
Epoch [400001/10000001], Loss: 0.006528594996780157
total time is  2440.295045375824
Epoch [410001/10000001], Loss: 0.0065258946269750595
total time is  2461.1777110099792
Epoch [420001/10000001], Loss: 0.006523198448121548
total time is  2482.35778260231
Epoch [430001/10000001], Loss: 0.006520503666251898
total time is  2503.736057281494
Epoch [440001/10000001], Loss: 0.0065178158693015575
total time is  2524.840336561203
Epoch [450001/10000001], Loss: 0.006515135057270527
total time is  2546.188018798828
Epoch [460001/10000001], Loss: 0.006512455642223358
total time is  2567.177505493164
Epoch [470001/10000001], Loss: 0.006509814411401749
total time is  2588.380833387375
Epoch [480001/10000001], Loss: 0.006507207173854113
total time is  2609.837222337723
Epoch [490001/10000001], Loss: 0.006504604127258062
total time is  2631.0509209632874
Epoch [500001/10000001], Loss: 0.0065020048059523106
total time is  2652.3014662265778
Epoch [510001/10000001], Loss: 0.006499409209936857
total time is  2673.427040576935
Epoch [520001/10000001], Loss: 0.006496819201856852
total time is  2694.7984850406647
Epoch [530001/10000001], Loss: 0.006494233384728432
total time is  2715.9487278461456
Epoch [540001/10000001], Loss: 0.006491652689874172
total time is  2737.650104045868
Epoch [550001/10000001], Loss: 0.0064890761859714985
total time is  2759.0422348976135
Epoch [560001/10000001], Loss: 0.006486503407359123
total time is  2780.4234869480133
Epoch [570001/10000001], Loss: 0.006483936682343483
total time is  2801.5629670619965
Epoch [580001/10000001], Loss: 0.006481375079602003
total time is  2822.9595897197723
Epoch [590001/10000001], Loss: 0.006478820461779833
total time is  2844.3787105083466
Epoch [600001/10000001], Loss: 0.006476269569247961
total time is  2865.9723193645477
Epoch [610001/10000001], Loss: 0.0064737265929579735
total time is  2887.462469100952
Epoch [620001/10000001], Loss: 0.006471189670264721
total time is  2908.6942903995514
Epoch [630001/10000001], Loss: 0.006468654610216618
total time is  2930.2329535484314
Epoch [640001/10000001], Loss: 0.006466124672442675
total time is  2951.8957118988037
Epoch [650001/10000001], Loss: 0.006463595200330019
total time is  2973.78617978096
Epoch [660001/10000001], Loss: 0.006461069919168949
total time is  2995.3263239860535
Epoch [670001/10000001], Loss: 0.006458549294620752
total time is  3016.818989753723
Epoch [680001/10000001], Loss: 0.006456030998378992
total time is  3038.377627849579
Epoch [690001/10000001], Loss: 0.00645351642742753
total time is  3060.0245056152344
Epoch [700001/10000001], Loss: 0.006451004650443792
total time is  3081.662556886673
Epoch [710001/10000001], Loss: 0.006448495201766491
total time is  3103.517838716507
Epoch [720001/10000001], Loss: 0.006445989012718201
total time is  3125.244564771652
Epoch [730001/10000001], Loss: 0.006443483754992485
total time is  3146.618883371353
Epoch [740001/10000001], Loss: 0.0064409757032990456
total time is  3168.2016401290894
Epoch [750001/10000001], Loss: 0.006438467185944319
total time is  3189.8826122283936
Epoch [760001/10000001], Loss: 0.006435958668589592
total time is  3211.7130126953125
Epoch [770001/10000001], Loss: 0.00643344409763813
total time is  3233.6716146469116
Epoch [780001/10000001], Loss: 0.006430924870073795
total time is  3255.1728904247284
Epoch [790001/10000001], Loss: 0.0064283995889127254
total time is  3276.893579721451
Epoch [800001/10000001], Loss: 0.006425870582461357
total time is  3298.609297990799
Epoch [810001/10000001], Loss: 0.006423331331461668
total time is  3320.647768974304
Epoch [820001/10000001], Loss: 0.0064207823015749454
total time is  3342.799520969391
Epoch [830001/10000001], Loss: 0.006418222561478615
total time is  3364.639542579651
Epoch [840001/10000001], Loss: 0.006415651645511389
total time is  3386.584462404251
Epoch [850001/10000001], Loss: 0.006413067691028118
total time is  3408.2525231838226
Epoch [860001/10000001], Loss: 0.0064104702323675156
total time is  3430.1235423088074
Epoch [870001/10000001], Loss: 0.006407856475561857
total time is  3452.2745909690857
Epoch [880001/10000001], Loss: 0.006405225023627281
total time is  3474.2416660785675
Epoch [890001/10000001], Loss: 0.006402573082596064
total time is  3495.804322242737
Epoch [900001/10000001], Loss: 0.006399895995855331
total time is  3517.773623943329
Epoch [910001/10000001], Loss: 0.006397192366421223
total time is  3539.7384259700775
Epoch [920001/10000001], Loss: 0.006394458003342152
total time is  3561.7505753040314
Epoch [930001/10000001], Loss: 0.006391699425876141
total time is  3583.7892322540283
Epoch [940001/10000001], Loss: 0.006388922221958637
total time is  3605.774599790573
Epoch [950001/10000001], Loss: 0.006386133376508951
total time is  3627.603205680847
Epoch [960001/10000001], Loss: 0.006383348722010851
total time is  3649.5215833187103
Epoch [970001/10000001], Loss: 0.006380573846399784
total time is  3672.016402721405
Epoch [980001/10000001], Loss: 0.006377818062901497
total time is  3694.2135725021362
Epoch [990001/10000001], Loss: 0.006375060882419348
total time is  3716.1516704559326
Epoch [1000001/10000001], Loss: 0.006372299510985613
total time is  3738.163398504257
Epoch [1010001/10000001], Loss: 0.00636953255161643
total time is  3760.2315130233765
Epoch [1020001/10000001], Loss: 0.0063667623326182365
total time is  3782.391445159912
Epoch [1030001/10000001], Loss: 0.006363991182297468
total time is  3804.5421903133392
Epoch [1040001/10000001], Loss: 0.006361218634992838
total time is  3826.7811851501465
Epoch [1050001/10000001], Loss: 0.006358448415994644
total time is  3848.997161388397
Epoch [1060001/10000001], Loss: 0.00635567819699645
total time is  3871.101519346237
Epoch [1070001/10000001], Loss: 0.006352911237627268
total time is  3893.5059146881104
Epoch [1080001/10000001], Loss: 0.006350147072225809
total time is  3915.1161267757416
Epoch [1090001/10000001], Loss: 0.006347390357404947
total time is  3937.7746725082397
Epoch [1100001/10000001], Loss: 0.006344635039567947
total time is  3959.6378922462463
Epoch [1110001/10000001], Loss: 0.00634189136326313
total time is  3981.8499307632446
Epoch [1120001/10000001], Loss: 0.00633915513753891
total time is  4004.078647375107
Epoch [1130001/10000001], Loss: 0.00633643614128232
total time is  4026.6944036483765
Epoch [1140001/10000001], Loss: 0.006333730649203062
total time is  4048.2800447940826
Epoch [1150001/10000001], Loss: 0.0063310423865914345
total time is  4071.00434589386
Epoch [1160001/10000001], Loss: 0.006328371353447437
total time is  4092.975306749344
Epoch [1170001/10000001], Loss: 0.006325718946754932
total time is  4115.220103979111
Epoch [1180001/10000001], Loss: 0.006323083303868771
total time is  4138.100405454636
Epoch [1190001/10000001], Loss: 0.00632046815007925
total time is  4160.7603261470795
Epoch [1200001/10000001], Loss: 0.006317873019725084
total time is  4183.325966358185
Epoch [1210001/10000001], Loss: 0.006315298844128847
total time is  4205.648969650269
Epoch [1220001/10000001], Loss: 0.006312745623290539
total time is  4227.761167049408
Epoch [1230001/10000001], Loss: 0.006310205906629562
total time is  4250.307799577713
Epoch [1240001/10000001], Loss: 0.0063076866790652275
total time is  4272.9736115932465
Epoch [1250001/10000001], Loss: 0.006305177230387926
total time is  4295.870156526566
Epoch [1260001/10000001], Loss: 0.006302679423242807
total time is  4318.488101005554
Epoch [1270001/10000001], Loss: 0.006300192326307297
total time is  4340.651308059692
Epoch [1280001/10000001], Loss: 0.006297716870903969
total time is  4363.5800766944885
Epoch [1290001/10000001], Loss: 0.006295243743807077
total time is  4386.361220598221
Epoch [1300001/10000001], Loss: 0.006292779464274645
total time is  4408.607326507568
Epoch [1310001/10000001], Loss: 0.006290324032306671
total time is  4431.517000675201
Epoch [1320001/10000001], Loss: 0.006287876516580582
total time is  4453.713510990143
Epoch [1330001/10000001], Loss: 0.006285438314080238
total time is  4476.340643405914
Epoch [1340001/10000001], Loss: 0.006283007096499205
total time is  4499.1762800216675
Epoch [1350001/10000001], Loss: 0.0062805828638374805
total time is  4522.125513315201
Epoch [1360001/10000001], Loss: 0.006278166081756353
total time is  4545.319282531738
Epoch [1370001/10000001], Loss: 0.006275754887610674
total time is  4568.044523000717
Epoch [1380001/10000001], Loss: 0.006273348815739155
total time is  4590.6225345134735
Epoch [1390001/10000001], Loss: 0.006270953919738531
total time is  4613.554050683975
Epoch [1400001/10000001], Loss: 0.006268564146012068
total time is  4636.7232394218445
Epoch [1410001/10000001], Loss: 0.006266182754188776
total time is  4659.506708621979
Epoch [1420001/10000001], Loss: 0.00626380555331707
total time is  4682.204015254974
Epoch [1430001/10000001], Loss: 0.006261434406042099
total time is  4704.990808963776
Epoch [1440001/10000001], Loss: 0.0062590716406702995
total time is  4727.601830005646
Epoch [1450001/10000001], Loss: 0.006256711669266224
total time is  4750.85781955719
Epoch [1460001/10000001], Loss: 0.0062543596141040325
total time is  4773.378333091736
Epoch [1470001/10000001], Loss: 0.00625201128423214
total time is  4796.5333914756775
Epoch [1480001/10000001], Loss: 0.006249668542295694
total time is  4819.594046592712
Epoch [1490001/10000001], Loss: 0.006247332785278559
total time is  4842.53631234169
Epoch [1500001/10000001], Loss: 0.006245000287890434
total time is  4865.601661682129
Epoch [1510001/10000001], Loss: 0.006242674309760332
total time is  4888.528109073639
Epoch [1520001/10000001], Loss: 0.0062403506599366665
total time is  4911.47652387619
Epoch [1530001/10000001], Loss: 0.006238031666725874
total time is  4934.429960489273
Epoch [1540001/10000001], Loss: 0.006235714536160231
total time is  4957.594273805618
Epoch [1550001/10000001], Loss: 0.006233403459191322
total time is  4980.977187156677
Epoch [1560001/10000001], Loss: 0.006231095641851425
total time is  5003.987732410431
Epoch [1570001/10000001], Loss: 0.006228793412446976
total time is  5027.253640413284
Epoch [1580001/10000001], Loss: 0.00622649397701025
total time is  5050.350589752197
Epoch [1590001/10000001], Loss: 0.006224200129508972
total time is  5073.585601091385
Epoch [1600001/10000001], Loss: 0.0062219128012657166
total time is  5097.0308220386505
Epoch [1610001/10000001], Loss: 0.0062196278013288975
total time is  5120.522561311722
Epoch [1620001/10000001], Loss: 0.006217342801392078
total time is  5143.655793428421
Epoch [1630001/10000001], Loss: 0.006215052679181099
total time is  5166.808042526245
Epoch [1640001/10000001], Loss: 0.006212766747921705
total time is  5190.1341099739075
Epoch [1650001/10000001], Loss: 0.006210483144968748
total time is  5213.49639415741
Epoch [1660001/10000001], Loss: 0.006208204664289951
total time is  5236.994537115097
Epoch [1670001/10000001], Loss: 0.006205929443240166
total time is  5260.168314218521
Epoch [1680001/10000001], Loss: 0.0062036593444645405
total time is  5283.35865187645
Epoch [1690001/10000001], Loss: 0.006201390642672777
total time is  5306.788133382797
Epoch [1700001/10000001], Loss: 0.0061991261318326
total time is  5330.539350032806
Epoch [1710001/10000001], Loss: 0.006196866277605295
total time is  5353.814782142639
Epoch [1720001/10000001], Loss: 0.006194610148668289
total time is  5377.139172792435
Epoch [1730001/10000001], Loss: 0.006192363332957029
total time is  5400.719310760498
Epoch [1740001/10000001], Loss: 0.006190131418406963
total time is  5423.858635902405
Epoch [1750001/10000001], Loss: 0.006187903694808483
total time is  5447.137113332748
Epoch [1760001/10000001], Loss: 0.006185682490468025
total time is  5470.809245586395
Epoch [1770001/10000001], Loss: 0.006183465477079153
total time is  5494.134782552719
Epoch [1780001/10000001], Loss: 0.006181253120303154
total time is  5517.444870471954
Epoch [1790001/10000001], Loss: 0.006179044954478741
total time is  5541.102727174759
Epoch [1800001/10000001], Loss: 0.006176839116960764
total time is  5564.545155763626
Epoch [1810001/10000001], Loss: 0.006174636539071798
total time is  5588.291000366211
Epoch [1820001/10000001], Loss: 0.006172436289489269
total time is  5611.266323804855
Epoch [1830001/10000001], Loss: 0.006170240696519613
total time is  5635.263633489609
Epoch [1840001/10000001], Loss: 0.006168046500533819
total time is  5658.702765703201
Epoch [1850001/10000001], Loss: 0.006165849976241589
total time is  5682.467724561691
Epoch [1860001/10000001], Loss: 0.0061636571772396564
total time is  5706.145081758499
Epoch [1870001/10000001], Loss: 0.006161465775221586
total time is  5729.879824399948
Epoch [1880001/10000001], Loss: 0.006159275770187378
total time is  5753.39976477623
Epoch [1890001/10000001], Loss: 0.006157101131975651
total time is  5776.989301204681
Epoch [1900001/10000001], Loss: 0.006154933944344521
total time is  5800.880392074585
Epoch [1910001/10000001], Loss: 0.006152772344648838
total time is  5824.550146579742
Epoch [1920001/10000001], Loss: 0.006150614004582167
total time is  5847.907812833786
Epoch [1930001/10000001], Loss: 0.0061484589241445065
total time is  5871.826925992966
Epoch [1940001/10000001], Loss: 0.0061463057063519955
total time is  5895.671579122543
Epoch [1950001/10000001], Loss: 0.006144153885543346
total time is  5919.8210163116455
Epoch [1960001/10000001], Loss: 0.00614200672134757
total time is  5943.356017112732
Epoch [1970001/10000001], Loss: 0.00613986374810338
total time is  5966.921756982803
Epoch [1980001/10000001], Loss: 0.00613772589713335
total time is  5990.767849206924
Epoch [1990001/10000001], Loss: 0.006135598756372929
total time is  6014.6380071640015
Epoch [2000001/10000001], Loss: 0.006133477669209242
total time is  6038.754141569138
Epoch [2010001/10000001], Loss: 0.006131356116384268
total time is  6062.571952581406
Epoch [2020001/10000001], Loss: 0.0061292387545108795
total time is  6086.400966644287
Epoch [2030001/10000001], Loss: 0.006127121392637491
total time is  6110.399328947067
Epoch [2040001/10000001], Loss: 0.006125006824731827
total time is  6134.570356369019
Epoch [2050001/10000001], Loss: 0.006122905761003494
total time is  6158.389574289322
Epoch [2060001/10000001], Loss: 0.006120814476162195
total time is  6182.539734363556
Epoch [2070001/10000001], Loss: 0.006118725519627333
total time is  6206.585562467575
Epoch [2080001/10000001], Loss: 0.006116639357060194
total time is  6230.361767292023
Epoch [2090001/10000001], Loss: 0.006114555522799492
total time is  6254.576761007309
Epoch [2100001/10000001], Loss: 0.006112472619861364
total time is  6278.671182155609
Epoch [2110001/10000001], Loss: 0.006110392045229673
total time is  6302.452878475189
Epoch [2120001/10000001], Loss: 0.006108315661549568
total time is  6326.64205288887
Epoch [2130001/10000001], Loss: 0.006106242071837187
total time is  6350.57023024559
Epoch [2140001/10000001], Loss: 0.006104171741753817
total time is  6374.912319660187
Epoch [2150001/10000001], Loss: 0.00610210420563817
total time is  6399.204053878784
Epoch [2160001/10000001], Loss: 0.00610004086047411
total time is  6423.127678394318
Epoch [2170001/10000001], Loss: 0.0060979812406003475
total time is  6447.006446123123
Epoch [2180001/10000001], Loss: 0.006095925811678171
total time is  6471.758508443832
Epoch [2190001/10000001], Loss: 0.006093871779739857
total time is  6496.069406509399
Epoch [2200001/10000001], Loss: 0.006091823801398277
total time is  6520.185261964798
Epoch [2210001/10000001], Loss: 0.006089774891734123
total time is  6544.794983863831
Epoch [2220001/10000001], Loss: 0.006087729707360268
total time is  6569.172262430191
Epoch [2230001/10000001], Loss: 0.006085686385631561
total time is  6593.288143157959
Epoch [2240001/10000001], Loss: 0.006083645857870579
total time is  6618.064081192017
Epoch [2250001/10000001], Loss: 0.006081608589738607
total time is  6642.2743191719055
Epoch [2260001/10000001], Loss: 0.006079571321606636
total time is  6666.768226385117
Epoch [2270001/10000001], Loss: 0.0060775401070714
total time is  6690.890548944473
Epoch [2280001/10000001], Loss: 0.0060755121521651745
total time is  6715.644020557404
Epoch [2290001/10000001], Loss: 0.006073487922549248
total time is  6739.9835340976715
Epoch [2300001/10000001], Loss: 0.0060714674182236195
total time is  6764.576301813126
Epoch [2310001/10000001], Loss: 0.00606945063918829
total time is  6788.6938996315
Epoch [2320001/10000001], Loss: 0.00606743386015296
total time is  6813.303031921387
Epoch [2330001/10000001], Loss: 0.00606542406603694
total time is  6837.927928686142
Epoch [2340001/10000001], Loss: 0.006063415203243494
total time is  6861.8988032341
Epoch [2350001/10000001], Loss: 0.006061409134417772
total time is  6886.122981786728
Epoch [2360001/10000001], Loss: 0.006059406325221062
total time is  6910.814804792404
Epoch [2370001/10000001], Loss: 0.006057403981685638
total time is  6935.105561256409
Epoch [2380001/10000001], Loss: 0.006055404897779226
total time is  6959.874368190765
Epoch [2390001/10000001], Loss: 0.006053408607840538
total time is  6984.5736565589905
Epoch [2400001/10000001], Loss: 0.006051414180546999
total time is  7009.229578971863
Epoch [2410001/10000001], Loss: 0.006049422547221184
total time is  7033.53031873703
Epoch [2420001/10000001], Loss: 0.006047432776540518
total time is  7057.951902151108
Epoch [2430001/10000001], Loss: 0.006045445799827576
total time is  7082.851329803467
Epoch [2440001/10000001], Loss: 0.006043463479727507
total time is  7107.7385866642
Epoch [2450001/10000001], Loss: 0.006041483022272587
total time is  7132.185538053513
Epoch [2460001/10000001], Loss: 0.006039516068994999
total time is  7157.079159259796
Epoch [2470001/10000001], Loss: 0.00603755097836256
total time is  7181.785502672195
Epoch [2480001/10000001], Loss: 0.0060355872847139835
total time is  7206.943980455399
Epoch [2490001/10000001], Loss: 0.006033626385033131
total time is  7231.967087984085
Epoch [2500001/10000001], Loss: 0.0060316696763038635
total time is  7256.874801635742
Epoch [2510001/10000001], Loss: 0.00602971576154232
total time is  7281.447436332703
Epoch [2520001/10000001], Loss: 0.006027765106409788
total time is  7306.567852258682
Epoch [2530001/10000001], Loss: 0.0060258167795836926
total time is  7331.762676000595
Epoch [2540001/10000001], Loss: 0.006023879628628492
total time is  7356.270852565765
Epoch [2550001/10000001], Loss: 0.006021945271641016
total time is  7381.521358251572
Epoch [2560001/10000001], Loss: 0.006020011845976114
total time is  7406.294524669647
Epoch [2570001/10000001], Loss: 0.006018080748617649
total time is  7431.404109954834
Epoch [2580001/10000001], Loss: 0.006016153376549482
total time is  7456.5462329387665
Epoch [2590001/10000001], Loss: 0.006014226470142603
total time is  7480.960821151733
Epoch [2600001/10000001], Loss: 0.006012310739606619
total time is  7506.081572055817
Epoch [2610001/10000001], Loss: 0.006010395474731922
total time is  7531.11922287941
Epoch [2620001/10000001], Loss: 0.006008484400808811
total time is  7556.03936457634
Epoch [2630001/10000001], Loss: 0.006006574258208275
total time is  7581.321306705475
Epoch [2640001/10000001], Loss: 0.00600466737523675
total time is  7605.872272491455
Epoch [2650001/10000001], Loss: 0.006002760026603937
total time is  7631.216823816299
Epoch [2660001/10000001], Loss: 0.006000856403261423
total time is  7656.4346575737
Epoch [2670001/10000001], Loss: 0.005998952314257622
total time is  7681.422383785248
Epoch [2680001/10000001], Loss: 0.005997051950544119
total time is  7706.486897945404
Epoch [2690001/10000001], Loss: 0.005995151586830616
total time is  7731.291704177856
Epoch [2700001/10000001], Loss: 0.005993252620100975
total time is  7756.668917655945
Epoch [2710001/10000001], Loss: 0.005991356447339058
total time is  7782.14312171936
Epoch [2720001/10000001], Loss: 0.005989461205899715
total time is  7807.126625537872
Epoch [2730001/10000001], Loss: 0.005987570155411959
total time is  7832.459926128387
Epoch [2740001/10000001], Loss: 0.005985683295875788
total time is  7857.760296583176
Epoch [2750001/10000001], Loss: 0.005983800161629915
total time is  7882.7830286026
Epoch [2760001/10000001], Loss: 0.005981916096061468
total time is  7908.280424118042
Epoch [2770001/10000001], Loss: 0.005980036221444607
total time is  7933.799471616745
Epoch [2780001/10000001], Loss: 0.005978159606456757
total time is  7959.204810619354
Epoch [2790001/10000001], Loss: 0.005976284854114056
total time is  7984.571125984192
Epoch [2800001/10000001], Loss: 0.005974411498755217
total time is  8010.109409093857
Epoch [2810001/10000001], Loss: 0.0059725395403802395
total time is  8035.788624763489
Epoch [2820001/10000001], Loss: 0.005970669910311699
total time is  8061.157680034637
Epoch [2830001/10000001], Loss: 0.005968804005533457
total time is  8086.627941608429
Epoch [2840001/10000001], Loss: 0.005966938100755215
total time is  8111.821033239365
Epoch [2850001/10000001], Loss: 0.005965074989944696
total time is  8137.28489112854
Epoch [2860001/10000001], Loss: 0.005963212810456753
total time is  8162.950907707214
Epoch [2870001/10000001], Loss: 0.00596135389059782
total time is  8188.197712659836
Epoch [2880001/10000001], Loss: 0.005959494039416313
total time is  8214.206485271454
Epoch [2890001/10000001], Loss: 0.005957638379186392
total time is  8239.353041410446
Epoch [2900001/10000001], Loss: 0.00595578458160162
total time is  8264.932225942612
Epoch [2910001/10000001], Loss: 0.0059539321810007095
total time is  8290.401636838913
Epoch [2920001/10000001], Loss: 0.005952083971351385
total time is  8315.45627117157
Epoch [2930001/10000001], Loss: 0.005950240883976221
total time is  8341.00962805748
Epoch [2940001/10000001], Loss: 0.00594840245321393
total time is  8366.742142677307
Epoch [2950001/10000001], Loss: 0.005946566350758076
total time is  8392.339507341385
Epoch [2960001/10000001], Loss: 0.00594473397359252
total time is  8417.960447311401
Epoch [2970001/10000001], Loss: 0.005942901596426964
total time is  8443.573163986206
Epoch [2980001/10000001], Loss: 0.0059410748071968555
total time is  8469.49398612976
Epoch [2990001/10000001], Loss: 0.00593925965949893
total time is  8495.287076234818
Epoch [3000001/10000001], Loss: 0.005937445908784866
total time is  8520.36432313919
Epoch [3010001/10000001], Loss: 0.005935633555054665
total time is  8545.556356668472
Epoch [3020001/10000001], Loss: 0.005933823995292187
total time is  8571.22259569168
Epoch [3030001/10000001], Loss: 0.0059320153668522835
total time is  8597.04278588295
Epoch [3040001/10000001], Loss: 0.005930209532380104
total time is  8622.941266298294
Epoch [3050001/10000001], Loss: 0.0059284064918756485
total time is  8649.246422290802
Epoch [3060001/10000001], Loss: 0.005926604848355055
total time is  8674.700966358185
Epoch [3070001/10000001], Loss: 0.005924808792769909
total time is  8700.70821237564
Epoch [3080001/10000001], Loss: 0.005923011805862188
total time is  8728.600656032562
Epoch [3090001/10000001], Loss: 0.005921218544244766
total time is  8754.560561656952
Epoch [3100001/10000001], Loss: 0.0059194304049015045
total time is  8780.422588825226
Epoch [3110001/10000001], Loss: 0.005917645525187254
total time is  8806.275172948837
Epoch [3120001/10000001], Loss: 0.005915864370763302
total time is  8831.864514827728
Epoch [3130001/10000001], Loss: 0.0059140827506780624
total time is  8858.04232096672
Epoch [3140001/10000001], Loss: 0.005912304390221834
total time is  8884.059284210205
Epoch [3150001/10000001], Loss: 0.00591052882373333
total time is  8910.057778835297
Epoch [3160001/10000001], Loss: 0.005908755585551262
total time is  8936.219993591309
Epoch [3170001/10000001], Loss: 0.005906985141336918
total time is  8962.043155908585
Epoch [3180001/10000001], Loss: 0.005905216094106436
total time is  8987.912617444992
Epoch [3190001/10000001], Loss: 0.005903448909521103
total time is  9013.782250404358
Epoch [3200001/10000001], Loss: 0.005901671014726162
total time is  9039.823857069016
Epoch [3210001/10000001], Loss: 0.0058998968452215195
total time is  9066.060359716415
Epoch [3220001/10000001], Loss: 0.005898122675716877
total time is  9091.4919860363
Epoch [3230001/10000001], Loss: 0.005896349903196096
total time is  9117.483820199966
Epoch [3240001/10000001], Loss: 0.005894580390304327
total time is  9144.212574005127
Epoch [3250001/10000001], Loss: 0.005892812740057707
total time is  9170.084457159042
Epoch [3260001/10000001], Loss: 0.005891046486794949
total time is  9196.423238754272
Epoch [3270001/10000001], Loss: 0.0058892820961773396
total time is  9222.429522037506
Epoch [3280001/10000001], Loss: 0.005887518636882305
total time is  9248.453583478928
Epoch [3290001/10000001], Loss: 0.005885756574571133
total time is  9274.66774559021
Epoch [3300001/10000001], Loss: 0.005883994046598673
total time is  9301.261679887772
Epoch [3310001/10000001], Loss: 0.005882235709577799
total time is  9327.705523252487
Epoch [3320001/10000001], Loss: 0.005880482494831085
total time is  9353.963883161545
Epoch [3330001/10000001], Loss: 0.005878731608390808
total time is  9380.359511613846
Epoch [3340001/10000001], Loss: 0.005876980256289244
total time is  9406.466263532639
Epoch [3350001/10000001], Loss: 0.005875232629477978
total time is  9433.184853076935
Epoch [3360001/10000001], Loss: 0.005873484071344137
total time is  9459.782353878021
Epoch [3370001/10000001], Loss: 0.005871739238500595
total time is  9486.528051137924
Epoch [3380001/10000001], Loss: 0.005869993939995766
total time is  9513.159803390503
Epoch [3390001/10000001], Loss: 0.005868250969797373
total time is  9540.021119594574
Epoch [3400001/10000001], Loss: 0.005866507533937693
total time is  9566.73653292656
Epoch [3410001/10000001], Loss: 0.005864768289029598
total time is  9593.600688457489
Epoch [3420001/10000001], Loss: 0.005863031838089228
total time is  9620.599952220917
Epoch [3430001/10000001], Loss: 0.005861297249794006
total time is  9647.703423500061
Epoch [3440001/10000001], Loss: 0.0058595649898052216
total time is  9674.763835191727
Epoch [3450001/10000001], Loss: 0.005857833661139011
total time is  9701.939818620682
Epoch [3460001/10000001], Loss: 0.005856115370988846
total time is  9728.916534423828
Epoch [3470001/10000001], Loss: 0.005854395218193531
total time is  9756.142461299896
Epoch [3480001/10000001], Loss: 0.005852677393704653
total time is  9783.84525179863
Epoch [3490001/10000001], Loss: 0.005850960500538349
total time is  9811.164034843445
Epoch [3500001/10000001], Loss: 0.005849245470017195
total time is  9838.5202023983
Epoch [3510001/10000001], Loss: 0.00584753043949604
total time is  9865.753546476364
Epoch [3520001/10000001], Loss: 0.005845815874636173
total time is  9893.286908388138
Epoch [3530001/10000001], Loss: 0.005844102706760168
total time is  9920.14279961586
Epoch [3540001/10000001], Loss: 0.0058423904702067375
total time is  9947.536321163177
Epoch [3550001/10000001], Loss: 0.005840677302330732
total time is  9974.898486852646
Epoch [3560001/10000001], Loss: 0.005838965997099876
total time is  10003.03772354126
Epoch [3570001/10000001], Loss: 0.00583725655451417
total time is  10030.003517389297
Epoch [3580001/10000001], Loss: 0.005835546180605888
total time is  10058.152710676193
Epoch [3590001/10000001], Loss: 0.005833836272358894
total time is  10085.065814495087
Epoch [3600001/10000001], Loss: 0.005832127761095762
total time is  10112.990829706192
Epoch [3610001/10000001], Loss: 0.005830421112477779
total time is  10140.862038612366
Epoch [3620001/10000001], Loss: 0.005828716326504946
total time is  10168.353226423264
Epoch [3630001/10000001], Loss: 0.005827014800161123
total time is  10195.69897699356
Epoch [3640001/10000001], Loss: 0.0058253174647688866
total time is  10223.639313697815
Epoch [3650001/10000001], Loss: 0.005823618732392788
total time is  10251.205490589142
Epoch [3660001/10000001], Loss: 0.005821920931339264
total time is  10278.951481819153
Epoch [3670001/10000001], Loss: 0.00582022313028574
total time is  10306.451597929
Epoch [3680001/10000001], Loss: 0.005818524863570929
total time is  10333.701558589935
Epoch [3690001/10000001], Loss: 0.0058168270625174046
total time is  10361.404926538467
Epoch [3700001/10000001], Loss: 0.005815128795802593
total time is  10389.42374920845
Epoch [3710001/10000001], Loss: 0.0058134328573942184
total time is  10417.221024513245
Epoch [3720001/10000001], Loss: 0.005811736918985844
total time is  10444.8586602211
Epoch [3730001/10000001], Loss: 0.005810043308883905
total time is  10472.932160377502
Epoch [3740001/10000001], Loss: 0.005808348301798105
total time is  10500.776540279388
Epoch [3750001/10000001], Loss: 0.00580665422603488
total time is  10528.80723619461
Epoch [3760001/10000001], Loss: 0.005804956424981356
total time is  10556.513695001602
Epoch [3770001/10000001], Loss: 0.005803258158266544
total time is  10584.531332731247
Epoch [3780001/10000001], Loss: 0.005801558960229158
total time is  10612.623068332672
Epoch [3790001/10000001], Loss: 0.005799861624836922
total time is  10640.252964496613
Epoch [3800001/10000001], Loss: 0.005798164755105972
total time is  10668.169557094574
Epoch [3810001/10000001], Loss: 0.005796465557068586
total time is  10696.770376682281
Epoch [3820001/10000001], Loss: 0.005794768687337637
total time is  10724.983468532562
Epoch [3830001/10000001], Loss: 0.005793072283267975
total time is  10752.704072237015
Epoch [3840001/10000001], Loss: 0.005791383795440197
total time is  10780.62910580635
Epoch [3850001/10000001], Loss: 0.005789699498564005
total time is  10808.6156437397
Epoch [3860001/10000001], Loss: 0.005788014270365238
total time is  10837.405217885971
Epoch [3870001/10000001], Loss: 0.005786328576505184
total time is  10865.37452507019
Epoch [3880001/10000001], Loss: 0.0057846433483064175
total time is  10893.36973619461
Epoch [3890001/10000001], Loss: 0.005782959517091513
total time is  10921.705487251282
Epoch [3900001/10000001], Loss: 0.005781274288892746
total time is  10950.107418060303
Epoch [3910001/10000001], Loss: 0.005779590457677841
total time is  10978.413452386856
Epoch [3920001/10000001], Loss: 0.005777913611382246
total time is  11006.580561637878
Epoch [3930001/10000001], Loss: 0.005776247475296259
total time is  11035.08994936943
Epoch [3940001/10000001], Loss: 0.005774584133177996
total time is  11063.367726325989
Epoch [3950001/10000001], Loss: 0.00577292125672102
total time is  11092.489201068878
Epoch [3960001/10000001], Loss: 0.005771259777247906
total time is  11120.857358694077
Epoch [3970001/10000001], Loss: 0.005769599694758654
total time is  11149.33817243576
Epoch [3980001/10000001], Loss: 0.005767940543591976
total time is  11178.038262367249
Epoch [3990001/10000001], Loss: 0.005766282789409161
total time is  11206.640152454376
Epoch [4000001/10000001], Loss: 0.00576462596654892
total time is  11235.01511669159
Epoch [4010001/10000001], Loss: 0.005762968212366104
total time is  11263.821254730225
Epoch [4020001/10000001], Loss: 0.005761322565376759
total time is  11292.257948637009
Epoch [4030001/10000001], Loss: 0.005759677849709988
total time is  11321.816883802414
Epoch [4040001/10000001], Loss: 0.005758033599704504
total time is  11350.349334001541
Epoch [4050001/10000001], Loss: 0.00575638934969902
total time is  11379.177198886871
Epoch [4060001/10000001], Loss: 0.005754746031016111
total time is  11408.081233263016
Epoch [4070001/10000001], Loss: 0.005753103643655777
total time is  11436.99342918396
Epoch [4080001/10000001], Loss: 0.005751460790634155
total time is  11466.82420015335
Epoch [4090001/10000001], Loss: 0.005749817937612534
total time is  11495.393416881561
Epoch [4100001/10000001], Loss: 0.005748174153268337
total time is  11524.32451415062
Epoch [4110001/10000001], Loss: 0.005746530368924141
total time is  11553.139860630035
Epoch [4120001/10000001], Loss: 0.0057448879815638065
total time is  11582.081527709961
Epoch [4130001/10000001], Loss: 0.005743243731558323
total time is  11613.829762935638
Epoch [4140001/10000001], Loss: 0.005741602275520563
total time is  11647.58391213417
Epoch [4150001/10000001], Loss: 0.005739961285144091
total time is  11675.831817150116
Epoch [4160001/10000001], Loss: 0.0057383207604289055
total time is  11726.653980493546
Epoch [4170001/10000001], Loss: 0.005736679770052433
total time is  11755.612076997757
Epoch [4180001/10000001], Loss: 0.005735039245337248
total time is  11783.786475658417
Epoch [4190001/10000001], Loss: 0.005733397789299488
total time is  11811.938507318497
Epoch [4200001/10000001], Loss: 0.005731758661568165
total time is  11840.0832695961
Epoch [4210001/10000001], Loss: 0.005730119999498129
total time is  11868.129728794098
Epoch [4220001/10000001], Loss: 0.005728481337428093
total time is  11896.147642374039
Epoch [4230001/10000001], Loss: 0.00572684220969677
total time is  11924.771557807922
Epoch [4240001/10000001], Loss: 0.0057252030819654465
total time is  11952.810052633286
Epoch [4250001/10000001], Loss: 0.005723563954234123
total time is  11981.177665948868
Epoch [4260001/10000001], Loss: 0.005721923895180225
total time is  12009.225698947906
Epoch [4270001/10000001], Loss: 0.005720284301787615
total time is  12038.74698972702
Epoch [4280001/10000001], Loss: 0.005718642845749855
total time is  12067.08525466919
Epoch [4290001/10000001], Loss: 0.005717005580663681
total time is  12095.543225765228
Epoch [4300001/10000001], Loss: 0.005715368315577507
total time is  12123.802827835083
Epoch [4310001/10000001], Loss: 0.005713730119168758
total time is  12151.74461555481
Epoch [4320001/10000001], Loss: 0.005712094716727734
total time is  12180.095137834549
Epoch [4330001/10000001], Loss: 0.005710463039577007
total time is  12208.289683818817
Epoch [4340001/10000001], Loss: 0.0057088290341198444
total time is  12237.09840798378
Epoch [4350001/10000001], Loss: 0.005707201082259417
total time is  12265.34369969368
Epoch [4360001/10000001], Loss: 0.005705574061721563
total time is  12294.449218511581
Epoch [4370001/10000001], Loss: 0.005703947506844997
total time is  12322.909138441086
Epoch [4380001/10000001], Loss: 0.005702321417629719
total time is  12351.30131649971
Epoch [4390001/10000001], Loss: 0.005700693931430578
total time is  12379.795807600021
Epoch [4400001/10000001], Loss: 0.005699066445231438
total time is  12408.284116506577
Epoch [4410001/10000001], Loss: 0.005697437096387148
total time is  12436.967156410217
Epoch [4420001/10000001], Loss: 0.005695807281881571
total time is  12465.358741998672
Epoch [4430001/10000001], Loss: 0.005694179330021143
total time is  12493.761726140976
Epoch [4440001/10000001], Loss: 0.0056925504468381405
total time is  12522.310359239578
Epoch [4450001/10000001], Loss: 0.005690922494977713
total time is  12551.658066034317
Epoch [4460001/10000001], Loss: 0.0056892940774559975
total time is  12580.090797185898
Epoch [4470001/10000001], Loss: 0.005687663797289133
total time is  12608.447910785675
Epoch [4480001/10000001], Loss: 0.005686033517122269
total time is  12637.605355501175
Epoch [4490001/10000001], Loss: 0.0056843990460038185
total time is  12665.940217733383
Epoch [4500001/10000001], Loss: 0.005682766437530518
total time is  12694.327915906906
Epoch [4510001/10000001], Loss: 0.005681133829057217
total time is  12723.492668151855
Epoch [4520001/10000001], Loss: 0.00567950215190649
total time is  12751.901882886887
Epoch [4530001/10000001], Loss: 0.005677870940417051
total time is  12781.066997528076
Epoch [4540001/10000001], Loss: 0.00567623833194375
total time is  12809.648452997208
Epoch [4550001/10000001], Loss: 0.0056746057234704494
total time is  12839.129678964615
Epoch [4560001/10000001], Loss: 0.005672972183674574
total time is  12867.677092790604
Epoch [4570001/10000001], Loss: 0.005671337712556124
total time is  12896.547905445099
Epoch [4580001/10000001], Loss: 0.005669702775776386
total time is  12925.306239366531
Epoch [4590001/10000001], Loss: 0.005668067838996649
total time is  12953.497864484787
Epoch [4600001/10000001], Loss: 0.005666433367878199
total time is  12982.398767709732
Epoch [4610001/10000001], Loss: 0.005664797965437174
total time is  13011.359263896942
Epoch [4620001/10000001], Loss: 0.005663163494318724
total time is  13040.222570896149
Epoch [4630001/10000001], Loss: 0.005661527160555124
total time is  13069.048404932022
Epoch [4640001/10000001], Loss: 0.005659891292452812
total time is  13098.613174200058
Epoch [4650001/10000001], Loss: 0.005658254958689213
total time is  13127.669586658478
Epoch [4660001/10000001], Loss: 0.005656619090586901
total time is  13156.668397903442
Epoch [4670001/10000001], Loss: 0.005654984153807163
total time is  13185.480835199356
Epoch [4680001/10000001], Loss: 0.005653351545333862
total time is  13214.407861232758
Epoch [4690001/10000001], Loss: 0.005651721730828285
total time is  13243.217489242554
Epoch [4700001/10000001], Loss: 0.005650094244629145
total time is  13272.035982370377
Epoch [4710001/10000001], Loss: 0.00564847094938159
total time is  13301.382695436478
Epoch [4720001/10000001], Loss: 0.005646851379424334
total time is  13330.366315126419
Epoch [4730001/10000001], Loss: 0.005645236000418663
total time is  13359.498646259308
Epoch [4740001/10000001], Loss: 0.0056436266750097275
total time is  13388.547408103943
Epoch [4750001/10000001], Loss: 0.005642020143568516
total time is  13417.385391950607
Epoch [4760001/10000001], Loss: 0.005640421994030476
total time is  13447.292842388153
Epoch [4770001/10000001], Loss: 0.005638827569782734
total time is  13476.375816345215
Epoch [4780001/10000001], Loss: 0.005637240130454302
total time is  13505.509212732315
Epoch [4790001/10000001], Loss: 0.0056356582790613174
total time is  13534.58365368843
Epoch [4800001/10000001], Loss: 0.005634084343910217
total time is  13563.743777275085
Epoch [4810001/10000001], Loss: 0.005632519721984863
total time is  13593.085926055908
Epoch [4820001/10000001], Loss: 0.00563097232952714
total time is  13622.154721975327
Epoch [4830001/10000001], Loss: 0.005629431921988726
total time is  13651.085292577744
Epoch [4840001/10000001], Loss: 0.005627898033708334
total time is  13679.955446004868
Epoch [4850001/10000001], Loss: 0.005626370199024677
total time is  13708.955833435059
Epoch [4860001/10000001], Loss: 0.00562484934926033
total time is  13738.200476408005
Epoch [4870001/10000001], Loss: 0.0056233336217701435
total time is  13767.185389995575
Epoch [4880001/10000001], Loss: 0.005621823016554117
total time is  13796.276004314423
Epoch [4890001/10000001], Loss: 0.00562031427398324
total time is  13826.211083889008
Epoch [4900001/10000001], Loss: 0.005618808791041374
total time is  13855.670449972153
Epoch [4910001/10000001], Loss: 0.0056173051707446575
total time is  13884.935257196426
Epoch [4920001/10000001], Loss: 0.005615805741399527
total time is  13914.719669103622
Epoch [4930001/10000001], Loss: 0.00561430724337697
total time is  13943.830976009369
Epoch [4940001/10000001], Loss: 0.005612809676676989
total time is  13972.964119195938
Epoch [4950001/10000001], Loss: 0.005611315835267305
total time is  14002.24984550476
Epoch [4960001/10000001], Loss: 0.005609824787825346
total time is  14031.537689447403
Epoch [4970001/10000001], Loss: 0.005608337000012398
total time is  14061.61853837967
Epoch [4980001/10000001], Loss: 0.00560685433447361
total time is  14091.206382989883
Epoch [4990001/10000001], Loss: 0.005605372600257397
total time is  14120.692710638046
Epoch [5000001/10000001], Loss: 0.005603894125670195
total time is  14150.819930315018
Epoch [5010001/10000001], Loss: 0.005602411460131407
total time is  14180.175499677658
Epoch [5020001/10000001], Loss: 0.005600920878350735
total time is  14210.144084453583
Epoch [5030001/10000001], Loss: 0.005599433556199074
total time is  14239.393249988556
Epoch [5040001/10000001], Loss: 0.005597946234047413
total time is  14268.94293999672
Epoch [5050001/10000001], Loss: 0.005596464034169912
total time is  14298.524683713913
Epoch [5060001/10000001], Loss: 0.005594982765614986
total time is  14327.915292024612
Epoch [5070001/10000001], Loss: 0.005593501031398773
total time is  14357.359085321426
Epoch [5080001/10000001], Loss: 0.005592023488134146
total time is  14387.46509218216
Epoch [5090001/10000001], Loss: 0.005590545013546944
total time is  14416.938227415085
Epoch [5100001/10000001], Loss: 0.005589072126895189
total time is  14447.139477968216
Epoch [5110001/10000001], Loss: 0.0055876015685498714
total time is  14476.887047290802
Epoch [5120001/10000001], Loss: 0.005586135666817427
total time is  14507.308272838593
Epoch [5130001/10000001], Loss: 0.005584672559052706
total time is  14536.838408708572
Epoch [5140001/10000001], Loss: 0.005583209916949272
total time is  14566.569494009018
Epoch [5150001/10000001], Loss: 0.005581748206168413
total time is  14596.318240404129
Epoch [5160001/10000001], Loss: 0.005580288823693991
total time is  14626.633729696274
Epoch [5170001/10000001], Loss: 0.005578828975558281
total time is  14656.377390861511
Epoch [5180001/10000001], Loss: 0.005577371455729008
total time is  14686.078790426254
Epoch [5190001/10000001], Loss: 0.005575915798544884
total time is  14715.631889343262
Epoch [5200001/10000001], Loss: 0.005574461072683334
total time is  14746.134898424149
Epoch [5210001/10000001], Loss: 0.005573004949837923
total time is  14775.833761692047
Epoch [5220001/10000001], Loss: 0.0055715544149279594
total time is  14805.927523851395
Epoch [5230001/10000001], Loss: 0.005570105277001858
total time is  14835.672785758972
