cuda:2
N is 400
number of data pairs y = 4000
number of data pairs ytest = 4000
Epoch [1/50001], Loss: 1602.9166259765625
total time is  0
Epoch [10001/50001], Loss: 457.1854553222656
total time is  39.448641300201416
Epoch [20001/50001], Loss: 244.3501434326172
total time is  80.55703496932983
Epoch [30001/50001], Loss: 147.10679626464844
total time is  121.85046577453613
Epoch [40001/50001], Loss: 97.90377044677734
total time is  161.37250685691833
Epoch [50001/50001], Loss: 63.35335922241211
total time is  198.11185789108276
Epoch [1/300001], Loss: 63.350341796875
total time is  198.17850542068481
Epoch [10001/300001], Loss: 60.49494552612305
total time is  235.2201385498047
Epoch [20001/300001], Loss: 57.79289627075195
total time is  271.92895555496216
Epoch [30001/300001], Loss: 55.23302459716797
total time is  308.75259733200073
Epoch [40001/300001], Loss: 52.81935119628906
total time is  345.704309463501
Epoch [50001/300001], Loss: 50.55078125
total time is  382.4846408367157
Epoch [60001/300001], Loss: 48.423072814941406
total time is  419.28313994407654
Epoch [70001/300001], Loss: 46.430458068847656
total time is  456.1312782764435
Epoch [80001/300001], Loss: 44.56393814086914
total time is  493.143856048584
Epoch [90001/300001], Loss: 42.816104888916016
total time is  529.8385696411133
Epoch [100001/300001], Loss: 41.17890930175781
total time is  566.8875858783722
Epoch [110001/300001], Loss: 39.6423454284668
total time is  603.8333697319031
Epoch [120001/300001], Loss: 38.198490142822266
total time is  640.6999232769012
Epoch [130001/300001], Loss: 36.836429595947266
total time is  677.647182226181
Epoch [140001/300001], Loss: 35.545265197753906
total time is  714.8067033290863
Epoch [150001/300001], Loss: 34.31573486328125
total time is  751.7302958965302
Epoch [160001/300001], Loss: 33.14398193359375
total time is  788.7983887195587
Epoch [170001/300001], Loss: 32.02482604980469
total time is  825.8891077041626
Epoch [180001/300001], Loss: 30.95501136779785
total time is  863.104052066803
Epoch [190001/300001], Loss: 29.931411743164062
total time is  899.9408195018768
Epoch [200001/300001], Loss: 28.95116424560547
total time is  937.1279962062836
Epoch [210001/300001], Loss: 28.012958526611328
total time is  974.3263635635376
Epoch [220001/300001], Loss: 27.11470603942871
total time is  1011.1235399246216
Epoch [230001/300001], Loss: 26.25597381591797
total time is  1048.198891401291
Epoch [240001/300001], Loss: 25.434886932373047
total time is  1085.520124912262
Epoch [250001/300001], Loss: 24.650827407836914
total time is  1122.550452709198
Epoch [260001/300001], Loss: 23.90340232849121
total time is  1159.752492427826
Epoch [270001/300001], Loss: 23.193222045898438
total time is  1197.034674167633
Epoch [280001/300001], Loss: 22.519710540771484
total time is  1234.341994047165
Epoch [290001/300001], Loss: 21.88214111328125
total time is  1271.5369555950165
Epoch [300001/300001], Loss: 21.28034210205078
total time is  1308.6455266475677
Epoch [1/10000001], Loss: 21.280399322509766
total time is  1309.1887187957764
Epoch [10001/10000001], Loss: 21.25413703918457
total time is  1346.5790350437164
Epoch [20001/10000001], Loss: 21.228046417236328
total time is  1383.825094461441
Epoch [30001/10000001], Loss: 21.20197105407715
total time is  1421.1590692996979
Epoch [40001/10000001], Loss: 21.176185607910156
total time is  1458.7043943405151
Epoch [50001/10000001], Loss: 21.150432586669922
total time is  1495.9814012050629
Epoch [60001/10000001], Loss: 21.12519073486328
total time is  1533.409193277359
Epoch [70001/10000001], Loss: 21.099950790405273
total time is  1570.9636023044586
Epoch [80001/10000001], Loss: 21.07444953918457
total time is  1608.268428325653
Epoch [90001/10000001], Loss: 21.04929542541504
total time is  1645.6610198020935
Epoch [100001/10000001], Loss: 21.024396896362305
total time is  1683.2226707935333
Epoch [110001/10000001], Loss: 20.999399185180664
total time is  1720.6655144691467
Epoch [120001/10000001], Loss: 20.974624633789062
total time is  1758.0263652801514
Epoch [130001/10000001], Loss: 20.94939422607422
total time is  1795.5463614463806
Epoch [140001/10000001], Loss: 20.925148010253906
total time is  1833.0011973381042
Epoch [150001/10000001], Loss: 20.900480270385742
total time is  1870.5217335224152
Epoch [160001/10000001], Loss: 20.87646484375
total time is  1908.2520098686218
Epoch [170001/10000001], Loss: 20.85204315185547
total time is  1945.7406237125397
Epoch [180001/10000001], Loss: 20.827632904052734
total time is  1983.1835639476776
Epoch [190001/10000001], Loss: 20.803497314453125
total time is  2020.7791743278503
Epoch [200001/10000001], Loss: 20.779705047607422
total time is  2058.485589504242
Epoch [210001/10000001], Loss: 20.75580406188965
total time is  2095.960340499878
Epoch [220001/10000001], Loss: 20.732248306274414
total time is  2133.651328086853
Epoch [230001/10000001], Loss: 20.708242416381836
total time is  2171.382642507553
Epoch [240001/10000001], Loss: 20.68474769592285
total time is  2209.0316758155823
Epoch [250001/10000001], Loss: 20.661083221435547
total time is  2246.611035346985
Epoch [260001/10000001], Loss: 20.63770294189453
total time is  2284.606158733368
Epoch [270001/10000001], Loss: 20.614456176757812
total time is  2322.0866124629974
Epoch [280001/10000001], Loss: 20.591447830200195
total time is  2359.82461643219
Epoch [290001/10000001], Loss: 20.568279266357422
total time is  2397.452039718628
Epoch [300001/10000001], Loss: 20.545475006103516
total time is  2435.1411769390106
Epoch [310001/10000001], Loss: 20.5228214263916
total time is  2472.860644340515
Epoch [320001/10000001], Loss: 20.500022888183594
total time is  2510.7335166931152
Epoch [330001/10000001], Loss: 20.477462768554688
total time is  2548.5739271640778
Epoch [340001/10000001], Loss: 20.454641342163086
total time is  2586.16291308403
Epoch [350001/10000001], Loss: 20.43269157409668
total time is  2624.1635222434998
Epoch [360001/10000001], Loss: 20.410171508789062
total time is  2661.8217577934265
Epoch [370001/10000001], Loss: 20.387950897216797
total time is  2699.6231195926666
Epoch [380001/10000001], Loss: 20.36618423461914
total time is  2737.748949766159
Epoch [390001/10000001], Loss: 20.343791961669922
total time is  2775.5095834732056
Epoch [400001/10000001], Loss: 20.322113037109375
total time is  2813.5191881656647
Epoch [410001/10000001], Loss: 20.299964904785156
total time is  2851.476377725601
Epoch [420001/10000001], Loss: 20.278213500976562
total time is  2889.4381885528564
Epoch [430001/10000001], Loss: 20.25679588317871
total time is  2927.158066511154
Epoch [440001/10000001], Loss: 20.235275268554688
total time is  2965.2158119678497
Epoch [450001/10000001], Loss: 20.213790893554688
total time is  3003.2863211631775
Epoch [460001/10000001], Loss: 20.192346572875977
total time is  3041.14799785614
Epoch [470001/10000001], Loss: 20.171062469482422
total time is  3079.2441370487213
Epoch [480001/10000001], Loss: 20.149738311767578
total time is  3117.3804037570953
Epoch [490001/10000001], Loss: 20.1285400390625
total time is  3155.25293302536
Epoch [500001/10000001], Loss: 20.107952117919922
total time is  3193.2254605293274
Epoch [510001/10000001], Loss: 20.08721160888672
total time is  3231.2611241340637
Epoch [520001/10000001], Loss: 20.06658935546875
total time is  3269.1543514728546
Epoch [530001/10000001], Loss: 20.046043395996094
total time is  3307.2402477264404
Epoch [540001/10000001], Loss: 20.026084899902344
total time is  3345.5035185813904
Epoch [550001/10000001], Loss: 20.00510025024414
total time is  3383.5453927516937
Epoch [560001/10000001], Loss: 19.984846115112305
total time is  3421.6952924728394
Epoch [570001/10000001], Loss: 19.964710235595703
total time is  3459.854445695877
Epoch [580001/10000001], Loss: 19.944580078125
total time is  3497.9087948799133
Epoch [590001/10000001], Loss: 19.92432403564453
total time is  3536.248729944229
Epoch [600001/10000001], Loss: 19.9046688079834
total time is  3574.6651332378387
Epoch [610001/10000001], Loss: 19.884429931640625
total time is  3612.7966754436493
Epoch [620001/10000001], Loss: 19.86452865600586
total time is  3650.9710109233856
Epoch [630001/10000001], Loss: 19.84465217590332
total time is  3689.2341928482056
Epoch [640001/10000001], Loss: 19.82484245300293
total time is  3727.4095451831818
Epoch [650001/10000001], Loss: 19.804914474487305
total time is  3765.7649013996124
Epoch [660001/10000001], Loss: 19.785598754882812
total time is  3804.1837315559387
Epoch [670001/10000001], Loss: 19.765949249267578
total time is  3842.5224437713623
Epoch [680001/10000001], Loss: 19.746479034423828
total time is  3880.750319480896
Epoch [690001/10000001], Loss: 19.727291107177734
total time is  3919.1579134464264
Epoch [700001/10000001], Loss: 19.70802116394043
total time is  3957.5939671993256
Epoch [710001/10000001], Loss: 19.688766479492188
total time is  3996.013943195343
Epoch [720001/10000001], Loss: 19.669654846191406
total time is  4034.3279645442963
Epoch [730001/10000001], Loss: 19.6507568359375
total time is  4072.744624853134
Epoch [740001/10000001], Loss: 19.631393432617188
total time is  4111.015148162842
Epoch [750001/10000001], Loss: 19.612340927124023
total time is  4149.6275589466095
Epoch [760001/10000001], Loss: 19.593765258789062
total time is  4188.205771207809
Epoch [770001/10000001], Loss: 19.57476043701172
total time is  4226.6427681446075
Epoch [780001/10000001], Loss: 19.555999755859375
total time is  4265.231205701828
Epoch [790001/10000001], Loss: 19.537296295166016
total time is  4303.8766276836395
Epoch [800001/10000001], Loss: 19.51874542236328
total time is  4342.31672167778
Epoch [810001/10000001], Loss: 19.50012969970703
total time is  4380.846619606018
Epoch [820001/10000001], Loss: 19.481842041015625
total time is  4419.589827775955
Epoch [830001/10000001], Loss: 19.463272094726562
total time is  4458.1202347278595
Epoch [840001/10000001], Loss: 19.44489288330078
total time is  4496.622694015503
Epoch [850001/10000001], Loss: 19.426616668701172
total time is  4535.311088085175
Epoch [860001/10000001], Loss: 19.408227920532227
total time is  4573.930668115616
Epoch [870001/10000001], Loss: 19.390247344970703
total time is  4612.583432197571
Epoch [880001/10000001], Loss: 19.37228775024414
total time is  4651.083665370941
Epoch [890001/10000001], Loss: 19.354249954223633
total time is  4689.772510528564
Epoch [900001/10000001], Loss: 19.33647918701172
total time is  4728.4083659648895
Epoch [910001/10000001], Loss: 19.31869125366211
total time is  4767.256306171417
Epoch [920001/10000001], Loss: 19.3006534576416
total time is  4805.883568286896
Epoch [930001/10000001], Loss: 19.28286361694336
total time is  4844.57347202301
Epoch [940001/10000001], Loss: 19.265460968017578
total time is  4883.3970601558685
Epoch [950001/10000001], Loss: 19.247650146484375
total time is  4922.287296056747
Epoch [960001/10000001], Loss: 19.23006248474121
total time is  4961.076454162598
Epoch [970001/10000001], Loss: 19.212493896484375
total time is  5000.10521197319
Epoch [980001/10000001], Loss: 19.194801330566406
total time is  5038.5762577056885
Epoch [990001/10000001], Loss: 19.17774200439453
total time is  5077.372509241104
Epoch [1000001/10000001], Loss: 19.160490036010742
total time is  5116.339777708054
Epoch [1010001/10000001], Loss: 19.1429500579834
total time is  5155.058430194855
Epoch [1020001/10000001], Loss: 19.125720977783203
total time is  5194.096846580505
Epoch [1030001/10000001], Loss: 19.10847282409668
total time is  5233.055312395096
Epoch [1040001/10000001], Loss: 19.09136962890625
total time is  5272.186142206192
Epoch [1050001/10000001], Loss: 19.074535369873047
total time is  5311.070547103882
Epoch [1060001/10000001], Loss: 19.057361602783203
total time is  5350.270731210709
Epoch [1070001/10000001], Loss: 19.040363311767578
total time is  5389.03026008606
Epoch [1080001/10000001], Loss: 19.02370834350586
total time is  5428.215608596802
Epoch [1090001/10000001], Loss: 19.006704330444336
total time is  5467.297313451767
Epoch [1100001/10000001], Loss: 18.990116119384766
total time is  5506.1837956905365
Epoch [1110001/10000001], Loss: 18.973108291625977
total time is  5545.351101636887
Epoch [1120001/10000001], Loss: 18.95660972595215
total time is  5584.390580892563
Epoch [1130001/10000001], Loss: 18.939727783203125
total time is  5623.520201206207
Epoch [1140001/10000001], Loss: 18.923572540283203
total time is  5662.536711931229
Epoch [1150001/10000001], Loss: 18.90671157836914
total time is  5701.806930541992
Epoch [1160001/10000001], Loss: 18.890270233154297
total time is  5740.898371934891
Epoch [1170001/10000001], Loss: 18.873672485351562
total time is  5779.812226772308
Epoch [1180001/10000001], Loss: 18.857330322265625
total time is  5819.102260112762
Epoch [1190001/10000001], Loss: 18.840768814086914
total time is  5858.050980091095
Epoch [1200001/10000001], Loss: 18.8247127532959
total time is  5897.429813861847
Epoch [1210001/10000001], Loss: 18.807918548583984
total time is  5936.690925121307
Epoch [1220001/10000001], Loss: 18.792198181152344
total time is  5975.942574977875
Epoch [1230001/10000001], Loss: 18.775712966918945
total time is  6015.429977416992
Epoch [1240001/10000001], Loss: 18.759750366210938
total time is  6054.535778284073
Epoch [1250001/10000001], Loss: 18.743370056152344
total time is  6093.863486528397
Epoch [1260001/10000001], Loss: 18.727439880371094
total time is  6133.036898851395
Epoch [1270001/10000001], Loss: 18.711233139038086
total time is  6172.479328393936
Epoch [1280001/10000001], Loss: 18.695083618164062
total time is  6211.818465948105
Epoch [1290001/10000001], Loss: 18.67951202392578
total time is  6251.351667404175
Epoch [1300001/10000001], Loss: 18.663341522216797
total time is  6290.586042404175
Epoch [1310001/10000001], Loss: 18.64747428894043
total time is  6330.042014837265
Epoch [1320001/10000001], Loss: 18.631759643554688
total time is  6369.640809297562
Epoch [1330001/10000001], Loss: 18.61563491821289
total time is  6409.199443101883
Epoch [1340001/10000001], Loss: 18.599822998046875
total time is  6448.350714206696
Epoch [1350001/10000001], Loss: 18.58422088623047
total time is  6488.047076463699
Epoch [1360001/10000001], Loss: 18.568603515625
total time is  6527.491538763046
Epoch [1370001/10000001], Loss: 18.5528564453125
total time is  6567.042825222015
Epoch [1380001/10000001], Loss: 18.537311553955078
total time is  6606.725676059723
Epoch [1390001/10000001], Loss: 18.52167510986328
total time is  6646.592953681946
Epoch [1400001/10000001], Loss: 18.506290435791016
total time is  6685.810162067413
Epoch [1410001/10000001], Loss: 18.490680694580078
total time is  6725.526592254639
Epoch [1420001/10000001], Loss: 18.475358963012695
total time is  6765.036298751831
Epoch [1430001/10000001], Loss: 18.459800720214844
total time is  6804.810451745987
Epoch [1440001/10000001], Loss: 18.444747924804688
total time is  6844.566694498062
Epoch [1450001/10000001], Loss: 18.429353713989258
total time is  6884.010521411896
Epoch [1460001/10000001], Loss: 18.41377830505371
total time is  6923.347233533859
Epoch [1470001/10000001], Loss: 18.39866065979004
total time is  6963.136300325394
Epoch [1480001/10000001], Loss: 18.3834285736084
total time is  7002.626749277115
Epoch [1490001/10000001], Loss: 18.368181228637695
total time is  7042.343604564667
Epoch [1500001/10000001], Loss: 18.35316276550293
total time is  7082.107959032059
Epoch [1510001/10000001], Loss: 18.338184356689453
total time is  7121.76984000206
Epoch [1520001/10000001], Loss: 18.322982788085938
total time is  7161.518149137497
Epoch [1530001/10000001], Loss: 18.307979583740234
total time is  7201.32080245018
Epoch [1540001/10000001], Loss: 18.293333053588867
total time is  7241.39240193367
Epoch [1550001/10000001], Loss: 18.27802848815918
total time is  7281.218174934387
Epoch [1560001/10000001], Loss: 18.263059616088867
total time is  7321.006509065628
Epoch [1570001/10000001], Loss: 18.248348236083984
total time is  7360.796141624451
Epoch [1580001/10000001], Loss: 18.233579635620117
total time is  7400.6916263103485
Epoch [1590001/10000001], Loss: 18.218807220458984
total time is  7440.610147476196
Epoch [1600001/10000001], Loss: 18.20391845703125
total time is  7480.530456066132
Epoch [1610001/10000001], Loss: 18.189311981201172
total time is  7520.586085557938
Epoch [1620001/10000001], Loss: 18.174558639526367
total time is  7560.547991991043
Epoch [1630001/10000001], Loss: 18.159778594970703
total time is  7600.328373432159
Epoch [1640001/10000001], Loss: 18.14531707763672
total time is  7640.363315343857
Epoch [1650001/10000001], Loss: 18.130775451660156
total time is  7680.451066493988
Epoch [1660001/10000001], Loss: 18.11646270751953
total time is  7720.711550712585
Epoch [1670001/10000001], Loss: 18.102039337158203
total time is  7760.817465543747
Epoch [1680001/10000001], Loss: 18.0875301361084
total time is  7800.646836280823
Epoch [1690001/10000001], Loss: 18.073139190673828
total time is  7840.65709900856
Epoch [1700001/10000001], Loss: 18.058988571166992
total time is  7881.2778215408325
Epoch [1710001/10000001], Loss: 18.044418334960938
total time is  7921.072818994522
Epoch [1720001/10000001], Loss: 18.030065536499023
total time is  7961.5027685165405
Epoch [1730001/10000001], Loss: 18.01575469970703
total time is  8001.456048488617
Epoch [1740001/10000001], Loss: 18.001588821411133
total time is  8041.75479722023
Epoch [1750001/10000001], Loss: 17.98733139038086
total time is  8082.311141490936
Epoch [1760001/10000001], Loss: 17.97307586669922
total time is  8122.247314453125
Epoch [1770001/10000001], Loss: 17.95901870727539
total time is  8162.492634057999
Epoch [1780001/10000001], Loss: 17.94475555419922
total time is  8202.859771966934
Epoch [1790001/10000001], Loss: 17.930442810058594
total time is  8243.65732383728
Epoch [1800001/10000001], Loss: 17.916183471679688
total time is  8283.455889701843
Epoch [1810001/10000001], Loss: 17.902162551879883
total time is  8324.197664260864
Epoch [1820001/10000001], Loss: 17.888038635253906
total time is  8364.660638570786
Epoch [1830001/10000001], Loss: 17.873889923095703
total time is  8404.575810909271
Epoch [1840001/10000001], Loss: 17.859743118286133
total time is  8445.328536510468
Epoch [1850001/10000001], Loss: 17.845867156982422
total time is  8485.531994342804
Epoch [1860001/10000001], Loss: 17.8319034576416
total time is  8526.336963653564
Epoch [1870001/10000001], Loss: 17.818008422851562
total time is  8566.810081720352
Epoch [1880001/10000001], Loss: 17.804107666015625
total time is  8607.38631439209
Epoch [1890001/10000001], Loss: 17.789852142333984
total time is  8647.915246963501
Epoch [1900001/10000001], Loss: 17.776334762573242
total time is  8688.054510354996
Epoch [1910001/10000001], Loss: 17.762168884277344
total time is  8729.122102737427
Epoch [1920001/10000001], Loss: 17.74850082397461
total time is  8769.466739416122
Epoch [1930001/10000001], Loss: 17.734619140625
total time is  8809.887285232544
Epoch [1940001/10000001], Loss: 17.720497131347656
total time is  8850.586782217026
Epoch [1950001/10000001], Loss: 17.7066650390625
total time is  8890.954986810684
Epoch [1960001/10000001], Loss: 17.69290542602539
total time is  8931.57611656189
Epoch [1970001/10000001], Loss: 17.67917251586914
total time is  8972.124405145645
Epoch [1980001/10000001], Loss: 17.665630340576172
total time is  9012.574720859528
Epoch [1990001/10000001], Loss: 17.651683807373047
total time is  9053.457050085068
Epoch [2000001/10000001], Loss: 17.637895584106445
total time is  9093.810121297836
Epoch [2010001/10000001], Loss: 17.62429428100586
total time is  9134.916853666306
Epoch [2020001/10000001], Loss: 17.610937118530273
total time is  9175.331956386566
Epoch [2030001/10000001], Loss: 17.597213745117188
total time is  9216.401332855225
Epoch [2040001/10000001], Loss: 17.583484649658203
total time is  9256.504090070724
Epoch [2050001/10000001], Loss: 17.570022583007812
total time is  9297.281936645508
Epoch [2060001/10000001], Loss: 17.55636215209961
total time is  9338.515882015228
Epoch [2070001/10000001], Loss: 17.542593002319336
total time is  9378.634973049164
Epoch [2080001/10000001], Loss: 17.529245376586914
total time is  9419.76493382454
Epoch [2090001/10000001], Loss: 17.515872955322266
total time is  9460.52526974678
Epoch [2100001/10000001], Loss: 17.50231170654297
total time is  9501.412435054779
Epoch [2110001/10000001], Loss: 17.489002227783203
total time is  9542.489117145538
Epoch [2120001/10000001], Loss: 17.475444793701172
total time is  9582.816168546677
Epoch [2130001/10000001], Loss: 17.462066650390625
total time is  9624.119450092316
Epoch [2140001/10000001], Loss: 17.448528289794922
total time is  9665.000579357147
Epoch [2150001/10000001], Loss: 17.435148239135742
total time is  9705.69569182396
Epoch [2160001/10000001], Loss: 17.421844482421875
total time is  9746.496626615524
Epoch [2170001/10000001], Loss: 17.4084415435791
total time is  9787.516228437424
Epoch [2180001/10000001], Loss: 17.39535903930664
total time is  9828.262281656265
Epoch [2190001/10000001], Loss: 17.381778717041016
total time is  9869.229544639587
Epoch [2200001/10000001], Loss: 17.36861228942871
total time is  9910.22004699707
Epoch [2210001/10000001], Loss: 17.355213165283203
total time is  9951.044253110886
Epoch [2220001/10000001], Loss: 17.342174530029297
total time is  9992.140118598938
Epoch [2230001/10000001], Loss: 17.328845977783203
total time is  10033.163275957108
Epoch [2240001/10000001], Loss: 17.316085815429688
total time is  10074.041193246841
Epoch [2250001/10000001], Loss: 17.302854537963867
total time is  10115.186317682266
Epoch [2260001/10000001], Loss: 17.28970718383789
total time is  10156.537011861801
Epoch [2270001/10000001], Loss: 17.276535034179688
total time is  10197.554008960724
Epoch [2280001/10000001], Loss: 17.26371192932129
total time is  10238.871151208878
Epoch [2290001/10000001], Loss: 17.250457763671875
total time is  10279.965203046799
Epoch [2300001/10000001], Loss: 17.23735809326172
total time is  10320.997522354126
Epoch [2310001/10000001], Loss: 17.224592208862305
total time is  10362.26627111435
Epoch [2320001/10000001], Loss: 17.211517333984375
total time is  10403.372233629227
Epoch [2330001/10000001], Loss: 17.198795318603516
total time is  10444.362893819809
Epoch [2340001/10000001], Loss: 17.18577766418457
total time is  10485.79254579544
Epoch [2350001/10000001], Loss: 17.173032760620117
total time is  10526.80779838562
Epoch [2360001/10000001], Loss: 17.16012191772461
total time is  10568.048074960709
Epoch [2370001/10000001], Loss: 17.147327423095703
total time is  10609.144757509232
Epoch [2380001/10000001], Loss: 17.134489059448242
total time is  10650.606255531311
Epoch [2390001/10000001], Loss: 17.12176513671875
total time is  10692.090725660324
Epoch [2400001/10000001], Loss: 17.10883331298828
total time is  10733.500091791153
Epoch [2410001/10000001], Loss: 17.096416473388672
total time is  10774.194274425507
Epoch [2420001/10000001], Loss: 17.083593368530273
total time is  10815.98726439476
Epoch [2430001/10000001], Loss: 17.070724487304688
total time is  10857.275788545609
Epoch [2440001/10000001], Loss: 17.058425903320312
total time is  10898.859701633453
Epoch [2450001/10000001], Loss: 17.04558563232422
total time is  10940.464981555939
Epoch [2460001/10000001], Loss: 17.033187866210938
total time is  10982.076339960098
Epoch [2470001/10000001], Loss: 17.02059555053711
total time is  11023.29842710495
Epoch [2480001/10000001], Loss: 17.007911682128906
total time is  11065.395277023315
Epoch [2490001/10000001], Loss: 16.99530792236328
total time is  11106.7095952034
Epoch [2500001/10000001], Loss: 16.983062744140625
total time is  11148.220444440842
Epoch [2510001/10000001], Loss: 16.970413208007812
total time is  11190.312173366547
Epoch [2520001/10000001], Loss: 16.958086013793945
total time is  11231.87263250351
Epoch [2530001/10000001], Loss: 16.945741653442383
total time is  11273.799778223038
Epoch [2540001/10000001], Loss: 16.93312644958496
total time is  11315.570544481277
Epoch [2550001/10000001], Loss: 16.920814514160156
total time is  11357.23392534256
Epoch [2560001/10000001], Loss: 16.90838623046875
total time is  11399.411463737488
Epoch [2570001/10000001], Loss: 16.896080017089844
total time is  11441.341800928116
Epoch [2580001/10000001], Loss: 16.883747100830078
total time is  11482.97277021408
Epoch [2590001/10000001], Loss: 16.871313095092773
total time is  11525.057645559311
Epoch [2600001/10000001], Loss: 16.859203338623047
total time is  11567.188475608826
Epoch [2610001/10000001], Loss: 16.847068786621094
total time is  11609.579846143723
Epoch [2620001/10000001], Loss: 16.834732055664062
total time is  11652.604077100754
Epoch [2630001/10000001], Loss: 16.8223934173584
total time is  11695.028158187866
Epoch [2640001/10000001], Loss: 16.810224533081055
total time is  11744.018576860428
Epoch [2650001/10000001], Loss: 16.7981014251709
total time is  11783.563987493515
Epoch [2660001/10000001], Loss: 16.785518646240234
total time is  11825.692384719849
Epoch [2670001/10000001], Loss: 16.773326873779297
total time is  11867.801800012589
Epoch [2680001/10000001], Loss: 16.761375427246094
total time is  11910.132364034653
Epoch [2690001/10000001], Loss: 16.749414443969727
total time is  11951.999615907669
Epoch [2700001/10000001], Loss: 16.737239837646484
total time is  11994.158563375473
Epoch [2710001/10000001], Loss: 16.725139617919922
total time is  12036.117449045181
Epoch [2720001/10000001], Loss: 16.71298599243164
total time is  12078.026484489441
Epoch [2730001/10000001], Loss: 16.701047897338867
total time is  12120.539801597595
Epoch [2740001/10000001], Loss: 16.689105987548828
total time is  12162.487215518951
Epoch [2750001/10000001], Loss: 16.676891326904297
total time is  12204.99330163002
Epoch [2760001/10000001], Loss: 16.665138244628906
total time is  12247.198315382004
Epoch [2770001/10000001], Loss: 16.653005599975586
total time is  12289.085469961166
Epoch [2780001/10000001], Loss: 16.6411075592041
total time is  12331.723926782608
Epoch [2790001/10000001], Loss: 16.62911605834961
total time is  12373.949730873108
Epoch [2800001/10000001], Loss: 16.617334365844727
total time is  12416.06567144394
Epoch [2810001/10000001], Loss: 16.60549545288086
total time is  12458.655012369156
Epoch [2820001/10000001], Loss: 16.593685150146484
total time is  12500.942058086395
Epoch [2830001/10000001], Loss: 16.581680297851562
total time is  12543.657682180405
Epoch [2840001/10000001], Loss: 16.56991958618164
total time is  12585.739393949509
Epoch [2850001/10000001], Loss: 16.557939529418945
total time is  12628.217335939407
Epoch [2860001/10000001], Loss: 16.54637336730957
total time is  12670.349591255188
Epoch [2870001/10000001], Loss: 16.534404754638672
total time is  12713.16141629219
Epoch [2880001/10000001], Loss: 16.52280044555664
total time is  12755.276195764542
Epoch [2890001/10000001], Loss: 16.51131248474121
total time is  12797.679163694382
Epoch [2900001/10000001], Loss: 16.499732971191406
total time is  12840.569007635117
Epoch [2910001/10000001], Loss: 16.487571716308594
total time is  12882.708609342575
Epoch [2920001/10000001], Loss: 16.476154327392578
total time is  12924.981011867523
Epoch [2930001/10000001], Loss: 16.46448516845703
total time is  12967.844009637833
Epoch [2940001/10000001], Loss: 16.453426361083984
total time is  13010.184973716736
Epoch [2950001/10000001], Loss: 16.441503524780273
total time is  13053.244364261627
Epoch [2960001/10000001], Loss: 16.4296932220459
total time is  13095.565035104752
Epoch [2970001/10000001], Loss: 16.418079376220703
total time is  13138.34041762352
Epoch [2980001/10000001], Loss: 16.40671157836914
total time is  13181.019231796265
Epoch [2990001/10000001], Loss: 16.394899368286133
total time is  13223.411397457123
Epoch [3000001/10000001], Loss: 16.383705139160156
total time is  13266.271801948547
Epoch [3010001/10000001], Loss: 16.372146606445312
total time is  13308.740020990372
Epoch [3020001/10000001], Loss: 16.360782623291016
total time is  13351.682537078857
Epoch [3030001/10000001], Loss: 16.349159240722656
total time is  13394.546883821487
Epoch [3040001/10000001], Loss: 16.337635040283203
total time is  13437.047280311584
Epoch [3050001/10000001], Loss: 16.326217651367188
total time is  13479.956447839737
Epoch [3060001/10000001], Loss: 16.315032958984375
total time is  13522.99153470993
Epoch [3070001/10000001], Loss: 16.303726196289062
total time is  13565.544262170792
Epoch [3080001/10000001], Loss: 16.291975021362305
total time is  13609.042954683304
Epoch [3090001/10000001], Loss: 16.280704498291016
total time is  13652.266620635986
Epoch [3100001/10000001], Loss: 16.26932144165039
total time is  13695.610818624496
Epoch [3110001/10000001], Loss: 16.257776260375977
total time is  13738.533566474915
Epoch [3120001/10000001], Loss: 16.246585845947266
total time is  13781.488347768784
Epoch [3130001/10000001], Loss: 16.235130310058594
total time is  13824.675883054733
Epoch [3140001/10000001], Loss: 16.223663330078125
total time is  13867.415241241455
Epoch [3150001/10000001], Loss: 16.212608337402344
total time is  13910.81960773468
Epoch [3160001/10000001], Loss: 16.201068878173828
total time is  13953.614924669266
Epoch [3170001/10000001], Loss: 16.190093994140625
total time is  13997.14557003975
Epoch [3180001/10000001], Loss: 16.178787231445312
total time is  14039.938113689423
Epoch [3190001/10000001], Loss: 16.167585372924805
total time is  14083.532993555069
Epoch [3200001/10000001], Loss: 16.15627670288086
total time is  14127.113643407822
Epoch [3210001/10000001], Loss: 16.144779205322266
total time is  14169.948232889175
Epoch [3220001/10000001], Loss: 16.133766174316406
total time is  14213.639071464539
Epoch [3230001/10000001], Loss: 16.12234878540039
total time is  14257.28661942482
Epoch [3240001/10000001], Loss: 16.111026763916016
total time is  14300.675561189651
Epoch [3250001/10000001], Loss: 16.099870681762695
total time is  14344.393415212631
Epoch [3260001/10000001], Loss: 16.088581085205078
total time is  14387.649070501328
Epoch [3270001/10000001], Loss: 16.077348709106445
total time is  14431.44515299797
Epoch [3280001/10000001], Loss: 16.06643295288086
total time is  14475.204075813293
Epoch [3290001/10000001], Loss: 16.055099487304688
total time is  14518.482000350952
Epoch [3300001/10000001], Loss: 16.04376220703125
total time is  14562.605345010757
Epoch [3310001/10000001], Loss: 16.03264045715332
total time is  14606.009576559067
Epoch [3320001/10000001], Loss: 16.021739959716797
total time is  14649.842888116837
Epoch [3330001/10000001], Loss: 16.01040267944336
total time is  14693.256120443344
Epoch [3340001/10000001], Loss: 15.999573707580566
total time is  14737.14385509491
Epoch [3350001/10000001], Loss: 15.988482475280762
total time is  14781.298384904861
Epoch [3360001/10000001], Loss: 15.97724723815918
total time is  14825.08749127388
Epoch [3370001/10000001], Loss: 15.96624755859375
total time is  14869.515305757523
Epoch [3380001/10000001], Loss: 15.95525074005127
total time is  14925.311440229416
Epoch [3390001/10000001], Loss: 15.94420051574707
total time is  14970.401033639908
Epoch [3400001/10000001], Loss: 15.933099746704102
total time is  15014.33857345581
Epoch [3410001/10000001], Loss: 15.92249870300293
total time is  15058.598467826843
Epoch [3420001/10000001], Loss: 15.911213874816895
total time is  15101.924113035202
Epoch [3430001/10000001], Loss: 15.900562286376953
total time is  15145.801623344421
Epoch [3440001/10000001], Loss: 15.889646530151367
total time is  15190.11633014679
Epoch [3450001/10000001], Loss: 15.878734588623047
total time is  15233.678056955338
Epoch [3460001/10000001], Loss: 15.86773681640625
total time is  15277.7475066185
Epoch [3470001/10000001], Loss: 15.856922149658203
total time is  15321.497239589691
Epoch [3480001/10000001], Loss: 15.846026420593262
total time is  15365.55422592163
Epoch [3490001/10000001], Loss: 15.835208892822266
total time is  15409.525658607483
Epoch [3500001/10000001], Loss: 15.82450008392334
total time is  15453.28202009201
Epoch [3510001/10000001], Loss: 15.814013481140137
total time is  15497.67003273964
Epoch [3520001/10000001], Loss: 15.802722930908203
total time is  15541.713087320328
Epoch [3530001/10000001], Loss: 15.791845321655273
total time is  15585.88395190239
Epoch [3540001/10000001], Loss: 15.781169891357422
total time is  15629.422234773636
Epoch [3550001/10000001], Loss: 15.770406723022461
total time is  15673.802719593048
Epoch [3560001/10000001], Loss: 15.759714126586914
total time is  15718.11110830307
Epoch [3570001/10000001], Loss: 15.74905014038086
total time is  15762.60131764412
Epoch [3580001/10000001], Loss: 15.738468170166016
total time is  15806.622746229172
Epoch [3590001/10000001], Loss: 15.727476119995117
total time is  15850.931797266006
Epoch [3600001/10000001], Loss: 15.716997146606445
total time is  15895.358480930328
Epoch [3610001/10000001], Loss: 15.7063627243042
total time is  15939.557604789734
Epoch [3620001/10000001], Loss: 15.695667266845703
total time is  15983.674680709839
Epoch [3630001/10000001], Loss: 15.685079574584961
total time is  16028.160919427872
Epoch [3640001/10000001], Loss: 15.674755096435547
total time is  16072.095298290253
Epoch [3650001/10000001], Loss: 15.664325714111328
total time is  16116.486090660095
Epoch [3660001/10000001], Loss: 15.653539657592773
total time is  16160.736063957214
Epoch [3670001/10000001], Loss: 15.643411636352539
total time is  16205.15217089653
Epoch [3680001/10000001], Loss: 15.633077621459961
total time is  16249.741714477539
Epoch [3690001/10000001], Loss: 15.622220039367676
total time is  16293.352988958359
Epoch [3700001/10000001], Loss: 15.61178970336914
total time is  16338.174801111221
Epoch [3710001/10000001], Loss: 15.601806640625
total time is  16382.987053632736
Epoch [3720001/10000001], Loss: 15.59107780456543
total time is  16427.578350543976
Epoch [3730001/10000001], Loss: 15.580608367919922
total time is  16472.425038576126
Epoch [3740001/10000001], Loss: 15.57023811340332
total time is  16516.379122257233
Epoch [3750001/10000001], Loss: 15.559798240661621
total time is  16561.20836210251
Epoch [3760001/10000001], Loss: 15.549936294555664
total time is  16606.057582378387
Epoch [3770001/10000001], Loss: 15.539196014404297
total time is  16650.093204021454
Epoch [3780001/10000001], Loss: 15.529114723205566
total time is  16694.90624690056
Epoch [3790001/10000001], Loss: 15.518678665161133
total time is  16739.62410712242
Epoch [3800001/10000001], Loss: 15.508548736572266
total time is  16784.29956316948
Epoch [3810001/10000001], Loss: 15.49825382232666
total time is  16829.141921043396
Epoch [3820001/10000001], Loss: 15.488081932067871
total time is  16873.4078271389
Epoch [3830001/10000001], Loss: 15.477701187133789
total time is  16918.20820426941
Epoch [3840001/10000001], Loss: 15.467413902282715
total time is  16963.20854663849
Epoch [3850001/10000001], Loss: 15.457212448120117
total time is  17007.951073884964
Epoch [3860001/10000001], Loss: 15.44699764251709
total time is  17053.057171344757
Epoch [3870001/10000001], Loss: 15.436849594116211
total time is  17097.352113723755
Epoch [3880001/10000001], Loss: 15.426874160766602
total time is  17142.416707277298
Epoch [3890001/10000001], Loss: 15.416698455810547
total time is  17187.33005809784
Epoch [3900001/10000001], Loss: 15.406556129455566
total time is  17232.250145435333
Epoch [3910001/10000001], Loss: 15.396167755126953
total time is  17276.866837739944
Epoch [3920001/10000001], Loss: 15.386190414428711
total time is  17321.753412246704
Epoch [3930001/10000001], Loss: 15.376005172729492
total time is  17366.80611681938
Epoch [3940001/10000001], Loss: 15.365795135498047
total time is  17411.67809677124
Epoch [3950001/10000001], Loss: 15.355745315551758
total time is  17456.60865688324
Epoch [3960001/10000001], Loss: 15.34557056427002
total time is  17501.684489250183
Epoch [3970001/10000001], Loss: 15.335861206054688
total time is  17546.314913988113
Epoch [3980001/10000001], Loss: 15.325668334960938
total time is  17591.434086561203
Epoch [3990001/10000001], Loss: 15.315801620483398
total time is  17636.455044984818
Epoch [4000001/10000001], Loss: 15.305754661560059
total time is  17680.969806194305
Epoch [4010001/10000001], Loss: 15.295549392700195
total time is  17725.956894159317
Epoch [4020001/10000001], Loss: 15.285526275634766
total time is  17771.152025461197
Epoch [4030001/10000001], Loss: 15.27590560913086
total time is  17815.794466257095
Epoch [4040001/10000001], Loss: 15.265678405761719
total time is  17860.776413202286
Epoch [4050001/10000001], Loss: 15.255796432495117
total time is  17905.90080332756
Epoch [4060001/10000001], Loss: 15.245993614196777
total time is  17951.401612997055
Epoch [4070001/10000001], Loss: 15.235970497131348
total time is  17996.59700679779
Epoch [4080001/10000001], Loss: 15.226512908935547
total time is  18042.226789712906
Epoch [4090001/10000001], Loss: 15.216588020324707
total time is  18083.939866304398
Epoch [4100001/10000001], Loss: 15.206686973571777
total time is  18128.397445201874
Epoch [4110001/10000001], Loss: 15.197046279907227
total time is  18173.99646091461
Epoch [4120001/10000001], Loss: 15.187262535095215
total time is  18219.282118082047
Epoch [4130001/10000001], Loss: 15.177413940429688
total time is  18264.41658115387
Epoch [4140001/10000001], Loss: 15.167608261108398
total time is  18310.168398857117
Epoch [4150001/10000001], Loss: 15.158041000366211
total time is  18355.277018547058
Epoch [4160001/10000001], Loss: 15.148226737976074
total time is  18400.79735827446
Epoch [4170001/10000001], Loss: 15.138500213623047
total time is  18445.56295132637
Epoch [4180001/10000001], Loss: 15.129289627075195
total time is  18491.11330795288
Epoch [4190001/10000001], Loss: 15.119483947753906
total time is  18536.32099032402
Epoch [4200001/10000001], Loss: 15.109627723693848
total time is  18581.888875484467
Epoch [4210001/10000001], Loss: 15.100261688232422
total time is  18627.684660196304
Epoch [4220001/10000001], Loss: 15.091019630432129
total time is  18672.706334114075
Epoch [4230001/10000001], Loss: 15.080961227416992
total time is  18718.176005363464
Epoch [4240001/10000001], Loss: 15.071793556213379
total time is  18763.8551697731
Epoch [4250001/10000001], Loss: 15.061912536621094
total time is  18809.411156892776
Epoch [4260001/10000001], Loss: 15.052421569824219
total time is  18855.050571918488
Epoch [4270001/10000001], Loss: 15.04293441772461
total time is  18900.351273298264
Epoch [4280001/10000001], Loss: 15.033190727233887
total time is  18945.996516942978
Epoch [4290001/10000001], Loss: 15.02377986907959
total time is  18991.75076508522
Epoch [4300001/10000001], Loss: 15.014439582824707
total time is  19037.308301448822
Epoch [4310001/10000001], Loss: 15.004903793334961
total time is  19083.080822229385
Epoch [4320001/10000001], Loss: 14.995404243469238
total time is  19128.76856803894
Epoch [4330001/10000001], Loss: 14.98602294921875
total time is  19173.619924545288
Epoch [4340001/10000001], Loss: 14.976522445678711
total time is  19219.282767534256
Epoch [4350001/10000001], Loss: 14.967144012451172
total time is  19264.829963207245
Epoch [4360001/10000001], Loss: 14.957792282104492
total time is  19310.662043571472
Epoch [4370001/10000001], Loss: 14.948249816894531
total time is  19356.600428581238
Epoch [4380001/10000001], Loss: 14.939083099365234
total time is  19402.30672621727
Epoch [4390001/10000001], Loss: 14.929789543151855
total time is  19448.094655752182
Epoch [4400001/10000001], Loss: 14.920635223388672
total time is  19493.80298924446
Epoch [4410001/10000001], Loss: 14.911591529846191
total time is  19539.188007593155
Epoch [4420001/10000001], Loss: 14.902276992797852
total time is  19585.733122587204
Epoch [4430001/10000001], Loss: 14.893243789672852
total time is  19631.046479701996
Epoch [4440001/10000001], Loss: 14.883926391601562
total time is  19677.239183664322
Epoch [4450001/10000001], Loss: 14.874983787536621
total time is  19722.902004480362
Epoch [4460001/10000001], Loss: 14.866146087646484
total time is  19768.911135196686
Epoch [4470001/10000001], Loss: 14.856689453125
total time is  19812.43473315239
Epoch [4480001/10000001], Loss: 14.847963333129883
total time is  19858.512048482895
Epoch [4490001/10000001], Loss: 14.838964462280273
total time is  19904.602236509323
Epoch [4500001/10000001], Loss: 14.829975128173828
total time is  19950.483474493027
Epoch [4510001/10000001], Loss: 14.820968627929688
total time is  19995.78993654251
Epoch [4520001/10000001], Loss: 14.81142807006836
total time is  20042.18398118019
Epoch [4530001/10000001], Loss: 14.802655220031738
total time is  20089.154975414276
Epoch [4540001/10000001], Loss: 14.79365348815918
total time is  20148.329159498215
Epoch [4550001/10000001], Loss: 14.784449577331543
total time is  20194.935330867767
Epoch [4560001/10000001], Loss: 14.775897979736328
total time is  20241.45998430252
Epoch [4570001/10000001], Loss: 14.766707420349121
total time is  20287.77850174904
Epoch [4580001/10000001], Loss: 14.757655143737793
total time is  20335.390263557434
Epoch [4590001/10000001], Loss: 14.748820304870605
total time is  20383.74141383171
Epoch [4600001/10000001], Loss: 14.740240097045898
total time is  20435.49226307869
Epoch [4610001/10000001], Loss: 14.73086166381836
total time is  20484.886388778687
Epoch [4620001/10000001], Loss: 14.72214126586914
total time is  20531.505267858505
Epoch [4630001/10000001], Loss: 14.71326732635498
total time is  20578.030696630478
Epoch [4640001/10000001], Loss: 14.70421028137207
total time is  20624.86678481102
Epoch [4650001/10000001], Loss: 14.69537353515625
total time is  20671.730458021164
Epoch [4660001/10000001], Loss: 14.686601638793945
total time is  20718.60219502449
Epoch [4670001/10000001], Loss: 14.677497863769531
total time is  20765.621816158295
Epoch [4680001/10000001], Loss: 14.668952941894531
total time is  20812.439982175827
Epoch [4690001/10000001], Loss: 14.65971565246582
total time is  20858.81621146202
Epoch [4700001/10000001], Loss: 14.650774002075195
total time is  20905.484461307526
Epoch [4710001/10000001], Loss: 14.64174747467041
total time is  20951.806076288223
Epoch [4720001/10000001], Loss: 14.633382797241211
total time is  20998.379309892654
Epoch [4730001/10000001], Loss: 14.624225616455078
total time is  21045.03756928444
Epoch [4740001/10000001], Loss: 14.615571975708008
total time is  21091.407977819443
Epoch [4750001/10000001], Loss: 14.606678009033203
total time is  21138.004219532013
Epoch [4760001/10000001], Loss: 14.597646713256836
total time is  21184.255566596985
Epoch [4770001/10000001], Loss: 14.589073181152344
total time is  21230.902170181274
Epoch [4780001/10000001], Loss: 14.580093383789062
total time is  21277.56022143364
Epoch [4790001/10000001], Loss: 14.571467399597168
total time is  21324.42440056801
Epoch [4800001/10000001], Loss: 14.56274700164795
total time is  21371.261065483093
Epoch [4810001/10000001], Loss: 14.55384349822998
total time is  21418.02174282074
Epoch [4820001/10000001], Loss: 14.545166015625
total time is  21464.65376019478
Epoch [4830001/10000001], Loss: 14.536205291748047
total time is  21511.466749191284
Epoch [4840001/10000001], Loss: 14.527531623840332
total time is  21558.29323029518
Epoch [4850001/10000001], Loss: 14.519010543823242
total time is  21605.070132255554
Epoch [4860001/10000001], Loss: 14.510403633117676
total time is  21651.137897491455
Epoch [4870001/10000001], Loss: 14.501470565795898
total time is  21698.02924323082
Epoch [4880001/10000001], Loss: 14.492837905883789
total time is  21744.816294670105
Epoch [4890001/10000001], Loss: 14.484224319458008
total time is  21791.73977279663
Epoch [4900001/10000001], Loss: 14.475395202636719
total time is  21838.83880329132
Epoch [4910001/10000001], Loss: 14.466856002807617
total time is  21886.584762096405
Epoch [4920001/10000001], Loss: 14.458118438720703
total time is  21933.000187397003
Epoch [4930001/10000001], Loss: 14.449649810791016
total time is  21980.756593465805
Epoch [4940001/10000001], Loss: 14.440811157226562
total time is  22027.636206388474
Epoch [4950001/10000001], Loss: 14.432144165039062
total time is  22073.86264538765
Epoch [4960001/10000001], Loss: 14.42355728149414
total time is  22120.766704559326
Epoch [4970001/10000001], Loss: 14.41494369506836
total time is  22168.046317577362
Epoch [4980001/10000001], Loss: 14.406560897827148
total time is  22215.632751464844
Epoch [4990001/10000001], Loss: 14.397680282592773
total time is  22262.71955227852
Epoch [5000001/10000001], Loss: 14.389415740966797
total time is  22309.753470420837
Epoch [5010001/10000001], Loss: 14.380575180053711
total time is  22356.951687812805
Epoch [5020001/10000001], Loss: 14.372066497802734
total time is  22404.292040348053
Epoch [5030001/10000001], Loss: 14.363433837890625
total time is  22451.218673944473
Epoch [5040001/10000001], Loss: 14.354974746704102
total time is  22496.009347438812
Epoch [5050001/10000001], Loss: 14.346924781799316
total time is  22543.13238286972
Epoch [5060001/10000001], Loss: 14.338486671447754
total time is  22590.43697333336
Epoch [5070001/10000001], Loss: 14.33016586303711
total time is  22637.67492699623
Epoch [5080001/10000001], Loss: 14.32237434387207
total time is  22684.94921541214
Epoch [5090001/10000001], Loss: 14.313743591308594
total time is  22732.239637613297
Epoch [5100001/10000001], Loss: 14.305587768554688
total time is  22778.301634073257
Epoch [5110001/10000001], Loss: 14.297531127929688
total time is  22820.084091186523
Epoch [5120001/10000001], Loss: 14.289363861083984
total time is  22867.468598127365
Epoch [5130001/10000001], Loss: 14.281322479248047
total time is  22914.495541334152
Epoch [5140001/10000001], Loss: 14.273090362548828
total time is  22961.92680668831
Epoch [5150001/10000001], Loss: 14.264975547790527
total time is  23010.13608121872
Epoch [5160001/10000001], Loss: 14.256902694702148
total time is  23055.85810804367
Epoch [5170001/10000001], Loss: 14.248584747314453
total time is  23103.064561128616
Epoch [5180001/10000001], Loss: 14.240737915039062
total time is  23149.522921323776
Epoch [5190001/10000001], Loss: 14.232754707336426
total time is  23197.208673000336
Epoch [5200001/10000001], Loss: 14.224418640136719
total time is  23244.69933986664
Epoch [5210001/10000001], Loss: 14.216459274291992
total time is  23292.849498033524
Epoch [5220001/10000001], Loss: 14.208413124084473
total time is  23340.483528137207
Epoch [5230001/10000001], Loss: 14.200374603271484
total time is  23388.624822616577
Epoch [5240001/10000001], Loss: 14.192599296569824
total time is  23436.560168266296
Epoch [5250001/10000001], Loss: 14.18445873260498
total time is  23484.285400152206
Epoch [5260001/10000001], Loss: 14.176462173461914
total time is  23532.295378923416
Epoch [5270001/10000001], Loss: 14.168750762939453
total time is  23580.50731229782
Epoch [5280001/10000001], Loss: 14.160335540771484
total time is  23628.28665804863
Epoch [5290001/10000001], Loss: 14.152783393859863
total time is  23676.228217840195
Epoch [5300001/10000001], Loss: 14.144493103027344
total time is  23723.974929094315
Epoch [5310001/10000001], Loss: 14.136577606201172
total time is  23772.692217826843
Epoch [5320001/10000001], Loss: 14.12873649597168
total time is  23821.222355365753
Epoch [5330001/10000001], Loss: 14.120878219604492
total time is  23869.341002702713
Epoch [5340001/10000001], Loss: 14.113192558288574
total time is  23917.787148714066
Epoch [5350001/10000001], Loss: 14.1052827835083
total time is  23966.255429267883
Epoch [5360001/10000001], Loss: 14.097504615783691
total time is  24005.071274518967
Epoch [5370001/10000001], Loss: 14.089527130126953
total time is  24054.21863937378
Epoch [5380001/10000001], Loss: 14.081818580627441
total time is  24101.947289943695
Epoch [5390001/10000001], Loss: 14.074190139770508
total time is  24152.216337919235
Epoch [5400001/10000001], Loss: 14.066285133361816
total time is  24200.502551317215
Epoch [5410001/10000001], Loss: 14.058643341064453
total time is  24250.085412740707
Epoch [5420001/10000001], Loss: 14.050739288330078
total time is  24298.4444668293
Epoch [5430001/10000001], Loss: 14.04298210144043
total time is  24347.91731071472
Epoch [5440001/10000001], Loss: 14.035384178161621
total time is  24398.99523472786
